Log file open, 01/22/22 13:14:13
LogWindows: Failed to load 'aqProf.dll' (GetLastError=126)
LogWindows: File 'aqProf.dll' does not exist
LogWindows: Failed to load 'VtuneApi.dll' (GetLastError=126)
LogWindows: File 'VtuneApi.dll' does not exist
LogWindows: Failed to load 'VtuneApi32e.dll' (GetLastError=126)
LogWindows: File 'VtuneApi32e.dll' does not exist
LogConsoleResponse: Display: Failed to find resolution value strings in scalability ini. Falling back to default.
LogConsoleResponse: Display: Failed to find resolution value strings in scalability ini. Falling back to default.
LogInit: Display: Running engine for game: ForceDupe
LogPlatformFile: Not using cached read wrapper
LogTaskGraph: Started task graph with 5 named threads and 59 total threads with 3 sets of task threads.
LogStats: Stats thread started at 0.226730
LogICUInternationalization: ICU TimeZone Detection - Raw Offset: -5:00, Platform Override: ''
LogInit: Display: Loading text-based GConfig....
LogPluginManager: Mounting plugin MeshPainting
LogPluginManager: Mounting plugin XGEController
LogPluginManager: Mounting plugin Paper2D
LogPluginManager: Mounting plugin LightPropagationVolume
LogPluginManager: Mounting plugin EnvironmentQueryEditor
LogPluginManager: Mounting plugin AISupport
LogPluginManager: Mounting plugin LiveLink
LogPluginManager: Mounting plugin CameraShakePreviewer
LogPluginManager: Mounting plugin GameplayCameras
LogPluginManager: Mounting plugin OodleData
LogPluginManager: Mounting plugin OodleNetwork
LogPluginManager: Mounting plugin AnimationSharing
LogPluginManager: Mounting plugin CLionSourceCodeAccess
LogPluginManager: Mounting plugin CodeLiteSourceCodeAccess
LogPluginManager: Mounting plugin NullSourceCodeAccess
LogPluginManager: Mounting plugin PixWinPlugin
LogPluginManager: Mounting plugin PlasticSourceControl
LogPluginManager: Mounting plugin PerforceSourceControl
LogPluginManager: Mounting plugin PropertyAccessNode
LogPluginManager: Mounting plugin PluginUtils
LogPluginManager: Mounting plugin KDevelopSourceCodeAccess
LogPluginManager: Mounting plugin RiderSourceCodeAccess
LogPluginManager: Mounting plugin GitSourceControl
LogPluginManager: Mounting plugin TextureFormatOodle
LogPluginManager: Mounting plugin SubversionSourceControl
LogPluginManager: Mounting plugin AssetManagerEditor
LogPluginManager: Mounting plugin UObjectPlugin
LogPluginManager: Mounting plugin VisualStudioCodeSourceCodeAccess
LogPluginManager: Mounting plugin XCodeSourceCodeAccess
LogPluginManager: Mounting plugin VisualStudioSourceCodeAccess
LogPluginManager: Mounting plugin CryptoKeys
LogPluginManager: Mounting plugin CurveEditorTools
LogPluginManager: Mounting plugin DataValidation
LogPluginManager: Mounting plugin DatasmithContent
LogPluginManager: Mounting plugin FacialAnimation
LogPluginManager: Mounting plugin GeometryMode
LogPluginManager: Mounting plugin MacGraphicsSwitching
LogPluginManager: Mounting plugin GameplayTagsEditor
LogPluginManager: Mounting plugin MaterialAnalyzer
LogPluginManager: Mounting plugin MobileLauncherProfileWizard
LogPluginManager: Mounting plugin PluginBrowser
LogPluginManager: Mounting plugin SpeedTreeImporter
LogPluginManager: Mounting plugin VariantManagerContent
LogPluginManager: Mounting plugin AlembicImporter
LogPluginManager: Mounting plugin AutomationUtils
LogPluginManager: Mounting plugin BackChannel
LogPluginManager: Mounting plugin ChaosCloth
LogPluginManager: Mounting plugin ChaosEditor
LogPluginManager: Mounting plugin ChaosClothEditor
LogPluginManager: Mounting plugin ChaosNiagara
LogPluginManager: Mounting plugin ChaosSolverPlugin
LogPluginManager: Mounting plugin CharacterAI
LogPluginManager: Mounting plugin Niagara
LogPluginManager: Mounting plugin GeometryCache
LogPluginManager: Mounting plugin GeometryCollectionPlugin
LogPluginManager: Mounting plugin GeometryProcessing
LogPluginManager: Mounting plugin MotoSynth
LogPluginManager: Mounting plugin OpenImageDenoise
LogPluginManager: Mounting plugin PlanarCut
LogPluginManager: Mounting plugin PlatformCrypto
LogPluginManager: Mounting plugin ProxyLODPlugin
LogPluginManager: Mounting plugin LuminPlatformFeatures
LogPluginManager: Mounting plugin PythonScriptPlugin
LogPluginManager: Mounting plugin MagicLeap
LogPluginManager: Mounting plugin SkeletalReduction
LogPluginManager: Mounting plugin MagicLeapLightEstimation
LogPluginManager: Mounting plugin MagicLeapMedia
LogPluginManager: Mounting plugin MagicLeapPassableWorld
LogPluginManager: Mounting plugin MLSDK
LogPluginManager: Mounting plugin AndroidMedia
LogPluginManager: Mounting plugin AvfMedia
LogPluginManager: Mounting plugin ImgMedia
LogPluginManager: Mounting plugin TcpMessaging
LogPluginManager: Mounting plugin UdpMessaging
LogPluginManager: Mounting plugin MediaCompositing
LogPluginManager: Mounting plugin MediaPlayerEditor
LogPluginManager: Mounting plugin WebMMedia
LogPluginManager: Mounting plugin WmfMedia
LogPluginManager: Mounting plugin ActorSequence
LogPluginManager: Mounting plugin LauncherChunkInstaller
LogPluginManager: Mounting plugin LevelSequenceEditor
LogPluginManager: Mounting plugin MatineeToLevelSequence
LogPluginManager: Mounting plugin TemplateSequence
LogPluginManager: Mounting plugin ActorLayerUtilities
LogPluginManager: Mounting plugin OnlineSubsystem
LogPluginManager: Mounting plugin AndroidDeviceProfileSelector
LogPluginManager: Mounting plugin OnlineSubsystemNull
LogPluginManager: Mounting plugin AndroidMoviePlayer
LogPluginManager: Mounting plugin AndroidPermission
LogPluginManager: Mounting plugin OnlineSubsystemUtils
LogPluginManager: Mounting plugin AppleMoviePlayer
LogPluginManager: Mounting plugin AppleImageUtils
LogPluginManager: Mounting plugin ArchVisCharacter
LogPluginManager: Mounting plugin AssetTags
LogPluginManager: Mounting plugin AudioCapture
LogPluginManager: Mounting plugin AudioSynesthesia
LogPluginManager: Mounting plugin CableComponent
LogPluginManager: Mounting plugin ChunkDownloader
LogPluginManager: Mounting plugin CustomMeshComponent
LogPluginManager: Mounting plugin ExampleDeviceProfileSelector
LogPluginManager: Mounting plugin EditableMesh
LogPluginManager: Mounting plugin GoogleCloudMessaging
LogPluginManager: Mounting plugin GooglePAD
LogPluginManager: Mounting plugin IOSDeviceProfileSelector
LogPluginManager: Mounting plugin LinuxDeviceProfileSelector
LogPluginManager: Mounting plugin LocationServicesBPLibrary
LogPluginManager: Mounting plugin MobilePatchingUtils
LogPluginManager: Mounting plugin ScreenshotTools
LogPluginManager: Mounting plugin OpenXR
LogPluginManager: Mounting plugin OpenXREyeTracker
LogPluginManager: Mounting plugin OpenXRHandTracking
LogPluginManager: Mounting plugin PhysXVehicles
LogPluginManager: Mounting plugin PostSplashScreen
LogPluginManager: Mounting plugin ProceduralMeshComponent
LogPluginManager: Mounting plugin PropertyAccessEditor
LogPluginManager: Mounting plugin RuntimePhysXCooking
LogPluginManager: Mounting plugin SignificanceManager
LogPluginManager: Mounting plugin SoundFields
LogPluginManager: Mounting plugin Synthesis
LogPluginManager: Mounting plugin WebMMoviePlayer
LogPluginManager: Mounting plugin WindowsMoviePlayer
LogPluginManager: Mounting plugin Takes
LogPluginManager: Mounting plugin ContentBrowserFileDataSource
LogPluginManager: Mounting plugin ContentBrowserAssetDataSource
LogPluginManager: Mounting plugin ContentBrowserClassDataSource
LogPluginManager: Mounting plugin OnlineSubsystemGooglePlay
LogPluginManager: Mounting plugin OnlineSubsystemIOS
LogPluginManager: Mounting plugin OculusVR
LogPluginManager: Mounting plugin SteamVR
PixWinPlugin: PIX capture plugin failed to initialize! Check that the process is launched from PIX.
LogInit: Using libcurl 7.55.1-DEV
LogInit:  - built for x86_64-pc-win32
LogInit:  - supports SSL with OpenSSL/1.1.1
LogInit:  - supports HTTP deflate (compression) using libz 1.2.8
LogInit:  - other features:
LogInit:      CURL_VERSION_SSL
LogInit:      CURL_VERSION_LIBZ
LogInit:      CURL_VERSION_IPV6
LogInit:      CURL_VERSION_ASYNCHDNS
LogInit:      CURL_VERSION_LARGEFILE
LogInit:      CURL_VERSION_IDN
LogInit:  CurlRequestOptions (configurable via config and command line):
LogInit:  - bVerifyPeer = true  - Libcurl will verify peer certificate
LogInit:  - bUseHttpProxy = false  - Libcurl will NOT use HTTP proxy
LogInit:  - bDontReuseConnections = false  - Libcurl will reuse connections
LogInit:  - MaxHostConnections = 16  - Libcurl will limit the number of connections to a host
LogInit:  - LocalHostAddr = Default
LogInit:  - BufferSize = 65536
LogOnline: OSS: Creating online subsystem instance for: NULL
LogInit: WinSock: version 1.1 (2.2), MaxSocks=32767, MaxUdp=65467
LogOnline: OSS: TryLoadSubsystemAndSetDefault: Loaded subsystem for module [NULL]
LogOculusPluginWrapper: OculusPlugin initialized successfully
LogHMD: Failed initializing OVRPlugin 1.59.0
LogInit: Build: ++UE4+Release-4.27-CL-18319896
LogInit: Engine Version: 4.27.2-18319896+++UE4+Release-4.27
LogInit: Compatible Engine Version: 4.27.0-17155196+++UE4+Release-4.27
LogInit: Net CL: 17155196
LogInit: OS: Windows 10 (Release 2009) (), CPU: Intel(R) Core(TM) i9-7900X CPU @ 3.30GHz, GPU: NVIDIA GeForce GTX 1080 Ti
LogInit: Compiled (64-bit): Nov 30 2021 07:12:08
LogInit: Compiled with Visual C++: 19.24.28315.00
LogInit: Build Configuration: Development
LogInit: Branch Name: ++UE4+Release-4.27
LogInit: Command Line:  -EpicPortal -epicusername=StuffedCanolli -epicuserid=9a061b5f6a6e4e3190685d7e2fee563d -epiclocale=en -epicsandboxid=ue
LogInit: Base Directory: D:/UE_4.27/Engine/Binaries/Win64/
LogInit: Allocator: TBB
LogInit: Installed Engine Build: 1
LogDevObjectVersion: Number of dev versions registered: 29
LogDevObjectVersion:   Dev-Blueprints (B0D832E4-1F89-4F0D-ACCF-7EB736FD4AA2): 10
LogDevObjectVersion:   Dev-Build (E1C64328-A22C-4D53-A36C-8E866417BD8C): 0
LogDevObjectVersion:   Dev-Core (375EC13C-06E4-48FB-B500-84F0262A717E): 4
LogDevObjectVersion:   Dev-Editor (E4B068ED-F494-42E9-A231-DA0B2E46BB41): 40
LogDevObjectVersion:   Dev-Framework (CFFC743F-43B0-4480-9391-14DF171D2073): 37
LogDevObjectVersion:   Dev-Mobile (B02B49B5-BB20-44E9-A304-32B752E40360): 3
LogDevObjectVersion:   Dev-Networking (A4E4105C-59A1-49B5-A7C5-40C4547EDFEE): 0
LogDevObjectVersion:   Dev-Online (39C831C9-5AE6-47DC-9A44-9C173E1C8E7C): 0
LogDevObjectVersion:   Dev-Physics (78F01B33-EBEA-4F98-B9B4-84EACCB95AA2): 14
LogDevObjectVersion:   Dev-Platform (6631380F-2D4D-43E0-8009-CF276956A95A): 0
LogDevObjectVersion:   Dev-Rendering (12F88B9F-8875-4AFC-A67C-D90C383ABD29): 45
LogDevObjectVersion:   Dev-Sequencer (7B5AE74C-D270-4C10-A958-57980B212A5A): 13
LogDevObjectVersion:   Dev-VR (D7296918-1DD6-4BDD-9DE2-64A83CC13884): 3
LogDevObjectVersion:   Dev-LoadTimes (C2A15278-BFE7-4AFE-6C17-90FF531DF755): 1
LogDevObjectVersion:   Private-Geometry (6EACA3D4-40EC-4CC1-B786-8BED09428FC5): 3
LogDevObjectVersion:   Dev-AnimPhys (29E575DD-E0A3-4627-9D10-D276232CDCEA): 17
LogDevObjectVersion:   Dev-Anim (AF43A65D-7FD3-4947-9873-3E8ED9C1BB05): 15
LogDevObjectVersion:   Dev-ReflectionCapture (6B266CEC-1EC7-4B8F-A30B-E4D90942FC07): 1
LogDevObjectVersion:   Dev-Automation (0DF73D61-A23F-47EA-B727-89E90C41499A): 1
LogDevObjectVersion:   FortniteMain (601D1886-AC64-4F84-AA16-D3DE0DEAC7D6): 47
LogDevObjectVersion:   FortniteRelease (E7086368-6B23-4C58-8439-1B7016265E91): 1
LogDevObjectVersion:   Dev-Enterprise (9DFFBCD6-494F-0158-E221-12823C92A888): 10
LogDevObjectVersion:   Dev-Niagara (F2AED0AC-9AFE-416F-8664-AA7FFA26D6FC): 1
LogDevObjectVersion:   Dev-Destruction (174F1F0B-B4C6-45A5-B13F-2EE8D0FB917D): 10
LogDevObjectVersion:   Dev-Physics-Ext (35F94A83-E258-406C-A318-09F59610247C): 41
LogDevObjectVersion:   Dev-PhysicsMaterial-Chaos (B68FC16E-8B1B-42E2-B453-215C058844FE): 1
LogDevObjectVersion:   Dev-CineCamera (B2E18506-4273-CFC2-A54E-F4BB758BBA07): 1
LogDevObjectVersion:   Dev-VirtualProduction (64F58936-FD1B-42BA-BA96-7289D5D0FA4E): 1
LogDevObjectVersion:   Dev-MediaFramework (6F0ED827-A609-4895-9C91-998D90180EA4): 2
LogInit: Presizing for max 25165824 objects, including 0 objects not considered by GC, pre-allocating 0 bytes for permanent pool.
LogConfig: Applying CVar settings from Section [/Script/Engine.StreamingSettings] File [D:/Josh/Documents/GGC_2022_Duality/ForceDupe/Saved/Config/Windows/Engine.ini]
LogConfig: Setting CVar [[s.MinBulkDataSizeForAsyncLoading:131072]]
LogConfig: Setting CVar [[s.AsyncLoadingThreadEnabled:0]]
LogConfig: Setting CVar [[s.EventDrivenLoaderEnabled:1]]
LogConfig: Setting CVar [[s.WarnIfTimeLimitExceeded:0]]
LogConfig: Setting CVar [[s.TimeLimitExceededMultiplier:1.5]]
LogConfig: Setting CVar [[s.TimeLimitExceededMinTime:0.005]]
LogConfig: Setting CVar [[s.UseBackgroundLevelStreaming:1]]
LogConfig: Setting CVar [[s.PriorityAsyncLoadingExtraTime:15.0]]
LogConfig: Setting CVar [[s.LevelStreamingActorsUpdateTimeLimit:5.0]]
LogConfig: Setting CVar [[s.PriorityLevelStreamingActorsUpdateExtraTime:5.0]]
LogConfig: Setting CVar [[s.LevelStreamingComponentsRegistrationGranularity:10]]
LogConfig: Setting CVar [[s.UnregisterComponentsTimeLimit:1.0]]
LogConfig: Setting CVar [[s.LevelStreamingComponentsUnregistrationGranularity:5]]
LogConfig: Setting CVar [[s.FlushStreamingOnExit:1]]
LogInit: Object subsystem initialized
LogConfig: Setting CVar [[con.DebugEarlyDefault:1]]
LogConfig: Setting CVar [[r.setres:1280x720]]
[2022.01.22-18.14.14:436][  0]LogConfig: Setting CVar [[r.VSync:0]]
[2022.01.22-18.14.14:436][  0]LogConfig: Setting CVar [[r.RHICmdBypass:0]]
[2022.01.22-18.14.14:436][  0]LogConfig: Applying CVar settings from Section [/Script/Engine.RendererSettings] File [D:/Josh/Documents/GGC_2022_Duality/ForceDupe/Saved/Config/Windows/Engine.ini]
[2022.01.22-18.14.14:436][  0]LogConfig: Setting CVar [[r.GPUCrashDebugging:0]]
[2022.01.22-18.14.14:436][  0]LogConfig: Applying CVar settings from Section [/Script/Engine.RendererOverrideSettings] File [D:/Josh/Documents/GGC_2022_Duality/ForceDupe/Saved/Config/Windows/Engine.ini]
[2022.01.22-18.14.14:436][  0]LogConfig: Applying CVar settings from Section [/Script/Engine.StreamingSettings] File [D:/Josh/Documents/GGC_2022_Duality/ForceDupe/Saved/Config/Windows/Engine.ini]
[2022.01.22-18.14.14:436][  0]LogConfig: Setting CVar [[s.MinBulkDataSizeForAsyncLoading:131072]]
[2022.01.22-18.14.14:436][  0]LogConfig: Setting CVar [[s.AsyncLoadingThreadEnabled:0]]
[2022.01.22-18.14.14:436][  0]LogConfig: Setting CVar [[s.EventDrivenLoaderEnabled:1]]
[2022.01.22-18.14.14:436][  0]LogConfig: Setting CVar [[s.WarnIfTimeLimitExceeded:0]]
[2022.01.22-18.14.14:436][  0]LogConfig: Setting CVar [[s.TimeLimitExceededMultiplier:1.5]]
[2022.01.22-18.14.14:436][  0]LogConfig: Setting CVar [[s.TimeLimitExceededMinTime:0.005]]
[2022.01.22-18.14.14:436][  0]LogConfig: Setting CVar [[s.UseBackgroundLevelStreaming:1]]
[2022.01.22-18.14.14:436][  0]LogConfig: Setting CVar [[s.PriorityAsyncLoadingExtraTime:15.0]]
[2022.01.22-18.14.14:436][  0]LogConfig: Setting CVar [[s.LevelStreamingActorsUpdateTimeLimit:5.0]]
[2022.01.22-18.14.14:436][  0]LogConfig: Setting CVar [[s.PriorityLevelStreamingActorsUpdateExtraTime:5.0]]
[2022.01.22-18.14.14:436][  0]LogConfig: Setting CVar [[s.LevelStreamingComponentsRegistrationGranularity:10]]
[2022.01.22-18.14.14:436][  0]LogConfig: Setting CVar [[s.UnregisterComponentsTimeLimit:1.0]]
[2022.01.22-18.14.14:436][  0]LogConfig: Setting CVar [[s.LevelStreamingComponentsUnregistrationGranularity:5]]
[2022.01.22-18.14.14:436][  0]LogConfig: Setting CVar [[s.FlushStreamingOnExit:1]]
[2022.01.22-18.14.14:436][  0]LogConfig: Applying CVar settings from Section [/Script/Engine.GarbageCollectionSettings] File [D:/Josh/Documents/GGC_2022_Duality/ForceDupe/Saved/Config/Windows/Engine.ini]
[2022.01.22-18.14.14:436][  0]LogConfig: Setting CVar [[gc.MaxObjectsNotConsideredByGC:1]]
[2022.01.22-18.14.14:436][  0]LogConfig: Setting CVar [[gc.SizeOfPermanentObjectPool:0]]
[2022.01.22-18.14.14:436][  0]LogConfig: Setting CVar [[gc.FlushStreamingOnGC:0]]
[2022.01.22-18.14.14:437][  0]LogConfig: Setting CVar [[gc.NumRetriesBeforeForcingGC:10]]
[2022.01.22-18.14.14:437][  0]LogConfig: Setting CVar [[gc.AllowParallelGC:1]]
[2022.01.22-18.14.14:437][  0]LogConfig: Setting CVar [[gc.TimeBetweenPurgingPendingKillObjects:61.1]]
[2022.01.22-18.14.14:437][  0]LogConfig: Setting CVar [[gc.MaxObjectsInEditor:25165824]]
[2022.01.22-18.14.14:437][  0]LogConfig: Setting CVar [[gc.IncrementalBeginDestroyEnabled:1]]
[2022.01.22-18.14.14:437][  0]LogConfig: Setting CVar [[gc.CreateGCClusters:1]]
[2022.01.22-18.14.14:437][  0]LogConfig: Setting CVar [[gc.MinGCClusterSize:5]]
[2022.01.22-18.14.14:437][  0]LogConfig: Setting CVar [[gc.ActorClusteringEnabled:0]]
[2022.01.22-18.14.14:437][  0]LogConfig: Setting CVar [[gc.BlueprintClusteringEnabled:0]]
[2022.01.22-18.14.14:437][  0]LogConfig: Setting CVar [[gc.UseDisregardForGCOnDedicatedServers:0]]
[2022.01.22-18.14.14:437][  0]LogConfig: Setting CVar [[gc.MultithreadedDestructionEnabled:1]]
[2022.01.22-18.14.14:437][  0]LogConfig: Applying CVar settings from Section [/Script/Engine.NetworkSettings] File [D:/Josh/Documents/GGC_2022_Duality/ForceDupe/Saved/Config/Windows/Engine.ini]
[2022.01.22-18.14.14:437][  0]LogConfig: Applying CVar settings from Section [/Script/UnrealEd.CookerSettings] File [D:/Josh/Documents/GGC_2022_Duality/ForceDupe/Saved/Config/Windows/Engine.ini]
[2022.01.22-18.14.14:442][  0]LogConfig: Applying CVar settings from Section [ViewDistanceQuality@3] File [D:/Josh/Documents/GGC_2022_Duality/ForceDupe/Saved/Config/Windows/Scalability.ini]
[2022.01.22-18.14.14:442][  0]LogConfig: Setting CVar [[r.SkeletalMeshLODBias:0]]
[2022.01.22-18.14.14:442][  0]LogConfig: Setting CVar [[r.ViewDistanceScale:1.0]]
[2022.01.22-18.14.14:442][  0]LogConfig: Applying CVar settings from Section [AntiAliasingQuality@3] File [D:/Josh/Documents/GGC_2022_Duality/ForceDupe/Saved/Config/Windows/Scalability.ini]
[2022.01.22-18.14.14:442][  0]LogConfig: Setting CVar [[r.PostProcessAAQuality:4]]
[2022.01.22-18.14.14:442][  0]LogConfig: Applying CVar settings from Section [ShadowQuality@3] File [D:/Josh/Documents/GGC_2022_Duality/ForceDupe/Saved/Config/Windows/Scalability.ini]
[2022.01.22-18.14.14:442][  0]LogConfig: Setting CVar [[r.LightFunctionQuality:1]]
[2022.01.22-18.14.14:442][  0]LogConfig: Setting CVar [[r.ShadowQuality:5]]
[2022.01.22-18.14.14:442][  0]LogConfig: Setting CVar [[r.Shadow.CSM.MaxCascades:10]]
[2022.01.22-18.14.14:442][  0]LogConfig: Setting CVar [[r.Shadow.MaxResolution:2048]]
[2022.01.22-18.14.14:442][  0]LogConfig: Setting CVar [[r.Shadow.MaxCSMResolution:2048]]
[2022.01.22-18.14.14:442][  0]LogConfig: Setting CVar [[r.Shadow.RadiusThreshold:0.01]]
[2022.01.22-18.14.14:442][  0]LogConfig: Setting CVar [[r.Shadow.DistanceScale:1.0]]
[2022.01.22-18.14.14:442][  0]LogConfig: Setting CVar [[r.Shadow.CSM.TransitionScale:1.0]]
[2022.01.22-18.14.14:442][  0]LogConfig: Setting CVar [[r.Shadow.PreShadowResolutionFactor:1.0]]
[2022.01.22-18.14.14:442][  0]LogConfig: Setting CVar [[r.DistanceFieldShadowing:1]]
[2022.01.22-18.14.14:442][  0]LogConfig: Setting CVar [[r.DistanceFieldAO:1]]
[2022.01.22-18.14.14:442][  0]LogConfig: Setting CVar [[r.AOQuality:2]]
[2022.01.22-18.14.14:442][  0]LogConfig: Setting CVar [[r.VolumetricFog:1]]
[2022.01.22-18.14.14:442][  0]LogConfig: Setting CVar [[r.VolumetricFog.GridPixelSize:8]]
[2022.01.22-18.14.14:442][  0]LogConfig: Setting CVar [[r.VolumetricFog.GridSizeZ:128]]
[2022.01.22-18.14.14:442][  0]LogConfig: Setting CVar [[r.VolumetricFog.HistoryMissSupersampleCount:4]]
[2022.01.22-18.14.14:442][  0]LogConfig: Setting CVar [[r.LightMaxDrawDistanceScale:1]]
[2022.01.22-18.14.14:442][  0]LogConfig: Setting CVar [[r.CapsuleShadows:1]]
[2022.01.22-18.14.14:442][  0]LogConfig: Applying CVar settings from Section [PostProcessQuality@3] File [D:/Josh/Documents/GGC_2022_Duality/ForceDupe/Saved/Config/Windows/Scalability.ini]
[2022.01.22-18.14.14:442][  0]LogConfig: Setting CVar [[r.MotionBlurQuality:4]]
[2022.01.22-18.14.14:442][  0]LogConfig: Setting CVar [[r.AmbientOcclusionMipLevelFactor:0.4]]
[2022.01.22-18.14.14:442][  0]LogConfig: Setting CVar [[r.AmbientOcclusionMaxQuality:100]]
[2022.01.22-18.14.14:442][  0]LogConfig: Setting CVar [[r.AmbientOcclusionLevels:-1]]
[2022.01.22-18.14.14:442][  0]LogConfig: Setting CVar [[r.AmbientOcclusionRadiusScale:1.0]]
[2022.01.22-18.14.14:442][  0]LogConfig: Setting CVar [[r.DepthOfFieldQuality:2]]
[2022.01.22-18.14.14:442][  0]LogConfig: Setting CVar [[r.RenderTargetPoolMin:400]]
[2022.01.22-18.14.14:442][  0]LogConfig: Setting CVar [[r.LensFlareQuality:2]]
[2022.01.22-18.14.14:442][  0]LogConfig: Setting CVar [[r.SceneColorFringeQuality:1]]
[2022.01.22-18.14.14:442][  0]LogConfig: Setting CVar [[r.EyeAdaptationQuality:2]]
[2022.01.22-18.14.14:442][  0]LogConfig: Setting CVar [[r.BloomQuality:5]]
[2022.01.22-18.14.14:442][  0]LogConfig: Setting CVar [[r.FastBlurThreshold:100]]
[2022.01.22-18.14.14:442][  0]LogConfig: Setting CVar [[r.Upscale.Quality:3]]
[2022.01.22-18.14.14:442][  0]LogConfig: Setting CVar [[r.Tonemapper.GrainQuantization:1]]
[2022.01.22-18.14.14:442][  0]LogConfig: Setting CVar [[r.LightShaftQuality:1]]
[2022.01.22-18.14.14:442][  0]LogConfig: Setting CVar [[r.Filter.SizeScale:1]]
[2022.01.22-18.14.14:442][  0]LogConfig: Setting CVar [[r.Tonemapper.Quality:5]]
[2022.01.22-18.14.14:442][  0]LogConfig: Setting CVar [[r.DOF.Gather.AccumulatorQuality:1        ; higher gathering accumulator quality]]
[2022.01.22-18.14.14:442][  0]LogConfig: Setting CVar [[r.DOF.Gather.PostfilterMethod:1          ; Median3x3 postfilering method]]
[2022.01.22-18.14.14:442][  0]LogConfig: Setting CVar [[r.DOF.Gather.EnableBokehSettings:0       ; no bokeh simulation when gathering]]
[2022.01.22-18.14.14:442][  0]LogConfig: Setting CVar [[r.DOF.Gather.RingCount:4                 ; medium number of samples when gathering]]
[2022.01.22-18.14.14:442][  0]LogConfig: Setting CVar [[r.DOF.Scatter.ForegroundCompositing:1    ; additive foreground scattering]]
[2022.01.22-18.14.14:442][  0]LogConfig: Setting CVar [[r.DOF.Scatter.BackgroundCompositing:2    ; additive background scattering]]
[2022.01.22-18.14.14:442][  0]LogConfig: Setting CVar [[r.DOF.Scatter.EnableBokehSettings:1      ; bokeh simulation when scattering]]
[2022.01.22-18.14.14:442][  0]LogConfig: Setting CVar [[r.DOF.Scatter.MaxSpriteRatio:0.1         ; only a maximum of 10% of scattered bokeh]]
[2022.01.22-18.14.14:442][  0]LogConfig: Setting CVar [[r.DOF.Recombine.Quality:1                ; cheap slight out of focus]]
[2022.01.22-18.14.14:442][  0]LogConfig: Setting CVar [[r.DOF.Recombine.EnableBokehSettings:0    ; no bokeh simulation on slight out of focus]]
[2022.01.22-18.14.14:442][  0]LogConfig: Setting CVar [[r.DOF.TemporalAAQuality:1                ; more stable temporal accumulation]]
[2022.01.22-18.14.14:442][  0]LogConfig: Setting CVar [[r.DOF.Kernel.MaxForegroundRadius:0.025]]
[2022.01.22-18.14.14:442][  0]LogConfig: Setting CVar [[r.DOF.Kernel.MaxBackgroundRadius:0.025]]
[2022.01.22-18.14.14:442][  0]LogConfig: Applying CVar settings from Section [TextureQuality@3] File [D:/Josh/Documents/GGC_2022_Duality/ForceDupe/Saved/Config/Windows/Scalability.ini]
[2022.01.22-18.14.14:442][  0]LogConfig: Setting CVar [[r.Streaming.MipBias:0]]
[2022.01.22-18.14.14:442][  0]LogConfig: Setting CVar [[r.Streaming.AmortizeCPUToGPUCopy:0]]
[2022.01.22-18.14.14:442][  0]LogConfig: Setting CVar [[r.Streaming.MaxNumTexturesToStreamPerFrame:0]]
[2022.01.22-18.14.14:442][  0]LogConfig: Setting CVar [[r.Streaming.Boost:1]]
[2022.01.22-18.14.14:442][  0]LogConfig: Setting CVar [[r.MaxAnisotropy:8]]
[2022.01.22-18.14.14:442][  0]LogConfig: Setting CVar [[r.VT.MaxAnisotropy:8]]
[2022.01.22-18.14.14:442][  0]LogConfig: Setting CVar [[r.Streaming.LimitPoolSizeToVRAM:0]]
[2022.01.22-18.14.14:442][  0]LogConfig: Setting CVar [[r.Streaming.PoolSize:1000]]
[2022.01.22-18.14.14:442][  0]LogConfig: Setting CVar [[r.Streaming.MaxEffectiveScreenSize:0]]
[2022.01.22-18.14.14:442][  0]LogConfig: Applying CVar settings from Section [EffectsQuality@3] File [D:/Josh/Documents/GGC_2022_Duality/ForceDupe/Saved/Config/Windows/Scalability.ini]
[2022.01.22-18.14.14:442][  0]LogConfig: Setting CVar [[r.TranslucencyLightingVolumeDim:64]]
[2022.01.22-18.14.14:442][  0]LogConfig: Setting CVar [[r.RefractionQuality:2]]
[2022.01.22-18.14.14:442][  0]LogConfig: Setting CVar [[r.SSR.Quality:3]]
[2022.01.22-18.14.14:442][  0]LogConfig: Setting CVar [[r.SSR.HalfResSceneColor:0]]
[2022.01.22-18.14.14:442][  0]LogConfig: Setting CVar [[r.SceneColorFormat:4]]
[2022.01.22-18.14.14:442][  0]LogConfig: Setting CVar [[r.DetailMode:2]]
[2022.01.22-18.14.14:442][  0]LogConfig: Setting CVar [[r.TranslucencyVolumeBlur:1]]
[2022.01.22-18.14.14:442][  0]LogConfig: Setting CVar [[r.MaterialQualityLevel:1 ; High quality]]
[2022.01.22-18.14.14:443][  0]LogConfig: Setting CVar [[r.AnisotropicMaterials:1]]
[2022.01.22-18.14.14:443][  0]LogConfig: Setting CVar [[r.SSS.Scale:1]]
[2022.01.22-18.14.14:443][  0]LogConfig: Setting CVar [[r.SSS.SampleSet:2]]
[2022.01.22-18.14.14:443][  0]LogConfig: Setting CVar [[r.SSS.Quality:1]]
[2022.01.22-18.14.14:443][  0]LogConfig: Setting CVar [[r.SSS.HalfRes:0]]
[2022.01.22-18.14.14:443][  0]LogConfig: Setting CVar [[r.SSGI.Quality:3]]
[2022.01.22-18.14.14:443][  0]LogConfig: Setting CVar [[r.EmitterSpawnRateScale:1.0]]
[2022.01.22-18.14.14:443][  0]LogConfig: Setting CVar [[r.ParticleLightQuality:2]]
[2022.01.22-18.14.14:443][  0]LogConfig: Setting CVar [[r.SkyAtmosphere.AerialPerspectiveLUT.FastApplyOnOpaque:1 ; Always have FastSkyLUT 1 in this case to avoid wrong sky]]
[2022.01.22-18.14.14:443][  0]LogConfig: Setting CVar [[r.SkyAtmosphere.AerialPerspectiveLUT.SampleCountMaxPerSlice:4]]
[2022.01.22-18.14.14:443][  0]LogConfig: Setting CVar [[r.SkyAtmosphere.AerialPerspectiveLUT.DepthResolution:16.0]]
[2022.01.22-18.14.14:443][  0]LogConfig: Setting CVar [[r.SkyAtmosphere.FastSkyLUT:1]]
[2022.01.22-18.14.14:443][  0]LogConfig: Setting CVar [[r.SkyAtmosphere.FastSkyLUT.SampleCountMin:4.0]]
[2022.01.22-18.14.14:443][  0]LogConfig: Setting CVar [[r.SkyAtmosphere.FastSkyLUT.SampleCountMax:128.0]]
[2022.01.22-18.14.14:443][  0]LogConfig: Setting CVar [[r.SkyAtmosphere.SampleCountMin:4.0]]
[2022.01.22-18.14.14:443][  0]LogConfig: Setting CVar [[r.SkyAtmosphere.SampleCountMax:128.0]]
[2022.01.22-18.14.14:443][  0]LogConfig: Setting CVar [[r.SkyAtmosphere.TransmittanceLUT.UseSmallFormat:0]]
[2022.01.22-18.14.14:443][  0]LogConfig: Setting CVar [[r.SkyAtmosphere.TransmittanceLUT.SampleCount:10.0]]
[2022.01.22-18.14.14:443][  0]LogConfig: Setting CVar [[r.SkyAtmosphere.MultiScatteringLUT.SampleCount:15.0]]
[2022.01.22-18.14.14:443][  0]LogConfig: Setting CVar [[r.SkyLight.RealTimeReflectionCapture:1]]
[2022.01.22-18.14.14:443][  0]LogConfig: Applying CVar settings from Section [FoliageQuality@3] File [D:/Josh/Documents/GGC_2022_Duality/ForceDupe/Saved/Config/Windows/Scalability.ini]
[2022.01.22-18.14.14:443][  0]LogConfig: Setting CVar [[foliage.DensityScale:1.0]]
[2022.01.22-18.14.14:443][  0]LogConfig: Setting CVar [[grass.DensityScale:1.0]]
[2022.01.22-18.14.14:443][  0]LogConfig: Applying CVar settings from Section [ShadingQuality@3] File [D:/Josh/Documents/GGC_2022_Duality/ForceDupe/Saved/Config/Windows/Scalability.ini]
[2022.01.22-18.14.14:443][  0]LogConfig: Setting CVar [[r.HairStrands.SkyLighting.IntegrationType:2]]
[2022.01.22-18.14.14:443][  0]LogConfig: Setting CVar [[r.HairStrands.SkyAO.SampleCount:4]]
[2022.01.22-18.14.14:443][  0]LogConfig: Setting CVar [[r.HairStrands.Visibility.MSAA.SamplePerPixel:4]]
[2022.01.22-18.14.14:443][  0]LogInit: Selected Device Profile: [Windows]
[2022.01.22-18.14.14:443][  0]LogInit: Applying CVar settings loaded from the selected device profile: [Windows]
[2022.01.22-18.14.14:443][  0]LogHAL: Display: Platform has ~ 24 GB [25453641728 / 34359738368 / 24], which maps to Larger [LargestMinGB=32, LargerMinGB=12, DefaultMinGB=8, SmallerMinGB=6, SmallestMinGB=0)
[2022.01.22-18.14.14:443][  0]LogInit: Going up to parent DeviceProfile []
[2022.01.22-18.14.14:443][  0]LogConfig: Applying CVar settings from Section [ViewDistanceQuality@3] File [D:/Josh/Documents/GGC_2022_Duality/ForceDupe/Saved/Config/Windows/Scalability.ini]
[2022.01.22-18.14.14:443][  0]LogConfig: Setting CVar [[r.SkeletalMeshLODBias:0]]
[2022.01.22-18.14.14:443][  0]LogConfig: Setting CVar [[r.ViewDistanceScale:1.0]]
[2022.01.22-18.14.14:443][  0]LogConfig: Applying CVar settings from Section [AntiAliasingQuality@3] File [D:/Josh/Documents/GGC_2022_Duality/ForceDupe/Saved/Config/Windows/Scalability.ini]
[2022.01.22-18.14.14:443][  0]LogConfig: Setting CVar [[r.PostProcessAAQuality:4]]
[2022.01.22-18.14.14:443][  0]LogConfig: Applying CVar settings from Section [ShadowQuality@3] File [D:/Josh/Documents/GGC_2022_Duality/ForceDupe/Saved/Config/Windows/Scalability.ini]
[2022.01.22-18.14.14:443][  0]LogConfig: Setting CVar [[r.LightFunctionQuality:1]]
[2022.01.22-18.14.14:443][  0]LogConfig: Setting CVar [[r.ShadowQuality:5]]
[2022.01.22-18.14.14:443][  0]LogConfig: Setting CVar [[r.Shadow.CSM.MaxCascades:10]]
[2022.01.22-18.14.14:443][  0]LogConfig: Setting CVar [[r.Shadow.MaxResolution:2048]]
[2022.01.22-18.14.14:443][  0]LogConfig: Setting CVar [[r.Shadow.MaxCSMResolution:2048]]
[2022.01.22-18.14.14:443][  0]LogConfig: Setting CVar [[r.Shadow.RadiusThreshold:0.01]]
[2022.01.22-18.14.14:443][  0]LogConfig: Setting CVar [[r.Shadow.DistanceScale:1.0]]
[2022.01.22-18.14.14:443][  0]LogConfig: Setting CVar [[r.Shadow.CSM.TransitionScale:1.0]]
[2022.01.22-18.14.14:443][  0]LogConfig: Setting CVar [[r.Shadow.PreShadowResolutionFactor:1.0]]
[2022.01.22-18.14.14:443][  0]LogConfig: Setting CVar [[r.DistanceFieldShadowing:1]]
[2022.01.22-18.14.14:443][  0]LogConfig: Setting CVar [[r.DistanceFieldAO:1]]
[2022.01.22-18.14.14:443][  0]LogConfig: Setting CVar [[r.AOQuality:2]]
[2022.01.22-18.14.14:443][  0]LogConfig: Setting CVar [[r.VolumetricFog:1]]
[2022.01.22-18.14.14:443][  0]LogConfig: Setting CVar [[r.VolumetricFog.GridPixelSize:8]]
[2022.01.22-18.14.14:443][  0]LogConfig: Setting CVar [[r.VolumetricFog.GridSizeZ:128]]
[2022.01.22-18.14.14:443][  0]LogConfig: Setting CVar [[r.VolumetricFog.HistoryMissSupersampleCount:4]]
[2022.01.22-18.14.14:443][  0]LogConfig: Setting CVar [[r.LightMaxDrawDistanceScale:1]]
[2022.01.22-18.14.14:443][  0]LogConfig: Setting CVar [[r.CapsuleShadows:1]]
[2022.01.22-18.14.14:443][  0]LogConfig: Applying CVar settings from Section [PostProcessQuality@3] File [D:/Josh/Documents/GGC_2022_Duality/ForceDupe/Saved/Config/Windows/Scalability.ini]
[2022.01.22-18.14.14:443][  0]LogConfig: Setting CVar [[r.MotionBlurQuality:4]]
[2022.01.22-18.14.14:443][  0]LogConfig: Setting CVar [[r.AmbientOcclusionMipLevelFactor:0.4]]
[2022.01.22-18.14.14:443][  0]LogConfig: Setting CVar [[r.AmbientOcclusionMaxQuality:100]]
[2022.01.22-18.14.14:443][  0]LogConfig: Setting CVar [[r.AmbientOcclusionLevels:-1]]
[2022.01.22-18.14.14:443][  0]LogConfig: Setting CVar [[r.AmbientOcclusionRadiusScale:1.0]]
[2022.01.22-18.14.14:443][  0]LogConfig: Setting CVar [[r.DepthOfFieldQuality:2]]
[2022.01.22-18.14.14:443][  0]LogConfig: Setting CVar [[r.RenderTargetPoolMin:400]]
[2022.01.22-18.14.14:443][  0]LogConfig: Setting CVar [[r.LensFlareQuality:2]]
[2022.01.22-18.14.14:443][  0]LogConfig: Setting CVar [[r.SceneColorFringeQuality:1]]
[2022.01.22-18.14.14:443][  0]LogConfig: Setting CVar [[r.EyeAdaptationQuality:2]]
[2022.01.22-18.14.14:443][  0]LogConfig: Setting CVar [[r.BloomQuality:5]]
[2022.01.22-18.14.14:443][  0]LogConfig: Setting CVar [[r.FastBlurThreshold:100]]
[2022.01.22-18.14.14:443][  0]LogConfig: Setting CVar [[r.Upscale.Quality:3]]
[2022.01.22-18.14.14:443][  0]LogConfig: Setting CVar [[r.Tonemapper.GrainQuantization:1]]
[2022.01.22-18.14.14:443][  0]LogConfig: Setting CVar [[r.LightShaftQuality:1]]
[2022.01.22-18.14.14:443][  0]LogConfig: Setting CVar [[r.Filter.SizeScale:1]]
[2022.01.22-18.14.14:443][  0]LogConfig: Setting CVar [[r.Tonemapper.Quality:5]]
[2022.01.22-18.14.14:443][  0]LogConfig: Setting CVar [[r.DOF.Gather.AccumulatorQuality:1        ; higher gathering accumulator quality]]
[2022.01.22-18.14.14:443][  0]LogConfig: Setting CVar [[r.DOF.Gather.PostfilterMethod:1          ; Median3x3 postfilering method]]
[2022.01.22-18.14.14:443][  0]LogConfig: Setting CVar [[r.DOF.Gather.EnableBokehSettings:0       ; no bokeh simulation when gathering]]
[2022.01.22-18.14.14:443][  0]LogConfig: Setting CVar [[r.DOF.Gather.RingCount:4                 ; medium number of samples when gathering]]
[2022.01.22-18.14.14:443][  0]LogConfig: Setting CVar [[r.DOF.Scatter.ForegroundCompositing:1    ; additive foreground scattering]]
[2022.01.22-18.14.14:443][  0]LogConfig: Setting CVar [[r.DOF.Scatter.BackgroundCompositing:2    ; additive background scattering]]
[2022.01.22-18.14.14:443][  0]LogConfig: Setting CVar [[r.DOF.Scatter.EnableBokehSettings:1      ; bokeh simulation when scattering]]
[2022.01.22-18.14.14:443][  0]LogConfig: Setting CVar [[r.DOF.Scatter.MaxSpriteRatio:0.1         ; only a maximum of 10% of scattered bokeh]]
[2022.01.22-18.14.14:444][  0]LogConfig: Setting CVar [[r.DOF.Recombine.Quality:1                ; cheap slight out of focus]]
[2022.01.22-18.14.14:444][  0]LogConfig: Setting CVar [[r.DOF.Recombine.EnableBokehSettings:0    ; no bokeh simulation on slight out of focus]]
[2022.01.22-18.14.14:444][  0]LogConfig: Setting CVar [[r.DOF.TemporalAAQuality:1                ; more stable temporal accumulation]]
[2022.01.22-18.14.14:444][  0]LogConfig: Setting CVar [[r.DOF.Kernel.MaxForegroundRadius:0.025]]
[2022.01.22-18.14.14:444][  0]LogConfig: Setting CVar [[r.DOF.Kernel.MaxBackgroundRadius:0.025]]
[2022.01.22-18.14.14:444][  0]LogConfig: Applying CVar settings from Section [TextureQuality@3] File [D:/Josh/Documents/GGC_2022_Duality/ForceDupe/Saved/Config/Windows/Scalability.ini]
[2022.01.22-18.14.14:444][  0]LogConfig: Setting CVar [[r.Streaming.MipBias:0]]
[2022.01.22-18.14.14:444][  0]LogConfig: Setting CVar [[r.Streaming.AmortizeCPUToGPUCopy:0]]
[2022.01.22-18.14.14:444][  0]LogConfig: Setting CVar [[r.Streaming.MaxNumTexturesToStreamPerFrame:0]]
[2022.01.22-18.14.14:444][  0]LogConfig: Setting CVar [[r.Streaming.Boost:1]]
[2022.01.22-18.14.14:444][  0]LogConfig: Setting CVar [[r.MaxAnisotropy:8]]
[2022.01.22-18.14.14:444][  0]LogConfig: Setting CVar [[r.VT.MaxAnisotropy:8]]
[2022.01.22-18.14.14:444][  0]LogConfig: Setting CVar [[r.Streaming.LimitPoolSizeToVRAM:0]]
[2022.01.22-18.14.14:444][  0]LogConfig: Setting CVar [[r.Streaming.PoolSize:1000]]
[2022.01.22-18.14.14:444][  0]LogConfig: Setting CVar [[r.Streaming.MaxEffectiveScreenSize:0]]
[2022.01.22-18.14.14:444][  0]LogConfig: Applying CVar settings from Section [EffectsQuality@3] File [D:/Josh/Documents/GGC_2022_Duality/ForceDupe/Saved/Config/Windows/Scalability.ini]
[2022.01.22-18.14.14:444][  0]LogConfig: Setting CVar [[r.TranslucencyLightingVolumeDim:64]]
[2022.01.22-18.14.14:444][  0]LogConfig: Setting CVar [[r.RefractionQuality:2]]
[2022.01.22-18.14.14:444][  0]LogConfig: Setting CVar [[r.SSR.Quality:3]]
[2022.01.22-18.14.14:444][  0]LogConfig: Setting CVar [[r.SSR.HalfResSceneColor:0]]
[2022.01.22-18.14.14:444][  0]LogConfig: Setting CVar [[r.SceneColorFormat:4]]
[2022.01.22-18.14.14:444][  0]LogConfig: Setting CVar [[r.DetailMode:2]]
[2022.01.22-18.14.14:444][  0]LogConfig: Setting CVar [[r.TranslucencyVolumeBlur:1]]
[2022.01.22-18.14.14:444][  0]LogConfig: Setting CVar [[r.MaterialQualityLevel:1 ; High quality]]
[2022.01.22-18.14.14:444][  0]LogConfig: Setting CVar [[r.AnisotropicMaterials:1]]
[2022.01.22-18.14.14:444][  0]LogConfig: Setting CVar [[r.SSS.Scale:1]]
[2022.01.22-18.14.14:444][  0]LogConfig: Setting CVar [[r.SSS.SampleSet:2]]
[2022.01.22-18.14.14:444][  0]LogConfig: Setting CVar [[r.SSS.Quality:1]]
[2022.01.22-18.14.14:444][  0]LogConfig: Setting CVar [[r.SSS.HalfRes:0]]
[2022.01.22-18.14.14:444][  0]LogConfig: Setting CVar [[r.SSGI.Quality:3]]
[2022.01.22-18.14.14:444][  0]LogConfig: Setting CVar [[r.EmitterSpawnRateScale:1.0]]
[2022.01.22-18.14.14:444][  0]LogConfig: Setting CVar [[r.ParticleLightQuality:2]]
[2022.01.22-18.14.14:444][  0]LogConfig: Setting CVar [[r.SkyAtmosphere.AerialPerspectiveLUT.FastApplyOnOpaque:1 ; Always have FastSkyLUT 1 in this case to avoid wrong sky]]
[2022.01.22-18.14.14:444][  0]LogConfig: Setting CVar [[r.SkyAtmosphere.AerialPerspectiveLUT.SampleCountMaxPerSlice:4]]
[2022.01.22-18.14.14:444][  0]LogConfig: Setting CVar [[r.SkyAtmosphere.AerialPerspectiveLUT.DepthResolution:16.0]]
[2022.01.22-18.14.14:444][  0]LogConfig: Setting CVar [[r.SkyAtmosphere.FastSkyLUT:1]]
[2022.01.22-18.14.14:444][  0]LogConfig: Setting CVar [[r.SkyAtmosphere.FastSkyLUT.SampleCountMin:4.0]]
[2022.01.22-18.14.14:444][  0]LogConfig: Setting CVar [[r.SkyAtmosphere.FastSkyLUT.SampleCountMax:128.0]]
[2022.01.22-18.14.14:444][  0]LogConfig: Setting CVar [[r.SkyAtmosphere.SampleCountMin:4.0]]
[2022.01.22-18.14.14:444][  0]LogConfig: Setting CVar [[r.SkyAtmosphere.SampleCountMax:128.0]]
[2022.01.22-18.14.14:444][  0]LogConfig: Setting CVar [[r.SkyAtmosphere.TransmittanceLUT.UseSmallFormat:0]]
[2022.01.22-18.14.14:444][  0]LogConfig: Setting CVar [[r.SkyAtmosphere.TransmittanceLUT.SampleCount:10.0]]
[2022.01.22-18.14.14:444][  0]LogConfig: Setting CVar [[r.SkyAtmosphere.MultiScatteringLUT.SampleCount:15.0]]
[2022.01.22-18.14.14:444][  0]LogConfig: Setting CVar [[r.SkyLight.RealTimeReflectionCapture:1]]
[2022.01.22-18.14.14:444][  0]LogConfig: Applying CVar settings from Section [FoliageQuality@3] File [D:/Josh/Documents/GGC_2022_Duality/ForceDupe/Saved/Config/Windows/Scalability.ini]
[2022.01.22-18.14.14:444][  0]LogConfig: Setting CVar [[foliage.DensityScale:1.0]]
[2022.01.22-18.14.14:444][  0]LogConfig: Setting CVar [[grass.DensityScale:1.0]]
[2022.01.22-18.14.14:444][  0]LogConfig: Applying CVar settings from Section [ShadingQuality@3] File [D:/Josh/Documents/GGC_2022_Duality/ForceDupe/Saved/Config/Windows/Scalability.ini]
[2022.01.22-18.14.14:444][  0]LogConfig: Setting CVar [[r.HairStrands.SkyLighting.IntegrationType:2]]
[2022.01.22-18.14.14:444][  0]LogConfig: Setting CVar [[r.HairStrands.SkyAO.SampleCount:4]]
[2022.01.22-18.14.14:444][  0]LogConfig: Setting CVar [[r.HairStrands.Visibility.MSAA.SamplePerPixel:4]]
[2022.01.22-18.14.14:444][  0]LogConfig: Applying CVar settings from Section [Startup] File [../../../Engine/Config/ConsoleVariables.ini]
[2022.01.22-18.14.14:444][  0]LogConfig: Setting CVar [[net.UseAdaptiveNetUpdateFrequency:0]]
[2022.01.22-18.14.14:444][  0]LogConfig: Setting CVar [[p.chaos.AllowCreatePhysxBodies:1]]
[2022.01.22-18.14.14:444][  0]LogConfig: Setting CVar [[fx.SkipVectorVMBackendOptimizations:1]]
[2022.01.22-18.14.14:444][  0]LogConfig: Applying CVar settings from Section [ConsoleVariables] File [D:/Josh/Documents/GGC_2022_Duality/ForceDupe/Saved/Config/Windows/Engine.ini]
[2022.01.22-18.14.14:444][  0]LogConfig: Applying CVar settings from Section [ConsoleVariables] File [D:/Josh/Documents/GGC_2022_Duality/ForceDupe/Saved/Config/Windows/Editor.ini]
[2022.01.22-18.14.14:444][  0]LogInit: Computer: JOCELYN-PC
[2022.01.22-18.14.14:444][  0]LogInit: User: Josh
[2022.01.22-18.14.14:444][  0]LogInit: CPU Page size=4096, Cores=10
[2022.01.22-18.14.14:444][  0]LogInit: High frequency timer resolution =10.000000 MHz
[2022.01.22-18.14.14:444][  0]LogMemory: Memory total: Physical=23.7GB (24GB approx)
[2022.01.22-18.14.14:445][  0]LogMemory: Platform Memory Stats for Windows
[2022.01.22-18.14.14:445][  0]LogMemory: Process Physical Memory: 148.12 MB used, 148.13 MB peak
[2022.01.22-18.14.14:445][  0]LogMemory: Process Virtual Memory: 130.82 MB used, 130.82 MB peak
[2022.01.22-18.14.14:445][  0]LogMemory: Physical Memory: 8658.20 MB used,  15616.29 MB free, 24274.48 MB total
[2022.01.22-18.14.14:445][  0]LogMemory: Virtual Memory: 134201568.00 MB used,  16162.35 MB free, 134217728.00 MB total
[2022.01.22-18.14.14:449][  0]LogWindows: WindowsPlatformFeatures enabled
[2022.01.22-18.14.14:489][  0]LogInit: Physics initialised using underlying interface: PhysX
[2022.01.22-18.14.14:490][  0]LogInit: Using OS detected language (en-US).
[2022.01.22-18.14.14:490][  0]LogInit: Using OS detected locale (en-US).
[2022.01.22-18.14.14:492][  0]LogTextLocalizationManager: No specific localization for 'en-US' exists, so the 'en' localization will be used.
[2022.01.22-18.14.14:689][  0]LogInit: Setting process to per monitor DPI aware
[2022.01.22-18.14.14:705][  0]LogWindowsTextInputMethodSystem: Display: IME system deactivated.
[2022.01.22-18.14.14:715][  0]LogSlate: New Slate User Created.  User Index 0, Is Virtual User: 0
[2022.01.22-18.14.14:715][  0]LogSlate: Slate User Registered.  User Index 0, Is Virtual User: 0
[2022.01.22-18.14.14:881][  0]LogD3D11RHI: Loaded GFSDK_Aftermath_Lib.x64.dll
[2022.01.22-18.14.14:884][  0]LogHMD: Failed to initialize OpenVR with code 110
[2022.01.22-18.14.14:884][  0]LogD3D11RHI: D3D11 min allowed feature level: 11_0
[2022.01.22-18.14.14:884][  0]LogD3D11RHI: D3D11 max allowed feature level: 11_0
[2022.01.22-18.14.14:884][  0]LogD3D11RHI: D3D11 adapters:
[2022.01.22-18.14.14:994][  0]LogD3D11RHI:    0. 'NVIDIA GeForce GTX 1080 Ti' (Feature Level 11_0)
[2022.01.22-18.14.14:994][  0]LogD3D11RHI:       11128/0/12137 MB DedicatedVideo/DedicatedSystem/SharedSystem, Outputs:1, VendorId:0x10de
[2022.01.22-18.14.14:996][  0]LogD3D11RHI:    1. 'Microsoft Basic Render Driver' (Feature Level 11_0)
[2022.01.22-18.14.14:996][  0]LogD3D11RHI:       0/0/12137 MB DedicatedVideo/DedicatedSystem/SharedSystem, Outputs:0, VendorId:0x1414
[2022.01.22-18.14.14:996][  0]LogD3D11RHI: Chosen D3D11 Adapter:
[2022.01.22-18.14.14:996][  0]LogD3D11RHI:     Description : NVIDIA GeForce GTX 1080 Ti
[2022.01.22-18.14.14:996][  0]LogD3D11RHI:     VendorId    : 10de
[2022.01.22-18.14.14:996][  0]LogD3D11RHI:     DeviceId    : 1b06
[2022.01.22-18.14.14:996][  0]LogD3D11RHI:     SubSysId    : 377a1458
[2022.01.22-18.14.14:996][  0]LogD3D11RHI:     Revision    : 00a1
[2022.01.22-18.14.14:996][  0]LogD3D11RHI:     DedicatedVideoMemory : 11668553728 bytes
[2022.01.22-18.14.14:996][  0]LogD3D11RHI:     DedicatedSystemMemory : 0 bytes
[2022.01.22-18.14.14:996][  0]LogD3D11RHI:     SharedSystemMemory : 12726820864 bytes
[2022.01.22-18.14.14:996][  0]LogD3D11RHI:     AdapterLuid : 0 80617
[2022.01.22-18.14.15:003][  0]LogD3D11RHI: Creating new Direct3DDevice
[2022.01.22-18.14.15:003][  0]LogD3D11RHI:     GPU DeviceId: 0x1b06 (for the marketing name, search the web for "GPU Device Id")
[2022.01.22-18.14.15:003][  0]LogWindows: EnumDisplayDevices:
[2022.01.22-18.14.15:003][  0]LogWindows:    0. 'NVIDIA GeForce GTX 1080 Ti' (P:1 D:1)
[2022.01.22-18.14.15:004][  0]LogWindows:    1. 'NVIDIA GeForce GTX 1080 Ti' (P:0 D:0)
[2022.01.22-18.14.15:004][  0]LogWindows:    2. 'NVIDIA GeForce GTX 1080 Ti' (P:0 D:0)
[2022.01.22-18.14.15:004][  0]LogWindows:    3. 'NVIDIA GeForce GTX 1080 Ti' (P:0 D:0)
[2022.01.22-18.14.15:004][  0]LogWindows: DebugString: FoundDriverCount:4 
[2022.01.22-18.14.15:004][  0]LogD3D11RHI:     Adapter Name: NVIDIA GeForce GTX 1080 Ti
[2022.01.22-18.14.15:004][  0]LogD3D11RHI:   Driver Version: 511.23 (internal:30.0.15.1123, unified:511.23)
[2022.01.22-18.14.15:004][  0]LogD3D11RHI:      Driver Date: 1-10-2022
[2022.01.22-18.14.15:004][  0]LogRHI: Texture pool is 7789 MB (70% of 11128 MB)
[2022.01.22-18.14.15:004][  0]LogD3D11RHI: Creating D3DDevice using adapter:
[2022.01.22-18.14.15:004][  0]LogD3D11RHI:     Description : NVIDIA GeForce GTX 1080 Ti
[2022.01.22-18.14.15:004][  0]LogD3D11RHI:     VendorId    : 10de
[2022.01.22-18.14.15:004][  0]LogD3D11RHI:     DeviceId    : 1b06
[2022.01.22-18.14.15:004][  0]LogD3D11RHI:     SubSysId    : 377a1458
[2022.01.22-18.14.15:004][  0]LogD3D11RHI:     Revision    : 00a1
[2022.01.22-18.14.15:004][  0]LogD3D11RHI:     DedicatedVideoMemory : 11668553728 bytes
[2022.01.22-18.14.15:004][  0]LogD3D11RHI:     DedicatedSystemMemory : 0 bytes
[2022.01.22-18.14.15:004][  0]LogD3D11RHI:     SharedSystemMemory : 12726820864 bytes
[2022.01.22-18.14.15:004][  0]LogD3D11RHI:     AdapterLuid : 0 80617
[2022.01.22-18.14.15:057][  0]LogD3D11RHI: RHI has support for 64 bit atomics
[2022.01.22-18.14.15:057][  0]LogD3D11RHI: Async texture creation enabled
[2022.01.22-18.14.15:057][  0]LogD3D11RHI: Array index from any shader is supported
[2022.01.22-18.14.15:090][  0]LogD3D11RHI: GPU Timing Frequency: 1000.000000 (Debug: 2 1)
[2022.01.22-18.14.15:127][  0]LogRHI: GeForceNow SDK initialized: 1
[2022.01.22-18.14.15:378][  0]LogTargetPlatformManager: Display: Loaded TargetPlatform 'AllDesktop'
[2022.01.22-18.14.15:398][  0]LogTargetPlatformManager: Display: Loaded TargetPlatform 'Android'
[2022.01.22-18.14.15:398][  0]LogTargetPlatformManager: Display: Loaded TargetPlatform 'Android_ASTC'
[2022.01.22-18.14.15:398][  0]LogTargetPlatformManager: Display: Loaded TargetPlatform 'Android_DXT'
[2022.01.22-18.14.15:398][  0]LogTargetPlatformManager: Display: Loaded TargetPlatform 'Android_ETC2'
[2022.01.22-18.14.15:398][  0]LogTargetPlatformManager: Display: Loaded TargetPlatform 'AndroidClient'
[2022.01.22-18.14.15:398][  0]LogTargetPlatformManager: Display: Loaded TargetPlatform 'Android_ASTCClient'
[2022.01.22-18.14.15:398][  0]LogTargetPlatformManager: Display: Loaded TargetPlatform 'Android_DXTClient'
[2022.01.22-18.14.15:398][  0]LogTargetPlatformManager: Display: Loaded TargetPlatform 'Android_ETC2Client'
[2022.01.22-18.14.15:398][  0]LogTargetPlatformManager: Display: Loaded TargetPlatform 'Android_Multi'
[2022.01.22-18.14.15:398][  0]LogTargetPlatformManager: Display: Loaded TargetPlatform 'Android_MultiClient'
[2022.01.22-18.14.15:413][  0]LogTargetPlatformManager: Display: Loaded TargetPlatform 'IOSClient'
[2022.01.22-18.14.15:414][  0]LogTargetPlatformManager: Display: Loaded TargetPlatform 'IOS'
[2022.01.22-18.14.15:422][  0]LogTargetPlatformManager: Display: Loaded TargetPlatform 'Linux'
[2022.01.22-18.14.15:426][  0]LogTargetPlatformManager: Display: Loaded TargetPlatform 'LinuxNoEditor'
[2022.01.22-18.14.15:430][  0]LogTargetPlatformManager: Display: Loaded TargetPlatform 'LinuxClient'
[2022.01.22-18.14.15:434][  0]LogTargetPlatformManager: Display: Loaded TargetPlatform 'LinuxServer'
[2022.01.22-18.14.15:441][  0]LogTargetPlatformManager: Display: Loaded TargetPlatform 'LinuxAArch64NoEditor'
[2022.01.22-18.14.15:445][  0]LogTargetPlatformManager: Display: Loaded TargetPlatform 'LinuxAArch64Client'
[2022.01.22-18.14.15:449][  0]LogTargetPlatformManager: Display: Loaded TargetPlatform 'LinuxAArch64Server'
[2022.01.22-18.14.15:470][  0]LogTargetPlatformManager: Display: Loaded TargetPlatform 'Lumin'
[2022.01.22-18.14.15:470][  0]LogTargetPlatformManager: Display: Loaded TargetPlatform 'LuminClient'
[2022.01.22-18.14.15:477][  0]LogTargetPlatformManager: Display: Loaded TargetPlatform 'MacNoEditor'
[2022.01.22-18.14.15:481][  0]LogTargetPlatformManager: Display: Loaded TargetPlatform 'Mac'
[2022.01.22-18.14.15:485][  0]LogTargetPlatformManager: Display: Loaded TargetPlatform 'MacClient'
[2022.01.22-18.14.15:489][  0]LogTargetPlatformManager: Display: Loaded TargetPlatform 'MacServer'
[2022.01.22-18.14.15:498][  0]LogTargetPlatformManager: Display: Loaded TargetPlatform 'TVOSClient'
[2022.01.22-18.14.15:498][  0]LogTargetPlatformManager: Display: Loaded TargetPlatform 'TVOS'
[2022.01.22-18.14.15:506][  0]LogTargetPlatformManager: Display: Loaded TargetPlatform 'WindowsNoEditor'
[2022.01.22-18.14.15:510][  0]LogTargetPlatformManager: Display: Loaded TargetPlatform 'Windows'
[2022.01.22-18.14.15:514][  0]LogTargetPlatformManager: Display: Loaded TargetPlatform 'WindowsClient'
[2022.01.22-18.14.15:517][  0]LogTargetPlatformManager: Display: Loaded TargetPlatform 'WindowsServer'
[2022.01.22-18.14.15:517][  0]LogTargetPlatformManager: Display: Building Assets For Windows
[2022.01.22-18.14.15:523][  0]LogAudioDebug: Display: Lib vorbis DLL was dynamically loaded.
[2022.01.22-18.14.15:546][  0]LogTextureFormatOodle: Display: Oodle Texture 2.9.0 init RDO Off
[2022.01.22-18.14.15:573][  0]LogRendererCore: Ray tracing is disabled. Reason: r.RayTracing=0.
[2022.01.22-18.14.15:573][  0]LogShaderCompilers: Guid format shader working directory is -7 characters bigger than the processId version (../../../../Josh/Documents/GGC_2022_Duality/ForceDupe/Intermediate/Shaders/WorkingDirectory/992/).
[2022.01.22-18.14.15:573][  0]LogShaderCompilers: Cleaned the shader compiler working directory 'C:/Users/Josh/AppData/Local/Temp/UnrealShaderWorkingDir/1021203842BB3D381E9EF69D83E8131C/'.
[2022.01.22-18.14.15:573][  0]LogXGEController: Cannot use XGE Controller as Incredibuild is not installed on this machine.
[2022.01.22-18.14.15:573][  0]LogShaderCompilers: Cannot use XGE Shader Compiler as Incredibuild is not installed on this machine.
[2022.01.22-18.14.15:573][  0]LogShaderCompilers: Display: Using Local Shader Compiler.
[2022.01.22-18.14.16:286][  0]LogDerivedDataCache: Display: Max Cache Size: 512 MB
[2022.01.22-18.14.16:350][  0]LogDerivedDataCache: Loaded boot cache 0.06s 103MB C:/Users/Josh/AppData/Local/UnrealEngine/4.27/DerivedDataCache/Boot.ddc.
[2022.01.22-18.14.16:350][  0]LogDerivedDataCache: Display: Loaded Boot cache: C:/Users/Josh/AppData/Local/UnrealEngine/4.27/DerivedDataCache/Boot.ddc
[2022.01.22-18.14.16:350][  0]LogDerivedDataCache: FDerivedDataBackendGraph:  Pak pak cache file ../../../../Josh/Documents/GGC_2022_Duality/ForceDupe/DerivedDataCache/DDC.ddp not found, will not use a pak cache.
[2022.01.22-18.14.16:350][  0]LogDerivedDataCache: Unable to find inner node Pak for hierarchical cache Hierarchy.
[2022.01.22-18.14.16:350][  0]LogDerivedDataCache: FDerivedDataBackendGraph:  CompressedPak pak cache file ../../../../Josh/Documents/GGC_2022_Duality/ForceDupe/DerivedDataCache/Compressed.ddp not found, will not use a pak cache.
[2022.01.22-18.14.16:350][  0]LogDerivedDataCache: Unable to find inner node CompressedPak for hierarchical cache Hierarchy.
[2022.01.22-18.14.16:365][  0]LogDerivedDataCache: Display: Pak cache opened for reading ../../../Engine/DerivedDataCache/Compressed.ddp.
[2022.01.22-18.14.16:365][  0]LogDerivedDataCache: FDerivedDataBackendGraph:  EnterprisePak pak cache file ../../../Enterprise/DerivedDataCache/Compressed.ddp not found, will not use a pak cache.
[2022.01.22-18.14.16:365][  0]LogDerivedDataCache: Unable to find inner node EnterprisePak for hierarchical cache Hierarchy.
[2022.01.22-18.14.16:372][  0]LogDerivedDataCache: Speed tests for C:/Users/Josh/AppData/Local/UnrealEngine/Common/DerivedDataCache took 0.01 seconds
[2022.01.22-18.14.16:372][  0]LogDerivedDataCache: Display: Performance to C:/Users/Josh/AppData/Local/UnrealEngine/Common/DerivedDataCache: Latency=0.03ms. RandomReadSpeed=1529.59MBs, RandomWriteSpeed=165.11MBs. Assigned SpeedClass 'Local'
[2022.01.22-18.14.16:373][  0]LogDerivedDataCache: Using Local data cache path C:/Users/Josh/AppData/Local/UnrealEngine/Common/DerivedDataCache: Writable
[2022.01.22-18.14.16:373][  0]LogDerivedDataCache: Shared data cache path not found in *engine.ini, will not use an Shared cache.
[2022.01.22-18.14.16:373][  0]LogDerivedDataCache: Unable to find inner node Shared for hierarchical cache Hierarchy.
[2022.01.22-18.14.16:416][  0]LogSlate: Using FreeType 2.10.0
[2022.01.22-18.14.16:416][  0]LogSlate: SlateFontServices - WITH_FREETYPE: 1, WITH_HARFBUZZ: 1
[2022.01.22-18.14.16:439][  0]LogAssetRegistry: FAssetRegistry took 0.0028 seconds to start up
[2022.01.22-18.14.16:663][  0]LogInit: Selected Device Profile: [Windows]
[2022.01.22-18.14.16:663][  0]LogInit: Active device profile: [000001D4C7831500][000001D4BBF09400 49] Windows
[2022.01.22-18.14.16:663][  0]LogInit: Profiles: [000001D4C7831500][000001D4BBF09400 49] Windows, [000001D4C77DB100][000001D4C6E2B580 49] WindowsNoEditor, [000001D4C7831200][000001D4C6E2F700 49] WindowsServer, [000001D4C77D9300][000001D4C6E33880 49] WindowsClient, [000001D4C7830E00][000001D4C6E37A00 49] IOS, [000001D4C7831400][000001D4C6E3BB80 49] iPadAir, [000001D4C77BFF00][000001D4C6E3E180 49] iPadAir2, [000001D4C7780500][000001D4C6E46440 49] IPadPro, [000001D4C7780600][000001D4C6E42480 49] iPadAir3, [000001D4C77BD900][000001D4BBF0C5C0 49] iPadAir4, [000001D4C7783000][000001D4C6E4A700 49] iPadMini2, [000001D4C77BF500][000001D4C6E4E840 49] iPadMini3, [000001D4C7781100][000001D4C6E52980 49] iPadMini4, [000001D4C77BF300][000001D4C6E5AB00 49] iPadMini5, [000001D4C777BE00][000001D4C6E62DC0 49] iPhone6, [000001D4C777BF00][000001D4C6E5EE00 49] iPodTouch6, [000001D4C7781000][000001D4C6E6B0C0 49] iPhone7, [000001D4C7781E00][000001D4C6E67100 49] iPodTouch7, [000001D4C7778300][000001D4C6E6F280 49] iPhone5S, [000001D4C77BEC00][000001D4C6E73400 49] iPhone6Plus, [000001D4C7779700][000001D4C6E77580 49] iPhone6S, [000001D4C7783200][000001D4C6E7B700 49] iPhone6SPlus, [000001D4C777A200][000001D4C6E7F880 49] iPhone7Plus, [000001D4C7780200][000001D4C6E83A00 49] iPhoneSE, [000001D4C777B600][000001D4C6E87B80 49] iPhone8, [000001D4C7783300][000001D4C6E8A180 49] iPhone8Plus, [000001D4C7778600][000001D4C6E8E300 49] iPhoneX, [000001D4C7781400][000001D4C6E92480 49] iPhoneXS, [000001D4C777A700][000001D4C6E96600 49] iPhoneXSMax, [000001D4C7780400][000001D4C6E56740 49] iPhoneXR, [000001D4C7778C00][000001D4C6E9A880 49] iPhone11, [000001D4C7780300][000001D4C6E9E9C0 49] iPhone11Pro, [000001D4C777A800][000001D4C6EA2B00 49] iPhone11ProMax, [000001D4C7780B00][000001D4C6EAAC80 49] iPhoneSE2, [000001D4C7779500][000001D4C6EAEE00 49] iPhone12Mini, [000001D4C7781A00][000001D4C6EB2F80 49] iPhone12, [000001D4C7778A00][000001D4C6EB7100 49] iPhone12Pro, [000001D4C7780800][000001D4C6EBB280 49] iPhone12ProMax, [000001D4C7778E00][000001D4C7ED1400 49] iPadPro105, [000001D4C7780C00][000001D4C7ED5580 49] iPadPro129, [000001D4C7779400][000001D4C7ED9700 49] iPadPro97, [000001D4C7780900][000001D4C7EDD880 49] iPadPro2_129, [000001D4C777BA00][000001D4C7EE1A00 49] iPad5, [000001D4C7782B00][000001D4C7EE5B80 49] iPad6, [000001D4C7778200][000001D4C7EE8180 49] iPad7, [000001D4C7781700][000001D4C7EEC300 49] iPad8, [000001D4C777A600][000001D4C7EF0480 49] iPadPro11, [000001D4C7783400][000001D4C7EF4600 49] iPadPro2_11, [000001D4C7779D00][000001D4C7EF8780 49] iPadPro3_129, [000001D4C7781900][000001D4C7EFC900 49] iPadPro4_129, [000001D4C7779200][000001D4C6EA6A40 49] AppleTV, [000001D4C7781500][000001D4C7F00B80 49] AppleTV4K, [000001D4C7778D00][000001D4C7F04CC0 49] TVOS, [000001D4C7782900][000001D4C7F0CE40 49] Mac, [000001D4C7779B00][000001D4C7F10FC0 49] MacClient, [000001D4C7782300][000001D4C7F15140 49] MacNoEditor, [000001D4C7778800][000001D4C7F192C0 49] MacServer, [000001D4C7783C00][000001D4C7F1D440 49] Linux, [000001D4C777A400][000001D4C7F215C0 49] LinuxAArch64, [000001D4C7782D00][000001D4C7F25740 49] LinuxNoEditor, [000001D4C7779600][000001D4C7F298C0 49] LinuxAArch64NoEditor, [000001D4C7783A00][000001D4C7F2DA40 49] LinuxClient, [000001D4C7779E00][000001D4C7F31BC0 49] LinuxAArch64Client, [000001D4C7782000][000001D4C7F341C0 49] LinuxServer, [000001D4C777B700][000001D4C7F38340 49] LinuxAArch64Server, [000001D4C7782A00][000001D4C7F3C4C0 49] Android, [000001D4C777B300][000001D4C7F40640 49] Android_Low, [000001D4C7780F00][000001D4C7F447C0 49] Android_Mid, [000001D4C77BE700][000001D4C7F48940 49] Android_High, [000001D4C7832D00][000001D4C7F4CAC0 49] Android_Default, [000001D4C77BF100][000001D4C7F08C00 49] Android_Adreno4xx, [000001D4C7832A00][000001D4C7F50D40 49] Android_Adreno5xx_Low, [000001D4C77BDE00][000001D4C7F54E80 49] Android_Adreno5xx, [000001D4C7832E00][000001D4C7F58FC0 49] Android_Adreno6xx, [000001D4C77BC300][000001D4C7F61140 49] Android_Adreno6xx_Vulkan, [000001D4C7832600][000001D4C7F652C0 49] Android_Mali_T6xx, [000001D4C77BDF00][000001D4C7F69440 49] Android_Mali_T7xx, [000001D4C7830600][000001D4C7F6D5C0 49] Android_Mali_T8xx, [000001D4C77BF900][000001D4C7F71740 49] Android_Mali_G71, [000001D4C7832200][000001D4C7F758C0 49] Android_Mali_G72, [000001D4C77BE600][000001D4C7F79A40 49] Android_Mali_G72_Vulkan, [000001D4C7830800][000001D4C7F7DBC0 49] Android_Mali_G76, [000001D4C77BD400][000001D4C7F801C0 49] Android_Mali_G76_Vulkan, [000001D4C7830300][000001D4C7F84340 49] Android_Mali_G77, [000001D4C77BC600][000001D4C7F884C0 49] Android_Mali_G77_Vulkan, [000001D4C7833C00][000001D4C7F8C640 49] Android_Mali_G78, [000001D4C77BCF00][000001D4C7F907C0 49] Android_Mali_G78_Vulkan, [000001D4C7832500][000001D4C7F94940 49] Android_Mali_G710, [000001D4C77BE500][000001D4C7F98AC0 49] Android_Mali_G710_Vulkan, [000001D4C7831F00][000001D4C7F9CC40 49] Android_Vulkan_SM5, [000001D4C77BD300][000001D4C7F5CD80 49] Android_PowerVR_G6xxx, [000001D4C7833000][000001D4C7FA0EC0 49] Android_PowerVR_GT7xxx, [000001D4C77BD000][000001D4C7FA5000 49] Android_PowerVR_GE8xxx, [000001D4C7830200][000001D4C7FA9140 49] Android_PowerVR_GM9xxx, [000001D4C7778700][000001D4C7FB12C0 49] Android_PowerVR_GM9xxx_Vulkan, [000001D4C7832B00][000001D4C7FB5440 49] Android_TegraK1, [000001D4C777B800][000001D4C7FB95C0 49] Android_Unknown_Vulkan, [000001D4C7830B00][000001D4C7FBD740 49] Lumin, [000001D4C7779300][000001D4C7FC18C0 49] Lumin_Desktop, [000001D4C7831000][000001D4C7FC5A40 49] HoloLens, 
[2022.01.22-18.14.16:780][  0]LogMeshReduction: Using QuadricMeshReduction for automatic static mesh reduction
[2022.01.22-18.14.16:780][  0]LogMeshReduction: Using SimplygonMeshReduction for automatic skeletal mesh reduction
[2022.01.22-18.14.16:780][  0]LogMeshReduction: Using ProxyLODMeshReduction for automatic mesh merging
[2022.01.22-18.14.16:780][  0]LogMeshReduction: No distributed automatic mesh merging module available
[2022.01.22-18.14.16:780][  0]LogMeshMerging: No distributed automatic mesh merging module available
[2022.01.22-18.14.16:795][  0]LogNetVersion: ForceDupe 1.0.0, NetCL: 17155196, EngineNetVer: 17, GameNetVer: 0 (Checksum: 2097852820)
[2022.01.22-18.14.17:179][  0]LogTexture: Default maximum texture size for cubemaps generated from long-lat sources has been changed from 512 to unlimited. In order to preserve old behaiour for '/Engine/MapTemplates/Sky/DaylightAmbientCubemap.DaylightAmbientCubemap', its maximum texture size has been explicitly set to 512.
[2022.01.22-18.14.17:418][  0]LogHMD: PokeAHoleMaterial loaded successfully
[2022.01.22-18.14.17:424][  0]LogUObjectArray: 17178 objects as part of root set at end of initial load.
[2022.01.22-18.14.17:424][  0]LogUObjectAllocator: 4302048 out of 0 bytes used by permanent object pool.
[2022.01.22-18.14.17:424][  0]LogUObjectArray: CloseDisregardForGC: 0/0 objects in disregard for GC pool
[2022.01.22-18.14.17:665][  0]LogNiagaraDebuggerClient: Niagara Debugger Client Initialized | Session: FCDBD3A4479C30B3AEF411BAD309057E | Instance: F0FA9E0A49C084EBD6480C97E265C206 (JOCELYN-PC-992).
[2022.01.22-18.14.17:696][  0]LogPython: Using Python 3.7.7
[2022.01.22-18.14.18:269][  0]LogTcpMessaging: Initializing TcpMessaging bridge
[2022.01.22-18.14.18:272][  0]LogUdpMessaging: Initializing bridge on interface 0.0.0.0:0 to multicast group 230.0.0.1:6666.
[2022.01.22-18.14.26:589][  0]LogMaterial: Display: Missing cached shadermap for M_FPGun in PCD3D_SM5, Default, SM5 (DDC key hash: 9410AFC96AEA44842B0E8EA27CE6CE6E0C1EA3E5), compiling. 
[2022.01.22-18.14.26:759][  0]LogShaderCompilers: Display: Submitted 88 shader compile jobs with 'Low' priority
[2022.01.22-18.14.26:762][  0]LogSkeletalMesh: Building Skeletal Mesh SK_FPGun...
[2022.01.22-18.14.26:781][  0]LogShaderCompilers: Display: Worker (1/17): shaders left to compile 88
[2022.01.22-18.14.26:781][  0]LogShaderCompilers: Display: Worker (2/17): shaders left to compile 82
[2022.01.22-18.14.26:781][  0]LogShaderCompilers: Display: Worker (3/17): shaders left to compile 76
[2022.01.22-18.14.26:781][  0]LogShaderCompilers: Display: Worker (4/17): shaders left to compile 70
[2022.01.22-18.14.26:781][  0]LogShaderCompilers: Display: Worker (5/17): shaders left to compile 64
[2022.01.22-18.14.26:781][  0]LogShaderCompilers: Display: Worker (6/17): shaders left to compile 58
[2022.01.22-18.14.26:781][  0]LogShaderCompilers: Display: Worker (7/17): shaders left to compile 52
[2022.01.22-18.14.26:781][  0]LogShaderCompilers: Display: Worker (8/17): shaders left to compile 46
[2022.01.22-18.14.26:781][  0]LogShaderCompilers: Display: Worker (9/17): shaders left to compile 40
[2022.01.22-18.14.26:781][  0]LogShaderCompilers: Display: Worker (10/17): shaders left to compile 34
[2022.01.22-18.14.26:781][  0]LogShaderCompilers: Display: Worker (11/17): shaders left to compile 28
[2022.01.22-18.14.26:781][  0]LogShaderCompilers: Display: Worker (12/17): shaders left to compile 22
[2022.01.22-18.14.26:781][  0]LogShaderCompilers: Display: Worker (13/17): shaders left to compile 16
[2022.01.22-18.14.26:781][  0]LogShaderCompilers: Display: Worker (14/17): shaders left to compile 10
[2022.01.22-18.14.26:781][  0]LogShaderCompilers: Display: Worker (15/17): shaders left to compile 4
[2022.01.22-18.14.26:781][  0]LogShaderCompilers: Display: Started 88 'Local' shader compile jobs with 'Low' priority
[2022.01.22-18.14.26:781][  0]LogSkeletalMesh: Built Skeletal Mesh [0.02s] /Game/FirstPerson/FPWeapon/Mesh/SK_FPGun.SK_FPGun
[2022.01.22-18.14.27:106][  0]SourceControl: Source control is disabled
[2022.01.22-18.14.27:106][  0]SourceControl: Source control is disabled
[2022.01.22-18.14.27:109][  0]SourceControl: Source control is disabled
[2022.01.22-18.14.27:118][  0]SourceControl: Source control is disabled
[2022.01.22-18.14.27:120][  0]SourceControl: Source control is disabled
[2022.01.22-18.14.27:127][  0]LogUProjectInfo: Found projects:
[2022.01.22-18.14.27:321][  0]LogOpenImageDenoise: OIDN starting up
[2022.01.22-18.14.27:377][  0]LogAndroidPermission: UAndroidPermissionCallbackProxy::GetInstance
[2022.01.22-18.14.27:398][  0]LogAudioCaptureCore: Display: No Audio Capture implementations found. Audio input will be silent.
[2022.01.22-18.14.27:398][  0]LogAudioCaptureCore: Display: No Audio Capture implementations found. Audio input will be silent.
[2022.01.22-18.14.27:523][  0]LogCollectionManager: Loaded 0 collections in 0.000708 seconds
[2022.01.22-18.14.27:547][  0]LogFileCache: Scanning file cache for directory 'D:/Josh/Documents/GGC_2022_Duality/ForceDupe/Saved/Collections/' took 0.00s
[2022.01.22-18.14.27:547][  0]LogFileCache: Scanning file cache for directory 'D:/Josh/Documents/GGC_2022_Duality/ForceDupe/Content/Developers/Josh/Collections/' took 0.00s
[2022.01.22-18.14.27:547][  0]LogFileCache: Scanning file cache for directory 'D:/Josh/Documents/GGC_2022_Duality/ForceDupe/Content/Collections/' took 0.00s
[2022.01.22-18.14.27:547][  0]LogOcInput: OculusInput pre-init called
[2022.01.22-18.14.27:760][  0]LogEngine: Initializing Engine...
[2022.01.22-18.14.28:209][  0]LogHMD: Failed to enumerate extensions. Please check that you have a valid OpenXR runtime installed.
[2022.01.22-18.14.28:215][  0]LogHMD: Failed to initialize OpenVR with code 110
[2022.01.22-18.14.28:226][  0]LogMagicLeap: Warning: VR disabled because ZI is not enabled.  To enable, in the editor, Edit -> Project Settings -> Plugins -> Magic Leap Plugin -> Enable Zero Iteration
[2022.01.22-18.14.28:227][  0]LogStats: UGameplayTagsManager::InitializeManager -  0.000 s
[2022.01.22-18.14.28:370][  0]LogInit: Initializing FReadOnlyCVARCache
[2022.01.22-18.14.28:381][  0]LogAIModule: Creating AISystem for world Untitled
[2022.01.22-18.14.28:385][  0]LogAudio: Display: Initializing Audio Device Manager...
[2022.01.22-18.14.28:389][  0]LogAudio: Display: Loading Default Audio Settings Objects...
[2022.01.22-18.14.28:389][  0]LogAudio: Display: No default SoundConcurrencyObject specified (or failed to load).
[2022.01.22-18.14.28:390][  0]LogAudio: Display: Audio Device Manager Initialized
[2022.01.22-18.14.28:390][  0]LogAudio: Display: Creating Audio Device:                 Id: 1, Scope: Shared, Realtime: True
[2022.01.22-18.14.28:390][  0]LogAudioMixer: Display: Audio Mixer Platform Settings:
[2022.01.22-18.14.28:390][  0]LogAudioMixer: Display: 	Sample Rate:						  48000
[2022.01.22-18.14.28:390][  0]LogAudioMixer: Display: 	Callback Buffer Frame Size Requested: 1024
[2022.01.22-18.14.28:390][  0]LogAudioMixer: Display: 	Callback Buffer Frame Size To Use:	  1024
[2022.01.22-18.14.28:390][  0]LogAudioMixer: Display: 	Number of buffers to queue:			  2
[2022.01.22-18.14.28:390][  0]LogAudioMixer: Display: 	Max Channels (voices):				  32
[2022.01.22-18.14.28:390][  0]LogAudioMixer: Display: 	Number of Async Source Workers:		  0
[2022.01.22-18.14.28:390][  0]LogAudio: Display: AudioDevice MaxSources: 32
[2022.01.22-18.14.28:391][  0]LogAudio: Display: Audio Spatialization Plugin: None (built-in).
[2022.01.22-18.14.28:391][  0]LogAudio: Display: Audio Reverb Plugin: None (built-in).
[2022.01.22-18.14.28:391][  0]LogAudio: Display: Audio Occlusion Plugin: None (built-in).
[2022.01.22-18.14.28:391][  0]LogAudioMixer: Display: Initializing audio mixer.
[2022.01.22-18.14.28:403][  0]LogAudioMixer: Display: 0: FrontLeft
[2022.01.22-18.14.28:403][  0]LogAudioMixer: Display: 1: FrontRight
[2022.01.22-18.14.28:430][  0]LogAudioMixer: Display: Using Audio Device Headphones (High Definition Audio Device)
[2022.01.22-18.14.28:432][  0]LogAudioMixer: Display: Initializing Sound Submixes...
[2022.01.22-18.14.28:435][  0]LogAudioMixer: Display: Creating Master Submix 'MasterSubmixDefault'
[2022.01.22-18.14.28:435][  0]LogAudioMixer: Display: Creating Master Submix 'MasterReverbSubmixDefault'
[2022.01.22-18.14.28:436][  0]LogAudioMixer: Display: Creating Master Submix 'MasterEQSubmixDefault'
[2022.01.22-18.14.28:436][  0]LogAudioMixer: FMixerPlatformXAudio2::StartAudioStream() called
[2022.01.22-18.14.28:436][  0]LogAudioMixer: Display: Output buffers initialized: Frames=1024, Channels=2, Samples=2048
[2022.01.22-18.14.28:437][  0]LogAudioMixer: Display: Starting AudioMixerPlatformInterface::RunInternal()
[2022.01.22-18.14.28:437][  0]LogAudioMixer: Display: FMixerPlatformXAudio2::SubmitBuffer() called for the first time
[2022.01.22-18.14.28:437][  0]LogInit: FAudioDevice initialized.
[2022.01.22-18.14.28:437][  0]LogAudio: Display: Audio Device (ID: 1) registered with world 'Untitled'.
[2022.01.22-18.14.28:437][  0]LogNetVersion: Set ProjectVersion to 1.0.0.0. Version Checksum will be recalculated on next use.
[2022.01.22-18.14.28:519][  0]LogDerivedDataCache: Saved boot cache 0.08s 97MB C:/Users/Josh/AppData/Local/UnrealEngine/4.27/DerivedDataCache/Boot.ddc.
[2022.01.22-18.14.28:519][  0]LogInit: Texture streaming: Enabled
[2022.01.22-18.14.28:531][  0]LogAnalytics: Display: [UEEditor.Rocket.Release] APIServer = https://datarouter.ol.epicgames.com/. AppVersion = 4.27.2-18319896+++UE4+Release-4.27
[2022.01.22-18.14.28:534][  0]LogEngineSessionManager: EngineSessionManager initialized
[2022.01.22-18.14.28:534][  0]LogEditorSessionSummary: Verbose: Initializing EditorSessionSummaryWriter for editor session tracking
[2022.01.22-18.14.28:536][  0]LogEditorSessionSummary: EditorSessionSummaryWriter initialized
[2022.01.22-18.14.28:563][  0]LogInit: Transaction tracking system initialized
[2022.01.22-18.14.28:582][  0]BlueprintLog: New page: Editor Load
[2022.01.22-18.14.28:681][  0]LocalizationService: Localization service is disabled
[2022.01.22-18.14.28:706][  0]TimingProfiler: Initialize
[2022.01.22-18.14.28:706][  0]TimingProfiler: OnSessionChanged
[2022.01.22-18.14.28:706][  0]LoadingProfiler: Initialize
[2022.01.22-18.14.28:706][  0]LoadingProfiler: OnSessionChanged
[2022.01.22-18.14.28:706][  0]NetworkingProfiler: Initialize
[2022.01.22-18.14.28:706][  0]NetworkingProfiler: OnSessionChanged
[2022.01.22-18.14.28:706][  0]MemoryProfiler: Initialize
[2022.01.22-18.14.28:706][  0]MemoryProfiler: OnSessionChanged
[2022.01.22-18.14.28:709][  0]LogClass: Warning: In asset 'None', there is an enum property of type 'EIOSVersion' with an invalid value of 'IOS_11'
[2022.01.22-18.14.28:710][  0]LogObj: Error: LoadConfig (/Script/IOSRuntimeSettings.Default__IOSRuntimeSettings): import failed for MinimumiOSVersion in: IOS_11
[2022.01.22-18.14.29:107][  0]LogCook: Display: CookSettings for Memory: MemoryMaxUsedVirtual 0MiB, MemoryMaxUsedPhysical 16384MiB, MemoryMinFreeVirtual 0MiB, MemoryMinFreePhysical 1024MiB
[2022.01.22-18.14.29:107][  0]LogCook: Display: Mobile HDR setting 1
[2022.01.22-18.14.29:274][  0]LogFileCache: Scanning file cache for directory 'D:/Josh/Documents/GGC_2022_Duality/ForceDupe/Content/' took 0.00s
[2022.01.22-18.14.29:457][  0]LogInit: Display: Engine is initialized. Leaving FEngineLoop::Init()
[2022.01.22-18.14.29:460][  0]SourceControl: Source control is disabled
[2022.01.22-18.14.29:460][  0]LogUnrealEdMisc: Loading editor; pre map load, took 16.783
[2022.01.22-18.14.29:460][  0]Cmd: MAP LOAD FILE="../../../../Josh/Documents/GGC_2022_Duality/ForceDupe/Content/FirstPersonCPP/Maps/FirstPersonExampleMap.umap" TEMPLATE=0 SHOWPROGRESS=1 FEATURELEVEL=3
[2022.01.22-18.14.29:461][  0]LightingResults: New page: Lighting Build
[2022.01.22-18.14.29:462][  0]LogWorld: UWorld::CleanupWorld for Untitled, bSessionEnded=true, bCleanupResources=true
[2022.01.22-18.14.29:462][  0]LogSlate: InvalidateAllWidgets triggered.  All widgets were invalidated
[2022.01.22-18.14.29:462][  0]MapCheck: New page: Map Check
[2022.01.22-18.14.29:462][  0]LightingResults: New page: Lighting Build
[2022.01.22-18.14.29:467][  0]LogAudio: Display: Audio Device unregistered from world 'None'.
[2022.01.22-18.14.29:470][  0]LogUObjectHash: Compacting FUObjectHashTables data took   0.85ms
[2022.01.22-18.14.29:793][  0]LogTexture: Display: Building textures: LQ_Lightmap_1_5 (OODLE_DXT1, 64X64)
[2022.01.22-18.14.29:793][  0]LogTexture: Display: Building textures: HQ_Lightmap1_5 (OODLE_AutoDXT, 64X64)
[2022.01.22-18.14.29:793][  0]LogTexture: Display: Building textures: SkyOcclusion1_5 (OODLE_AutoDXT, 64X32)
[2022.01.22-18.14.29:793][  0]LogTexture: Display: Building textures: ShadowMapTexture2D_10 (G8, 1024X1024)
[2022.01.22-18.14.29:940][  0]LogTexture: Display: Building textures: SkyOcclusion1_4 (OODLE_AutoDXT, 2048X1024)
[2022.01.22-18.14.29:940][  0]LogTexture: Display: Building textures: ShadowMapTexture2D_15 (G8, 32X32)
[2022.01.22-18.14.29:940][  0]LogTexture: Display: Building textures: ShadowMapTexture2D_11 (G8, 1024X1024)
[2022.01.22-18.14.29:940][  0]LogTexture: Display: Building textures: ShadowMapTexture2D_12 (G8, 1024X1024)
[2022.01.22-18.14.29:940][  0]LogTexture: Display: Building textures: ShadowMapTexture2D_14 (G8, 1024X1024)
[2022.01.22-18.14.29:940][  0]LogTexture: Display: Building textures: ShadowMapTexture2D_8 (G8, 1024X1024)
[2022.01.22-18.14.29:940][  0]LogTexture: Display: Building textures: ShadowMapTexture2D_13 (G8, 1024X1024)
[2022.01.22-18.14.29:940][  0]LogTextureFormatOodle: Display: non-RDO encode 2048 x 1024 x 1 to format OODLE_AutoDXT (Oodle OodleTex_BC3) lambda=0 effort=20 
[2022.01.22-18.14.29:940][  0]LogTexture: Display: Building textures: SkyOcclusion1_2 (OODLE_AutoDXT, 2048X1024)
[2022.01.22-18.14.29:940][  0]LogTextureFormatOodle: Display: non-RDO encode 2048 x 1024 x 1 to format OODLE_AutoDXT (Oodle OodleTex_BC3) lambda=0 effort=20 
[2022.01.22-18.14.29:940][  0]LogTextureFormatOodle: Display: non-RDO encode 1024 x 512 x 1 to format OODLE_AutoDXT (Oodle OodleTex_BC3) lambda=0 effort=20 
[2022.01.22-18.14.29:940][  0]LogTexture: Display: Building textures: SkyOcclusion1_1 (OODLE_AutoDXT, 2048X1024)
[2022.01.22-18.14.29:940][  0]LogTextureFormatOodle: Display: non-RDO encode 1024 x 512 x 1 to format OODLE_AutoDXT (Oodle OodleTex_BC3) lambda=0 effort=20 
[2022.01.22-18.14.29:940][  0]LogTexture: Display: Building textures: DeprecatedTextureD5B55AC7496CD3FBF6154CA3715BB71F (BGRA8, 128X128)
[2022.01.22-18.14.30:563][  0]LogTextureFormatOodle: Display: non-RDO encode 2048 x 1024 x 1 to format OODLE_AutoDXT (Oodle OodleTex_BC3) lambda=0 effort=20 
[2022.01.22-18.14.30:563][  0]LogTextureFormatOodle: Display: non-RDO encode 1024 x 512 x 1 to format OODLE_AutoDXT (Oodle OodleTex_BC3) lambda=0 effort=20 
[2022.01.22-18.14.30:563][  0]LogTexture: Display: Building textures: ShadowMapTexture2D_9 (G8, 1024X1024)
[2022.01.22-18.14.30:563][  0]LogTexture: Display: Building textures: SkyOcclusion1_3 (OODLE_AutoDXT, 2048X1024)
[2022.01.22-18.14.30:563][  0]LogTextureFormatOodle: Display: non-RDO encode 2048 x 1024 x 1 to format OODLE_AutoDXT (Oodle OodleTex_BC3) lambda=0 effort=20 
[2022.01.22-18.14.30:563][  0]LogTextureFormatOodle: Display: non-RDO encode 1024 x 512 x 1 to format OODLE_AutoDXT (Oodle OodleTex_BC3) lambda=0 effort=20 
[2022.01.22-18.14.30:563][  0]LogTexture: Display: Building textures: LQ_Lightmap_1_2 (OODLE_DXT1, 2048X2048)
[2022.01.22-18.14.30:563][  0]LogTextureFormatOodle: Display: non-RDO encode 2048 x 2048 x 1 to format OODLE_DXT1 (Oodle OodleTex_BC1_WithTransparency) lambda=0 effort=20 
[2022.01.22-18.14.30:563][  0]LogTextureFormatOodle: Display: non-RDO encode 1024 x 1024 x 1 to format OODLE_DXT1 (Oodle OodleTex_BC1_WithTransparency) lambda=0 effort=20 
[2022.01.22-18.14.30:563][  0]LogTexture: Display: Building textures: HQ_Lightmap1_1 (OODLE_AutoDXT, 2048X2048)
[2022.01.22-18.14.30:563][  0]LogTextureFormatOodle: Display: non-RDO encode 1024 x 1024 x 1 to format OODLE_AutoDXT (Oodle OodleTex_BC3) lambda=0 effort=20 
[2022.01.22-18.14.30:563][  0]LogTextureFormatOodle: Display: non-RDO encode 2048 x 2048 x 1 to format OODLE_AutoDXT (Oodle OodleTex_BC3) lambda=0 effort=20 
[2022.01.22-18.14.30:563][  0]LogTexture: Display: Building textures: LQ_Lightmap_1_4 (OODLE_DXT1, 2048X2048)
[2022.01.22-18.14.30:563][  0]LogTexture: Display: Building textures: LQ_Lightmap_1_1 (OODLE_DXT1, 2048X2048)
[2022.01.22-18.14.30:563][  0]LogTextureFormatOodle: Display: non-RDO encode 2048 x 2048 x 1 to format OODLE_DXT1 (Oodle OodleTex_BC1_WithTransparency) lambda=0 effort=20 
[2022.01.22-18.14.30:563][  0]LogTextureFormatOodle: Display: non-RDO encode 1024 x 1024 x 1 to format OODLE_DXT1 (Oodle OodleTex_BC1_WithTransparency) lambda=0 effort=20 
[2022.01.22-18.14.30:563][  0]LogTextureFormatOodle: Display: non-RDO encode 2048 x 2048 x 1 to format OODLE_DXT1 (Oodle OodleTex_BC1_WithTransparency) lambda=0 effort=20 
[2022.01.22-18.14.30:563][  0]LogTextureFormatOodle: Display: non-RDO encode 1024 x 1024 x 1 to format OODLE_DXT1 (Oodle OodleTex_BC1_WithTransparency) lambda=0 effort=20 
[2022.01.22-18.14.30:563][  0]LogTexture: Display: Building textures: HQ_Lightmap1_4 (OODLE_AutoDXT, 2048X2048)
[2022.01.22-18.14.30:563][  0]LogTextureFormatOodle: Display: non-RDO encode 1024 x 1024 x 1 to format OODLE_AutoDXT (Oodle OodleTex_BC3) lambda=0 effort=20 
[2022.01.22-18.14.30:563][  0]LogTextureFormatOodle: Display: non-RDO encode 2048 x 2048 x 1 to format OODLE_AutoDXT (Oodle OodleTex_BC3) lambda=0 effort=20 
[2022.01.22-18.14.30:563][  0]LogTexture: Display: Building textures: LQ_Lightmap_1_3 (OODLE_DXT1, 2048X2048)
[2022.01.22-18.14.30:563][  0]LogTextureFormatOodle: Display: non-RDO encode 1024 x 1024 x 1 to format OODLE_DXT1 (Oodle OodleTex_BC1_WithTransparency) lambda=0 effort=20 
[2022.01.22-18.14.30:563][  0]LogTextureFormatOodle: Display: non-RDO encode 2048 x 2048 x 1 to format OODLE_DXT1 (Oodle OodleTex_BC1_WithTransparency) lambda=0 effort=20 
[2022.01.22-18.14.30:563][  0]LogTexture: Display: Building textures: HQ_Lightmap1_2 (OODLE_AutoDXT, 2048X2048)
[2022.01.22-18.14.30:563][  0]LogTextureFormatOodle: Display: non-RDO encode 1024 x 1024 x 1 to format OODLE_AutoDXT (Oodle OodleTex_BC3) lambda=0 effort=20 
[2022.01.22-18.14.30:563][  0]LogTextureFormatOodle: Display: non-RDO encode 2048 x 2048 x 1 to format OODLE_AutoDXT (Oodle OodleTex_BC3) lambda=0 effort=20 
[2022.01.22-18.14.30:563][  0]LogTexture: Display: Building textures: HQ_Lightmap1_3 (OODLE_AutoDXT, 2048X2048)
[2022.01.22-18.14.30:563][  0]LogTextureFormatOodle: Display: non-RDO encode 2048 x 2048 x 1 to format OODLE_AutoDXT (Oodle OodleTex_BC3) lambda=0 effort=20 
[2022.01.22-18.14.30:563][  0]LogTextureFormatOodle: Display: non-RDO encode 1024 x 1024 x 1 to format OODLE_AutoDXT (Oodle OodleTex_BC3) lambda=0 effort=20 
[2022.01.22-18.14.30:563][  0]LogAudio: Display: Audio Device (ID: 1) registered with world 'FirstPersonExampleMap'.
[2022.01.22-18.14.30:565][  0]LogAIModule: Creating AISystem for world FirstPersonExampleMap
[2022.01.22-18.14.30:709][  0]LogEditorServer: Finished looking for orphan Actors (0.000 secs)
[2022.01.22-18.14.30:732][  0]LogUObjectHash: Compacting FUObjectHashTables data took   2.22ms
[2022.01.22-18.14.30:750][  0]Cmd: MAP CHECKDEP NOCLEARLOG
[2022.01.22-18.14.30:750][  0]MapCheck: Map check complete: 0 Error(s), 0 Warning(s), took 0.22ms to complete.
[2022.01.22-18.14.30:750][  0]LogFileHelpers: Loading map 'FirstPersonExampleMap' took 1.290
[2022.01.22-18.14.30:756][  0]LogUnrealEdMisc: Total Editor Startup Time, took 18.079
[2022.01.22-18.14.31:138][  0]LogSlate: Updating window title bar state: overlay mode, drag disabled, window buttons hidden, title bar hidden
[2022.01.22-18.14.31:154][  0]LogSlate: Updating window title bar state: overlay mode, drag disabled, window buttons hidden, title bar hidden
[2022.01.22-18.14.31:172][  0]LogSlate: Updating window title bar state: overlay mode, drag disabled, window buttons hidden, title bar hidden
[2022.01.22-18.14.31:190][  0]LogSlate: Updating window title bar state: overlay mode, drag disabled, window buttons hidden, title bar hidden
[2022.01.22-18.14.31:474][  0]LogNativeClassHierarchy: Verbose: Native class hierarchy populated in 0.0182 seconds. Added 3827 classes and 930 folders.
[2022.01.22-18.14.31:582][  0]LogNativeClassHierarchy: Verbose: Native class hierarchy updated for 'WidgetCarousel' in 0.0007 seconds. Added 0 classes and 0 folders.
[2022.01.22-18.14.31:668][  0]LogPakFile: PakFile PrimaryIndexSize=187
[2022.01.22-18.14.31:668][  0]LogPakFile: PakFile PathHashIndexSize=101
[2022.01.22-18.14.31:668][  0]LogPakFile: PakFile FullDirectoryIndexSize=148
[2022.01.22-18.14.31:668][  0]LogShaderLibrary: Display: ShaderCodeLibraryPakFileMountedCallback: PakFile 'D:/UE_4.27/FeaturePacks/FP_FirstPerson.upack' (chunk index -1, root 'root:/') mounted
[2022.01.22-18.14.31:668][  0]LogShaderLibrary: Display: ShaderCodeLibraryPakFileMountedCallback: pending pak file info (ChunkID:-1 Root:root:/ File:D:/UE_4.27/FeaturePacks/FP_FirstPerson.upack)
[2022.01.22-18.14.31:668][  0]LogPakFile: OnPakFileMounted2Time == 0.000143
[2022.01.22-18.14.31:690][  0]LogPakFile: PakFile PrimaryIndexSize=189
[2022.01.22-18.14.31:690][  0]LogPakFile: PakFile PathHashIndexSize=101
[2022.01.22-18.14.31:690][  0]LogPakFile: PakFile FullDirectoryIndexSize=152
[2022.01.22-18.14.31:690][  0]LogShaderLibrary: Display: ShaderCodeLibraryPakFileMountedCallback: PakFile 'D:/UE_4.27/FeaturePacks/FP_FirstPersonBP.upack' (chunk index -1, root 'root:/') mounted
[2022.01.22-18.14.31:690][  0]LogShaderLibrary: Display: ShaderCodeLibraryPakFileMountedCallback: pending pak file info (ChunkID:-1 Root:root:/ File:D:/UE_4.27/FeaturePacks/FP_FirstPersonBP.upack)
[2022.01.22-18.14.31:690][  0]LogPakFile: OnPakFileMounted2Time == 0.000080
[2022.01.22-18.14.31:718][  0]LogPakFile: PakFile PrimaryIndexSize=191
[2022.01.22-18.14.31:718][  0]LogPakFile: PakFile PathHashIndexSize=101
[2022.01.22-18.14.31:718][  0]LogPakFile: PakFile FullDirectoryIndexSize=160
[2022.01.22-18.14.31:718][  0]LogShaderLibrary: Display: ShaderCodeLibraryPakFileMountedCallback: PakFile 'D:/UE_4.27/FeaturePacks/MobileStarterContent.upack' (chunk index -1, root 'root:/') mounted
[2022.01.22-18.14.31:718][  0]LogShaderLibrary: Display: ShaderCodeLibraryPakFileMountedCallback: pending pak file info (ChunkID:-1 Root:root:/ File:D:/UE_4.27/FeaturePacks/MobileStarterContent.upack)
[2022.01.22-18.14.31:718][  0]LogPakFile: OnPakFileMounted2Time == 0.000080
[2022.01.22-18.14.31:734][  0]LogPakFile: PakFile PrimaryIndexSize=185
[2022.01.22-18.14.31:734][  0]LogPakFile: PakFile PathHashIndexSize=101
[2022.01.22-18.14.31:734][  0]LogPakFile: PakFile FullDirectoryIndexSize=148
[2022.01.22-18.14.31:734][  0]LogShaderLibrary: Display: ShaderCodeLibraryPakFileMountedCallback: PakFile 'D:/UE_4.27/FeaturePacks/StarterContent.upack' (chunk index -1, root 'root:/') mounted
[2022.01.22-18.14.31:734][  0]LogShaderLibrary: Display: ShaderCodeLibraryPakFileMountedCallback: pending pak file info (ChunkID:-1 Root:root:/ File:D:/UE_4.27/FeaturePacks/StarterContent.upack)
[2022.01.22-18.14.31:734][  0]LogPakFile: OnPakFileMounted2Time == 0.000116
[2022.01.22-18.14.31:748][  0]LogPakFile: PakFile PrimaryIndexSize=190
[2022.01.22-18.14.31:748][  0]LogPakFile: PakFile PathHashIndexSize=101
[2022.01.22-18.14.31:748][  0]LogPakFile: PakFile FullDirectoryIndexSize=154
[2022.01.22-18.14.31:748][  0]LogShaderLibrary: Display: ShaderCodeLibraryPakFileMountedCallback: PakFile 'D:/UE_4.27/FeaturePacks/TP_2DSideScroller.upack' (chunk index -1, root 'root:/') mounted
[2022.01.22-18.14.31:748][  0]LogShaderLibrary: Display: ShaderCodeLibraryPakFileMountedCallback: pending pak file info (ChunkID:-1 Root:root:/ File:D:/UE_4.27/FeaturePacks/TP_2DSideScroller.upack)
[2022.01.22-18.14.31:748][  0]LogPakFile: OnPakFileMounted2Time == 0.000057
[2022.01.22-18.14.31:761][  0]LogPakFile: PakFile PrimaryIndexSize=192
[2022.01.22-18.14.31:761][  0]LogPakFile: PakFile PathHashIndexSize=101
[2022.01.22-18.14.31:761][  0]LogPakFile: PakFile FullDirectoryIndexSize=158
[2022.01.22-18.14.31:761][  0]LogShaderLibrary: Display: ShaderCodeLibraryPakFileMountedCallback: PakFile 'D:/UE_4.27/FeaturePacks/TP_2DSideScrollerBP.upack' (chunk index -1, root 'root:/') mounted
[2022.01.22-18.14.31:761][  0]LogShaderLibrary: Display: ShaderCodeLibraryPakFileMountedCallback: pending pak file info (ChunkID:-1 Root:root:/ File:D:/UE_4.27/FeaturePacks/TP_2DSideScrollerBP.upack)
[2022.01.22-18.14.31:762][  0]LogPakFile: OnPakFileMounted2Time == 0.000123
[2022.01.22-18.14.31:812][  0]LogPakFile: PakFile PrimaryIndexSize=182
[2022.01.22-18.14.31:812][  0]LogPakFile: PakFile PathHashIndexSize=101
[2022.01.22-18.14.31:812][  0]LogPakFile: PakFile FullDirectoryIndexSize=138
[2022.01.22-18.14.31:812][  0]LogShaderLibrary: Display: ShaderCodeLibraryPakFileMountedCallback: PakFile 'D:/UE_4.27/FeaturePacks/TP_Flying.upack' (chunk index -1, root 'root:/') mounted
[2022.01.22-18.14.31:812][  0]LogShaderLibrary: Display: ShaderCodeLibraryPakFileMountedCallback: pending pak file info (ChunkID:-1 Root:root:/ File:D:/UE_4.27/FeaturePacks/TP_Flying.upack)
[2022.01.22-18.14.31:812][  0]LogPakFile: OnPakFileMounted2Time == 0.000101
[2022.01.22-18.14.31:831][  0]LogPakFile: PakFile PrimaryIndexSize=184
[2022.01.22-18.14.31:831][  0]LogPakFile: PakFile PathHashIndexSize=101
[2022.01.22-18.14.31:831][  0]LogPakFile: PakFile FullDirectoryIndexSize=142
[2022.01.22-18.14.31:831][  0]LogShaderLibrary: Display: ShaderCodeLibraryPakFileMountedCallback: PakFile 'D:/UE_4.27/FeaturePacks/TP_FlyingBP.upack' (chunk index -1, root 'root:/') mounted
[2022.01.22-18.14.31:831][  0]LogShaderLibrary: Display: ShaderCodeLibraryPakFileMountedCallback: pending pak file info (ChunkID:-1 Root:root:/ File:D:/UE_4.27/FeaturePacks/TP_FlyingBP.upack)
[2022.01.22-18.14.31:831][  0]LogPakFile: OnPakFileMounted2Time == 0.000055
[2022.01.22-18.14.31:854][  0]LogPakFile: PakFile PrimaryIndexSize=188
[2022.01.22-18.14.31:854][  0]LogPakFile: PakFile PathHashIndexSize=101
[2022.01.22-18.14.31:854][  0]LogPakFile: PakFile FullDirectoryIndexSize=150
[2022.01.22-18.14.31:854][  0]LogShaderLibrary: Display: ShaderCodeLibraryPakFileMountedCallback: PakFile 'D:/UE_4.27/FeaturePacks/TP_HandheldARBP.upack' (chunk index -1, root 'root:/') mounted
[2022.01.22-18.14.31:854][  0]LogShaderLibrary: Display: ShaderCodeLibraryPakFileMountedCallback: pending pak file info (ChunkID:-1 Root:root:/ File:D:/UE_4.27/FeaturePacks/TP_HandheldARBP.upack)
[2022.01.22-18.14.31:854][  0]LogPakFile: OnPakFileMounted2Time == 0.000064
[2022.01.22-18.14.31:877][  0]LogPakFile: PakFile PrimaryIndexSize=182
[2022.01.22-18.14.31:877][  0]LogPakFile: PakFile PathHashIndexSize=101
[2022.01.22-18.14.31:877][  0]LogPakFile: PakFile FullDirectoryIndexSize=138
[2022.01.22-18.14.31:877][  0]LogShaderLibrary: Display: ShaderCodeLibraryPakFileMountedCallback: PakFile 'D:/UE_4.27/FeaturePacks/TP_Puzzle.upack' (chunk index -1, root 'root:/') mounted
[2022.01.22-18.14.31:877][  0]LogShaderLibrary: Display: ShaderCodeLibraryPakFileMountedCallback: pending pak file info (ChunkID:-1 Root:root:/ File:D:/UE_4.27/FeaturePacks/TP_Puzzle.upack)
[2022.01.22-18.14.31:877][  0]LogPakFile: OnPakFileMounted2Time == 0.000058
[2022.01.22-18.14.31:892][  0]LogPakFile: PakFile PrimaryIndexSize=184
[2022.01.22-18.14.31:892][  0]LogPakFile: PakFile PathHashIndexSize=101
[2022.01.22-18.14.31:892][  0]LogPakFile: PakFile FullDirectoryIndexSize=142
[2022.01.22-18.14.31:892][  0]LogShaderLibrary: Display: ShaderCodeLibraryPakFileMountedCallback: PakFile 'D:/UE_4.27/FeaturePacks/TP_PuzzleBP.upack' (chunk index -1, root 'root:/') mounted
[2022.01.22-18.14.31:892][  0]LogShaderLibrary: Display: ShaderCodeLibraryPakFileMountedCallback: pending pak file info (ChunkID:-1 Root:root:/ File:D:/UE_4.27/FeaturePacks/TP_PuzzleBP.upack)
[2022.01.22-18.14.31:892][  0]LogPakFile: OnPakFileMounted2Time == 0.000055
[2022.01.22-18.14.31:902][  0]LogPakFile: PakFile PrimaryIndexSize=183
[2022.01.22-18.14.31:902][  0]LogPakFile: PakFile PathHashIndexSize=101
[2022.01.22-18.14.31:902][  0]LogPakFile: PakFile FullDirectoryIndexSize=140
[2022.01.22-18.14.31:902][  0]LogShaderLibrary: Display: ShaderCodeLibraryPakFileMountedCallback: PakFile 'D:/UE_4.27/FeaturePacks/TP_Rolling.upack' (chunk index -1, root 'root:/') mounted
[2022.01.22-18.14.31:902][  0]LogShaderLibrary: Display: ShaderCodeLibraryPakFileMountedCallback: pending pak file info (ChunkID:-1 Root:root:/ File:D:/UE_4.27/FeaturePacks/TP_Rolling.upack)
[2022.01.22-18.14.31:903][  0]LogPakFile: OnPakFileMounted2Time == 0.000083
[2022.01.22-18.14.31:911][  0]LogPakFile: PakFile PrimaryIndexSize=185
[2022.01.22-18.14.31:911][  0]LogPakFile: PakFile PathHashIndexSize=101
[2022.01.22-18.14.31:911][  0]LogPakFile: PakFile FullDirectoryIndexSize=144
[2022.01.22-18.14.31:911][  0]LogShaderLibrary: Display: ShaderCodeLibraryPakFileMountedCallback: PakFile 'D:/UE_4.27/FeaturePacks/TP_RollingBP.upack' (chunk index -1, root 'root:/') mounted
[2022.01.22-18.14.31:911][  0]LogShaderLibrary: Display: ShaderCodeLibraryPakFileMountedCallback: pending pak file info (ChunkID:-1 Root:root:/ File:D:/UE_4.27/FeaturePacks/TP_RollingBP.upack)
[2022.01.22-18.14.31:911][  0]LogPakFile: OnPakFileMounted2Time == 0.000060
[2022.01.22-18.14.31:925][  0]LogPakFile: PakFile PrimaryIndexSize=188
[2022.01.22-18.14.31:925][  0]LogPakFile: PakFile PathHashIndexSize=101
[2022.01.22-18.14.31:925][  0]LogPakFile: PakFile FullDirectoryIndexSize=150
[2022.01.22-18.14.31:925][  0]LogShaderLibrary: Display: ShaderCodeLibraryPakFileMountedCallback: PakFile 'D:/UE_4.27/FeaturePacks/TP_SideScroller.upack' (chunk index -1, root 'root:/') mounted
[2022.01.22-18.14.31:925][  0]LogShaderLibrary: Display: ShaderCodeLibraryPakFileMountedCallback: pending pak file info (ChunkID:-1 Root:root:/ File:D:/UE_4.27/FeaturePacks/TP_SideScroller.upack)
[2022.01.22-18.14.31:925][  0]LogPakFile: OnPakFileMounted2Time == 0.000056
[2022.01.22-18.14.31:942][  0]LogPakFile: PakFile PrimaryIndexSize=190
[2022.01.22-18.14.31:942][  0]LogPakFile: PakFile PathHashIndexSize=101
[2022.01.22-18.14.31:942][  0]LogPakFile: PakFile FullDirectoryIndexSize=154
[2022.01.22-18.14.31:942][  0]LogShaderLibrary: Display: ShaderCodeLibraryPakFileMountedCallback: PakFile 'D:/UE_4.27/FeaturePacks/TP_SideScrollerBP.upack' (chunk index -1, root 'root:/') mounted
[2022.01.22-18.14.31:942][  0]LogShaderLibrary: Display: ShaderCodeLibraryPakFileMountedCallback: pending pak file info (ChunkID:-1 Root:root:/ File:D:/UE_4.27/FeaturePacks/TP_SideScrollerBP.upack)
[2022.01.22-18.14.31:942][  0]LogPakFile: OnPakFileMounted2Time == 0.000066
[2022.01.22-18.14.31:951][  0]LogPakFile: PakFile PrimaryIndexSize=187
[2022.01.22-18.14.31:951][  0]LogPakFile: PakFile PathHashIndexSize=101
[2022.01.22-18.14.31:951][  0]LogPakFile: PakFile FullDirectoryIndexSize=148
[2022.01.22-18.14.31:951][  0]LogShaderLibrary: Display: ShaderCodeLibraryPakFileMountedCallback: PakFile 'D:/UE_4.27/FeaturePacks/TP_ThirdPerson.upack' (chunk index -1, root 'root:/') mounted
[2022.01.22-18.14.31:951][  0]LogShaderLibrary: Display: ShaderCodeLibraryPakFileMountedCallback: pending pak file info (ChunkID:-1 Root:root:/ File:D:/UE_4.27/FeaturePacks/TP_ThirdPerson.upack)
[2022.01.22-18.14.31:951][  0]LogPakFile: OnPakFileMounted2Time == 0.000066
[2022.01.22-18.14.31:961][  0]LogPakFile: PakFile PrimaryIndexSize=189
[2022.01.22-18.14.31:961][  0]LogPakFile: PakFile PathHashIndexSize=101
[2022.01.22-18.14.31:961][  0]LogPakFile: PakFile FullDirectoryIndexSize=152
[2022.01.22-18.14.31:961][  0]LogShaderLibrary: Display: ShaderCodeLibraryPakFileMountedCallback: PakFile 'D:/UE_4.27/FeaturePacks/TP_ThirdPersonBP.upack' (chunk index -1, root 'root:/') mounted
[2022.01.22-18.14.31:961][  0]LogShaderLibrary: Display: ShaderCodeLibraryPakFileMountedCallback: pending pak file info (ChunkID:-1 Root:root:/ File:D:/UE_4.27/FeaturePacks/TP_ThirdPersonBP.upack)
[2022.01.22-18.14.31:961][  0]LogPakFile: OnPakFileMounted2Time == 0.000048
[2022.01.22-18.14.31:969][  0]LogPakFile: PakFile PrimaryIndexSize=183
[2022.01.22-18.14.31:969][  0]LogPakFile: PakFile PathHashIndexSize=101
[2022.01.22-18.14.31:969][  0]LogPakFile: PakFile FullDirectoryIndexSize=140
[2022.01.22-18.14.31:969][  0]LogShaderLibrary: Display: ShaderCodeLibraryPakFileMountedCallback: PakFile 'D:/UE_4.27/FeaturePacks/TP_TopDown.upack' (chunk index -1, root 'root:/') mounted
[2022.01.22-18.14.31:969][  0]LogShaderLibrary: Display: ShaderCodeLibraryPakFileMountedCallback: pending pak file info (ChunkID:-1 Root:root:/ File:D:/UE_4.27/FeaturePacks/TP_TopDown.upack)
[2022.01.22-18.14.31:969][  0]LogPakFile: OnPakFileMounted2Time == 0.000060
[2022.01.22-18.14.31:977][  0]LogPakFile: PakFile PrimaryIndexSize=185
[2022.01.22-18.14.31:977][  0]LogPakFile: PakFile PathHashIndexSize=101
[2022.01.22-18.14.31:977][  0]LogPakFile: PakFile FullDirectoryIndexSize=144
[2022.01.22-18.14.31:977][  0]LogShaderLibrary: Display: ShaderCodeLibraryPakFileMountedCallback: PakFile 'D:/UE_4.27/FeaturePacks/TP_TopDownBP.upack' (chunk index -1, root 'root:/') mounted
[2022.01.22-18.14.31:977][  0]LogShaderLibrary: Display: ShaderCodeLibraryPakFileMountedCallback: pending pak file info (ChunkID:-1 Root:root:/ File:D:/UE_4.27/FeaturePacks/TP_TopDownBP.upack)
[2022.01.22-18.14.31:977][  0]LogPakFile: OnPakFileMounted2Time == 0.000047
[2022.01.22-18.14.31:987][  0]LogPakFile: PakFile PrimaryIndexSize=185
[2022.01.22-18.14.31:987][  0]LogPakFile: PakFile PathHashIndexSize=101
[2022.01.22-18.14.31:987][  0]LogPakFile: PakFile FullDirectoryIndexSize=144
[2022.01.22-18.14.31:987][  0]LogShaderLibrary: Display: ShaderCodeLibraryPakFileMountedCallback: PakFile 'D:/UE_4.27/FeaturePacks/TP_TwinStick.upack' (chunk index -1, root 'root:/') mounted
[2022.01.22-18.14.31:987][  0]LogShaderLibrary: Display: ShaderCodeLibraryPakFileMountedCallback: pending pak file info (ChunkID:-1 Root:root:/ File:D:/UE_4.27/FeaturePacks/TP_TwinStick.upack)
[2022.01.22-18.14.31:987][  0]LogPakFile: OnPakFileMounted2Time == 0.000045
[2022.01.22-18.14.32:036][  0]LogPakFile: PakFile PrimaryIndexSize=187
[2022.01.22-18.14.32:036][  0]LogPakFile: PakFile PathHashIndexSize=101
[2022.01.22-18.14.32:036][  0]LogPakFile: PakFile FullDirectoryIndexSize=148
[2022.01.22-18.14.32:036][  0]LogShaderLibrary: Display: ShaderCodeLibraryPakFileMountedCallback: PakFile 'D:/UE_4.27/FeaturePacks/TP_TwinStickBP.upack' (chunk index -1, root 'root:/') mounted
[2022.01.22-18.14.32:036][  0]LogShaderLibrary: Display: ShaderCodeLibraryPakFileMountedCallback: pending pak file info (ChunkID:-1 Root:root:/ File:D:/UE_4.27/FeaturePacks/TP_TwinStickBP.upack)
[2022.01.22-18.14.32:036][  0]LogPakFile: OnPakFileMounted2Time == 0.000053
[2022.01.22-18.14.32:043][  0]LogPakFile: PakFile PrimaryIndexSize=183
[2022.01.22-18.14.32:043][  0]LogPakFile: PakFile PathHashIndexSize=101
[2022.01.22-18.14.32:043][  0]LogPakFile: PakFile FullDirectoryIndexSize=140
[2022.01.22-18.14.32:043][  0]LogShaderLibrary: Display: ShaderCodeLibraryPakFileMountedCallback: PakFile 'D:/UE_4.27/FeaturePacks/TP_Vehicle.upack' (chunk index -1, root 'root:/') mounted
[2022.01.22-18.14.32:043][  0]LogShaderLibrary: Display: ShaderCodeLibraryPakFileMountedCallback: pending pak file info (ChunkID:-1 Root:root:/ File:D:/UE_4.27/FeaturePacks/TP_Vehicle.upack)
[2022.01.22-18.14.32:043][  0]LogPakFile: OnPakFileMounted2Time == 0.000048
[2022.01.22-18.14.32:050][  0]LogPakFile: PakFile PrimaryIndexSize=186
[2022.01.22-18.14.32:050][  0]LogPakFile: PakFile PathHashIndexSize=101
[2022.01.22-18.14.32:050][  0]LogPakFile: PakFile FullDirectoryIndexSize=146
[2022.01.22-18.14.32:050][  0]LogShaderLibrary: Display: ShaderCodeLibraryPakFileMountedCallback: PakFile 'D:/UE_4.27/FeaturePacks/TP_VehicleAdv.upack' (chunk index -1, root 'root:/') mounted
[2022.01.22-18.14.32:050][  0]LogShaderLibrary: Display: ShaderCodeLibraryPakFileMountedCallback: pending pak file info (ChunkID:-1 Root:root:/ File:D:/UE_4.27/FeaturePacks/TP_VehicleAdv.upack)
[2022.01.22-18.14.32:050][  0]LogPakFile: OnPakFileMounted2Time == 0.000048
[2022.01.22-18.14.32:057][  0]LogPakFile: PakFile PrimaryIndexSize=188
[2022.01.22-18.14.32:057][  0]LogPakFile: PakFile PathHashIndexSize=101
[2022.01.22-18.14.32:057][  0]LogPakFile: PakFile FullDirectoryIndexSize=150
[2022.01.22-18.14.32:057][  0]LogShaderLibrary: Display: ShaderCodeLibraryPakFileMountedCallback: PakFile 'D:/UE_4.27/FeaturePacks/TP_VehicleAdvBP.upack' (chunk index -1, root 'root:/') mounted
[2022.01.22-18.14.32:057][  0]LogShaderLibrary: Display: ShaderCodeLibraryPakFileMountedCallback: pending pak file info (ChunkID:-1 Root:root:/ File:D:/UE_4.27/FeaturePacks/TP_VehicleAdvBP.upack)
[2022.01.22-18.14.32:057][  0]LogPakFile: OnPakFileMounted2Time == 0.000046
[2022.01.22-18.14.32:064][  0]LogPakFile: PakFile PrimaryIndexSize=185
[2022.01.22-18.14.32:064][  0]LogPakFile: PakFile PathHashIndexSize=101
[2022.01.22-18.14.32:064][  0]LogPakFile: PakFile FullDirectoryIndexSize=144
[2022.01.22-18.14.32:064][  0]LogShaderLibrary: Display: ShaderCodeLibraryPakFileMountedCallback: PakFile 'D:/UE_4.27/FeaturePacks/TP_VehicleBP.upack' (chunk index -1, root 'root:/') mounted
[2022.01.22-18.14.32:064][  0]LogShaderLibrary: Display: ShaderCodeLibraryPakFileMountedCallback: pending pak file info (ChunkID:-1 Root:root:/ File:D:/UE_4.27/FeaturePacks/TP_VehicleBP.upack)
[2022.01.22-18.14.32:064][  0]LogPakFile: OnPakFileMounted2Time == 0.000066
[2022.01.22-18.14.32:071][  0]LogPakFile: PakFile PrimaryIndexSize=192
[2022.01.22-18.14.32:071][  0]LogPakFile: PakFile PathHashIndexSize=101
[2022.01.22-18.14.32:071][  0]LogPakFile: PakFile FullDirectoryIndexSize=158
[2022.01.22-18.14.32:071][  0]LogShaderLibrary: Display: ShaderCodeLibraryPakFileMountedCallback: PakFile 'D:/UE_4.27/FeaturePacks/TP_VirtualRealityBP.upack' (chunk index -1, root 'root:/') mounted
[2022.01.22-18.14.32:071][  0]LogShaderLibrary: Display: ShaderCodeLibraryPakFileMountedCallback: pending pak file info (ChunkID:-1 Root:root:/ File:D:/UE_4.27/FeaturePacks/TP_VirtualRealityBP.upack)
[2022.01.22-18.14.32:071][  0]LogPakFile: OnPakFileMounted2Time == 0.000059
[2022.01.22-18.14.32:899][  0]LogNativeClassHierarchy: Verbose: Native class hierarchy updated for 'AddContentDialog' in 0.0004 seconds. Added 0 classes and 0 folders.
[2022.01.22-18.14.32:920][  0]LogNativeClassHierarchy: Verbose: Native class hierarchy updated for 'SceneOutliner' in 0.0004 seconds. Added 2 classes and 0 folders.
[2022.01.22-18.14.33:235][  0]LogSlate: Took 0.000198 seconds to synchronously load lazily loaded font '../../../Engine/Content/Slate/Fonts/Roboto-Regular.ttf' (155K)
[2022.01.22-18.14.33:244][  0]LogSlate: Took 0.007775 seconds to synchronously load lazily loaded font '../../../Engine/Content/Editor/Slate/Fonts/FontAwesome.ttf' (139K)
[2022.01.22-18.14.33:252][  0]LogSlate: Took 0.000181 seconds to synchronously load lazily loaded font '../../../Engine/Content/Slate/Fonts/Roboto-Bold.ttf' (160K)
[2022.01.22-18.14.33:497][  0]LogRenderer: Reallocating scene render targets to support 1208x572 Format 10 NumSamples 1 (Frame:1).
[2022.01.22-18.14.33:741][  0]LogSlate: Took 0.000230 seconds to synchronously load lazily loaded font '../../../Engine/Content/Slate/Fonts/Roboto-Light.ttf' (167K)
[2022.01.22-18.14.33:836][  0]LogNativeClassHierarchy: Verbose: Native class hierarchy updated for 'HierarchicalLODOutliner' in 0.0005 seconds. Added 0 classes and 0 folders.
[2022.01.22-18.14.33:836][  0]LogInput: Warning: Action Jump uses invalid key OculusGo_Left_Trigger_Click.
[2022.01.22-18.14.33:836][  0]LogInput: Warning: Action Fire uses invalid key OculusGo_Left_Trackpad_Click.
[2022.01.22-18.14.33:836][  0]LogInput: Warning: Action ResetVR uses invalid key OculusGo_Left_Back_Click.
[2022.01.22-18.14.33:836][  0]LogInput: Warning: Use -RemoveInvalidKeys to remove instances of these keys from the action mapping.
[2022.01.22-18.14.33:836][  0]LogLoad: (Engine Initialization) Total time: 21.16 seconds
[2022.01.22-18.14.33:836][  0]LogLoad: (Engine Initialization) Total Blueprint compile time: 0.00 seconds
[2022.01.22-18.14.33:891][  0]LogAssetRegistry: Asset discovery search completed in 17.4539 seconds
[2022.01.22-18.14.33:898][  0]LogCollectionManager: Fixed up redirectors for 0 collections in 0.000004 seconds (updated 0 objects)
[2022.01.22-18.14.33:899][  0]LogContentStreaming: Texture pool size now 1000 MB
[2022.01.22-18.16.10:066][289]LogAudioMixer: Warning: Changing default audio render device to new device: {0.0.0.00000000}.{7ffeb946-b722-43dc-a1f9-71677d415131}.
[2022.01.22-18.16.10:066][289]LogAudioMixer: Resetting audio stream to device id 
[2022.01.22-18.16.10:072][289]LogAudioMixer: Display: 0: FrontLeft
[2022.01.22-18.16.10:072][289]LogAudioMixer: Display: 1: FrontRight
