Log file open, 01/22/22 13:17:32
LogWindows: Failed to load 'aqProf.dll' (GetLastError=126)
LogWindows: File 'aqProf.dll' does not exist
LogWindows: Failed to load 'VtuneApi.dll' (GetLastError=126)
LogWindows: File 'VtuneApi.dll' does not exist
LogWindows: Failed to load 'VtuneApi32e.dll' (GetLastError=126)
LogWindows: File 'VtuneApi32e.dll' does not exist
LogConsoleResponse: Display: Failed to find resolution value strings in scalability ini. Falling back to default.
LogConsoleResponse: Display: Failed to find resolution value strings in scalability ini. Falling back to default.
LogInit: Display: Running engine for game: ForceDupe
LogPlatformFile: Not using cached read wrapper
LogTaskGraph: Started task graph with 5 named threads and 59 total threads with 3 sets of task threads.
LogStats: Stats thread started at 0.222329
LogICUInternationalization: ICU TimeZone Detection - Raw Offset: -5:00, Platform Override: ''
LogInit: Display: Loading text-based GConfig....
LogPluginManager: Mounting plugin MeshPainting
LogPluginManager: Mounting plugin XGEController
LogPluginManager: Mounting plugin Paper2D
LogPluginManager: Mounting plugin AISupport
LogPluginManager: Mounting plugin LightPropagationVolume
LogPluginManager: Mounting plugin EnvironmentQueryEditor
LogPluginManager: Mounting plugin CameraShakePreviewer
LogPluginManager: Mounting plugin LiveLink
LogPluginManager: Mounting plugin GameplayCameras
LogPluginManager: Mounting plugin OodleData
LogPluginManager: Mounting plugin OodleNetwork
LogPluginManager: Mounting plugin AnimationSharing
LogPluginManager: Mounting plugin CodeLiteSourceCodeAccess
LogPluginManager: Mounting plugin CLionSourceCodeAccess
LogPluginManager: Mounting plugin GitSourceControl
LogPluginManager: Mounting plugin PerforceSourceControl
LogPluginManager: Mounting plugin PixWinPlugin
LogPluginManager: Mounting plugin PluginUtils
LogPluginManager: Mounting plugin PlasticSourceControl
LogPluginManager: Mounting plugin PropertyAccessNode
LogPluginManager: Mounting plugin NullSourceCodeAccess
LogPluginManager: Mounting plugin TextureFormatOodle
LogPluginManager: Mounting plugin SubversionSourceControl
LogPluginManager: Mounting plugin KDevelopSourceCodeAccess
LogPluginManager: Mounting plugin RiderSourceCodeAccess
LogPluginManager: Mounting plugin UObjectPlugin
LogPluginManager: Mounting plugin VisualStudioCodeSourceCodeAccess
LogPluginManager: Mounting plugin VisualStudioSourceCodeAccess
LogPluginManager: Mounting plugin XCodeSourceCodeAccess
LogPluginManager: Mounting plugin AssetManagerEditor
LogPluginManager: Mounting plugin CryptoKeys
LogPluginManager: Mounting plugin CurveEditorTools
LogPluginManager: Mounting plugin DataValidation
LogPluginManager: Mounting plugin DatasmithContent
LogPluginManager: Mounting plugin GameplayTagsEditor
LogPluginManager: Mounting plugin FacialAnimation
LogPluginManager: Mounting plugin MacGraphicsSwitching
LogPluginManager: Mounting plugin GeometryMode
LogPluginManager: Mounting plugin MaterialAnalyzer
LogPluginManager: Mounting plugin PluginBrowser
LogPluginManager: Mounting plugin SpeedTreeImporter
LogPluginManager: Mounting plugin MobileLauncherProfileWizard
LogPluginManager: Mounting plugin AlembicImporter
LogPluginManager: Mounting plugin VariantManagerContent
LogPluginManager: Mounting plugin AutomationUtils
LogPluginManager: Mounting plugin BackChannel
LogPluginManager: Mounting plugin ChaosClothEditor
LogPluginManager: Mounting plugin ChaosEditor
LogPluginManager: Mounting plugin ChaosNiagara
LogPluginManager: Mounting plugin ChaosSolverPlugin
LogPluginManager: Mounting plugin ChaosCloth
LogPluginManager: Mounting plugin CharacterAI
LogPluginManager: Mounting plugin GeometryCache
LogPluginManager: Mounting plugin GeometryCollectionPlugin
LogPluginManager: Mounting plugin GeometryProcessing
LogPluginManager: Mounting plugin Niagara
LogPluginManager: Mounting plugin MotoSynth
LogPluginManager: Mounting plugin OpenImageDenoise
LogPluginManager: Mounting plugin PlanarCut
LogPluginManager: Mounting plugin PlatformCrypto
LogPluginManager: Mounting plugin ProxyLODPlugin
LogPluginManager: Mounting plugin PythonScriptPlugin
LogPluginManager: Mounting plugin SkeletalReduction
LogPluginManager: Mounting plugin LuminPlatformFeatures
LogPluginManager: Mounting plugin AndroidMedia
LogPluginManager: Mounting plugin MagicLeap
LogPluginManager: Mounting plugin AvfMedia
LogPluginManager: Mounting plugin MagicLeapLightEstimation
LogPluginManager: Mounting plugin MagicLeapMedia
LogPluginManager: Mounting plugin MLSDK
LogPluginManager: Mounting plugin MagicLeapPassableWorld
LogPluginManager: Mounting plugin TcpMessaging
LogPluginManager: Mounting plugin UdpMessaging
LogPluginManager: Mounting plugin ActorSequence
LogPluginManager: Mounting plugin LevelSequenceEditor
LogPluginManager: Mounting plugin ImgMedia
LogPluginManager: Mounting plugin MediaCompositing
LogPluginManager: Mounting plugin MatineeToLevelSequence
LogPluginManager: Mounting plugin MediaPlayerEditor
LogPluginManager: Mounting plugin WebMMedia
LogPluginManager: Mounting plugin WmfMedia
LogPluginManager: Mounting plugin TemplateSequence
LogPluginManager: Mounting plugin LauncherChunkInstaller
LogPluginManager: Mounting plugin ActorLayerUtilities
LogPluginManager: Mounting plugin OnlineSubsystem
LogPluginManager: Mounting plugin AndroidDeviceProfileSelector
LogPluginManager: Mounting plugin AndroidMoviePlayer
LogPluginManager: Mounting plugin AndroidPermission
LogPluginManager: Mounting plugin OnlineSubsystemNull
LogPluginManager: Mounting plugin OnlineSubsystemUtils
LogPluginManager: Mounting plugin AppleImageUtils
LogPluginManager: Mounting plugin AppleMoviePlayer
LogPluginManager: Mounting plugin ArchVisCharacter
LogPluginManager: Mounting plugin AssetTags
LogPluginManager: Mounting plugin AudioCapture
LogPluginManager: Mounting plugin AudioSynesthesia
LogPluginManager: Mounting plugin CableComponent
LogPluginManager: Mounting plugin CustomMeshComponent
LogPluginManager: Mounting plugin ChunkDownloader
LogPluginManager: Mounting plugin EditableMesh
LogPluginManager: Mounting plugin ExampleDeviceProfileSelector
LogPluginManager: Mounting plugin GoogleCloudMessaging
LogPluginManager: Mounting plugin GooglePAD
LogPluginManager: Mounting plugin IOSDeviceProfileSelector
LogPluginManager: Mounting plugin LinuxDeviceProfileSelector
LogPluginManager: Mounting plugin LocationServicesBPLibrary
LogPluginManager: Mounting plugin MobilePatchingUtils
LogPluginManager: Mounting plugin ScreenshotTools
LogPluginManager: Mounting plugin OpenXR
LogPluginManager: Mounting plugin OpenXREyeTracker
LogPluginManager: Mounting plugin OpenXRHandTracking
LogPluginManager: Mounting plugin PhysXVehicles
LogPluginManager: Mounting plugin PostSplashScreen
LogPluginManager: Mounting plugin PropertyAccessEditor
LogPluginManager: Mounting plugin ProceduralMeshComponent
LogPluginManager: Mounting plugin RuntimePhysXCooking
LogPluginManager: Mounting plugin SignificanceManager
LogPluginManager: Mounting plugin SoundFields
LogPluginManager: Mounting plugin Synthesis
LogPluginManager: Mounting plugin WebMMoviePlayer
LogPluginManager: Mounting plugin WindowsMoviePlayer
LogPluginManager: Mounting plugin Takes
LogPluginManager: Mounting plugin ContentBrowserFileDataSource
LogPluginManager: Mounting plugin ContentBrowserAssetDataSource
LogPluginManager: Mounting plugin ContentBrowserClassDataSource
LogPluginManager: Mounting plugin OnlineSubsystemGooglePlay
LogPluginManager: Mounting plugin OnlineSubsystemIOS
LogPluginManager: Mounting plugin OculusVR
LogPluginManager: Mounting plugin SteamVR
PixWinPlugin: PIX capture plugin failed to initialize! Check that the process is launched from PIX.
LogInit: Using libcurl 7.55.1-DEV
LogInit:  - built for x86_64-pc-win32
LogInit:  - supports SSL with OpenSSL/1.1.1
LogInit:  - supports HTTP deflate (compression) using libz 1.2.8
LogInit:  - other features:
LogInit:      CURL_VERSION_SSL
LogInit:      CURL_VERSION_LIBZ
LogInit:      CURL_VERSION_IPV6
LogInit:      CURL_VERSION_ASYNCHDNS
LogInit:      CURL_VERSION_LARGEFILE
LogInit:      CURL_VERSION_IDN
LogInit:  CurlRequestOptions (configurable via config and command line):
LogInit:  - bVerifyPeer = true  - Libcurl will verify peer certificate
LogInit:  - bUseHttpProxy = false  - Libcurl will NOT use HTTP proxy
LogInit:  - bDontReuseConnections = false  - Libcurl will reuse connections
LogInit:  - MaxHostConnections = 16  - Libcurl will limit the number of connections to a host
LogInit:  - LocalHostAddr = Default
LogInit:  - BufferSize = 65536
LogOnline: OSS: Creating online subsystem instance for: NULL
LogInit: WinSock: version 1.1 (2.2), MaxSocks=32767, MaxUdp=65467
LogOnline: OSS: TryLoadSubsystemAndSetDefault: Loaded subsystem for module [NULL]
LogOculusPluginWrapper: OculusPlugin initialized successfully
LogHMD: Failed initializing OVRPlugin 1.59.0
LogInit: Build: ++UE4+Release-4.27-CL-18319896
LogInit: Engine Version: 4.27.2-18319896+++UE4+Release-4.27
LogInit: Compatible Engine Version: 4.27.0-17155196+++UE4+Release-4.27
LogInit: Net CL: 17155196
LogInit: OS: Windows 10 (Release 2009) (), CPU: Intel(R) Core(TM) i9-7900X CPU @ 3.30GHz, GPU: NVIDIA GeForce GTX 1080 Ti
LogInit: Compiled (64-bit): Nov 30 2021 07:12:08
LogInit: Compiled with Visual C++: 19.24.28315.00
LogInit: Build Configuration: Development
LogInit: Branch Name: ++UE4+Release-4.27
LogInit: Command Line:  -EpicPortal -epicusername=StuffedCanolli -epicuserid=9a061b5f6a6e4e3190685d7e2fee563d -epiclocale=en -epicsandboxid=ue
LogInit: Base Directory: D:/UE_4.27/Engine/Binaries/Win64/
LogInit: Allocator: TBB
LogInit: Installed Engine Build: 1
LogDevObjectVersion: Number of dev versions registered: 29
LogDevObjectVersion:   Dev-Blueprints (B0D832E4-1F89-4F0D-ACCF-7EB736FD4AA2): 10
LogDevObjectVersion:   Dev-Build (E1C64328-A22C-4D53-A36C-8E866417BD8C): 0
LogDevObjectVersion:   Dev-Core (375EC13C-06E4-48FB-B500-84F0262A717E): 4
LogDevObjectVersion:   Dev-Editor (E4B068ED-F494-42E9-A231-DA0B2E46BB41): 40
LogDevObjectVersion:   Dev-Framework (CFFC743F-43B0-4480-9391-14DF171D2073): 37
LogDevObjectVersion:   Dev-Mobile (B02B49B5-BB20-44E9-A304-32B752E40360): 3
LogDevObjectVersion:   Dev-Networking (A4E4105C-59A1-49B5-A7C5-40C4547EDFEE): 0
LogDevObjectVersion:   Dev-Online (39C831C9-5AE6-47DC-9A44-9C173E1C8E7C): 0
LogDevObjectVersion:   Dev-Physics (78F01B33-EBEA-4F98-B9B4-84EACCB95AA2): 14
LogDevObjectVersion:   Dev-Platform (6631380F-2D4D-43E0-8009-CF276956A95A): 0
LogDevObjectVersion:   Dev-Rendering (12F88B9F-8875-4AFC-A67C-D90C383ABD29): 45
LogDevObjectVersion:   Dev-Sequencer (7B5AE74C-D270-4C10-A958-57980B212A5A): 13
LogDevObjectVersion:   Dev-VR (D7296918-1DD6-4BDD-9DE2-64A83CC13884): 3
LogDevObjectVersion:   Dev-LoadTimes (C2A15278-BFE7-4AFE-6C17-90FF531DF755): 1
LogDevObjectVersion:   Private-Geometry (6EACA3D4-40EC-4CC1-B786-8BED09428FC5): 3
LogDevObjectVersion:   Dev-AnimPhys (29E575DD-E0A3-4627-9D10-D276232CDCEA): 17
LogDevObjectVersion:   Dev-Anim (AF43A65D-7FD3-4947-9873-3E8ED9C1BB05): 15
LogDevObjectVersion:   Dev-ReflectionCapture (6B266CEC-1EC7-4B8F-A30B-E4D90942FC07): 1
LogDevObjectVersion:   Dev-Automation (0DF73D61-A23F-47EA-B727-89E90C41499A): 1
LogDevObjectVersion:   FortniteMain (601D1886-AC64-4F84-AA16-D3DE0DEAC7D6): 47
LogDevObjectVersion:   FortniteRelease (E7086368-6B23-4C58-8439-1B7016265E91): 1
LogDevObjectVersion:   Dev-Enterprise (9DFFBCD6-494F-0158-E221-12823C92A888): 10
LogDevObjectVersion:   Dev-Niagara (F2AED0AC-9AFE-416F-8664-AA7FFA26D6FC): 1
LogDevObjectVersion:   Dev-Destruction (174F1F0B-B4C6-45A5-B13F-2EE8D0FB917D): 10
LogDevObjectVersion:   Dev-Physics-Ext (35F94A83-E258-406C-A318-09F59610247C): 41
LogDevObjectVersion:   Dev-PhysicsMaterial-Chaos (B68FC16E-8B1B-42E2-B453-215C058844FE): 1
LogDevObjectVersion:   Dev-CineCamera (B2E18506-4273-CFC2-A54E-F4BB758BBA07): 1
LogDevObjectVersion:   Dev-VirtualProduction (64F58936-FD1B-42BA-BA96-7289D5D0FA4E): 1
LogDevObjectVersion:   Dev-MediaFramework (6F0ED827-A609-4895-9C91-998D90180EA4): 2
LogInit: Presizing for max 25165824 objects, including 0 objects not considered by GC, pre-allocating 0 bytes for permanent pool.
LogConfig: Applying CVar settings from Section [/Script/Engine.StreamingSettings] File [D:/Josh/Documents/GGC_2022_Duality/ForceDupe/Saved/Config/Windows/Engine.ini]
LogConfig: Setting CVar [[s.MinBulkDataSizeForAsyncLoading:131072]]
LogConfig: Setting CVar [[s.AsyncLoadingThreadEnabled:0]]
LogConfig: Setting CVar [[s.EventDrivenLoaderEnabled:1]]
LogConfig: Setting CVar [[s.WarnIfTimeLimitExceeded:0]]
LogConfig: Setting CVar [[s.TimeLimitExceededMultiplier:1.5]]
LogConfig: Setting CVar [[s.TimeLimitExceededMinTime:0.005]]
LogConfig: Setting CVar [[s.UseBackgroundLevelStreaming:1]]
LogConfig: Setting CVar [[s.PriorityAsyncLoadingExtraTime:15.0]]
LogConfig: Setting CVar [[s.LevelStreamingActorsUpdateTimeLimit:5.0]]
LogConfig: Setting CVar [[s.PriorityLevelStreamingActorsUpdateExtraTime:5.0]]
LogConfig: Setting CVar [[s.LevelStreamingComponentsRegistrationGranularity:10]]
LogConfig: Setting CVar [[s.UnregisterComponentsTimeLimit:1.0]]
LogConfig: Setting CVar [[s.LevelStreamingComponentsUnregistrationGranularity:5]]
LogConfig: Setting CVar [[s.FlushStreamingOnExit:1]]
LogInit: Object subsystem initialized
LogConfig: Setting CVar [[con.DebugEarlyDefault:1]]
LogConfig: Setting CVar [[r.setres:1280x720]]
[2022.01.22-18.17.33:053][  0]LogConfig: Setting CVar [[r.VSync:0]]
[2022.01.22-18.17.33:053][  0]LogConfig: Setting CVar [[r.RHICmdBypass:0]]
[2022.01.22-18.17.33:053][  0]LogConfig: Applying CVar settings from Section [/Script/Engine.RendererSettings] File [D:/Josh/Documents/GGC_2022_Duality/ForceDupe/Saved/Config/Windows/Engine.ini]
[2022.01.22-18.17.33:053][  0]LogConfig: Setting CVar [[r.GPUCrashDebugging:0]]
[2022.01.22-18.17.33:053][  0]LogConfig: Applying CVar settings from Section [/Script/Engine.RendererOverrideSettings] File [D:/Josh/Documents/GGC_2022_Duality/ForceDupe/Saved/Config/Windows/Engine.ini]
[2022.01.22-18.17.33:053][  0]LogConfig: Applying CVar settings from Section [/Script/Engine.StreamingSettings] File [D:/Josh/Documents/GGC_2022_Duality/ForceDupe/Saved/Config/Windows/Engine.ini]
[2022.01.22-18.17.33:053][  0]LogConfig: Setting CVar [[s.MinBulkDataSizeForAsyncLoading:131072]]
[2022.01.22-18.17.33:053][  0]LogConfig: Setting CVar [[s.AsyncLoadingThreadEnabled:0]]
[2022.01.22-18.17.33:053][  0]LogConfig: Setting CVar [[s.EventDrivenLoaderEnabled:1]]
[2022.01.22-18.17.33:054][  0]LogConfig: Setting CVar [[s.WarnIfTimeLimitExceeded:0]]
[2022.01.22-18.17.33:054][  0]LogConfig: Setting CVar [[s.TimeLimitExceededMultiplier:1.5]]
[2022.01.22-18.17.33:054][  0]LogConfig: Setting CVar [[s.TimeLimitExceededMinTime:0.005]]
[2022.01.22-18.17.33:054][  0]LogConfig: Setting CVar [[s.UseBackgroundLevelStreaming:1]]
[2022.01.22-18.17.33:054][  0]LogConfig: Setting CVar [[s.PriorityAsyncLoadingExtraTime:15.0]]
[2022.01.22-18.17.33:054][  0]LogConfig: Setting CVar [[s.LevelStreamingActorsUpdateTimeLimit:5.0]]
[2022.01.22-18.17.33:054][  0]LogConfig: Setting CVar [[s.PriorityLevelStreamingActorsUpdateExtraTime:5.0]]
[2022.01.22-18.17.33:054][  0]LogConfig: Setting CVar [[s.LevelStreamingComponentsRegistrationGranularity:10]]
[2022.01.22-18.17.33:054][  0]LogConfig: Setting CVar [[s.UnregisterComponentsTimeLimit:1.0]]
[2022.01.22-18.17.33:054][  0]LogConfig: Setting CVar [[s.LevelStreamingComponentsUnregistrationGranularity:5]]
[2022.01.22-18.17.33:054][  0]LogConfig: Setting CVar [[s.FlushStreamingOnExit:1]]
[2022.01.22-18.17.33:054][  0]LogConfig: Applying CVar settings from Section [/Script/Engine.GarbageCollectionSettings] File [D:/Josh/Documents/GGC_2022_Duality/ForceDupe/Saved/Config/Windows/Engine.ini]
[2022.01.22-18.17.33:054][  0]LogConfig: Setting CVar [[gc.MaxObjectsNotConsideredByGC:1]]
[2022.01.22-18.17.33:054][  0]LogConfig: Setting CVar [[gc.SizeOfPermanentObjectPool:0]]
[2022.01.22-18.17.33:054][  0]LogConfig: Setting CVar [[gc.FlushStreamingOnGC:0]]
[2022.01.22-18.17.33:054][  0]LogConfig: Setting CVar [[gc.NumRetriesBeforeForcingGC:10]]
[2022.01.22-18.17.33:054][  0]LogConfig: Setting CVar [[gc.AllowParallelGC:1]]
[2022.01.22-18.17.33:054][  0]LogConfig: Setting CVar [[gc.TimeBetweenPurgingPendingKillObjects:61.1]]
[2022.01.22-18.17.33:054][  0]LogConfig: Setting CVar [[gc.MaxObjectsInEditor:25165824]]
[2022.01.22-18.17.33:054][  0]LogConfig: Setting CVar [[gc.IncrementalBeginDestroyEnabled:1]]
[2022.01.22-18.17.33:054][  0]LogConfig: Setting CVar [[gc.CreateGCClusters:1]]
[2022.01.22-18.17.33:054][  0]LogConfig: Setting CVar [[gc.MinGCClusterSize:5]]
[2022.01.22-18.17.33:054][  0]LogConfig: Setting CVar [[gc.ActorClusteringEnabled:0]]
[2022.01.22-18.17.33:054][  0]LogConfig: Setting CVar [[gc.BlueprintClusteringEnabled:0]]
[2022.01.22-18.17.33:054][  0]LogConfig: Setting CVar [[gc.UseDisregardForGCOnDedicatedServers:0]]
[2022.01.22-18.17.33:054][  0]LogConfig: Setting CVar [[gc.MultithreadedDestructionEnabled:1]]
[2022.01.22-18.17.33:054][  0]LogConfig: Applying CVar settings from Section [/Script/Engine.NetworkSettings] File [D:/Josh/Documents/GGC_2022_Duality/ForceDupe/Saved/Config/Windows/Engine.ini]
[2022.01.22-18.17.33:054][  0]LogConfig: Applying CVar settings from Section [/Script/UnrealEd.CookerSettings] File [D:/Josh/Documents/GGC_2022_Duality/ForceDupe/Saved/Config/Windows/Engine.ini]
[2022.01.22-18.17.33:060][  0]LogConfig: Applying CVar settings from Section [ViewDistanceQuality@3] File [D:/Josh/Documents/GGC_2022_Duality/ForceDupe/Saved/Config/Windows/Scalability.ini]
[2022.01.22-18.17.33:060][  0]LogConfig: Setting CVar [[r.SkeletalMeshLODBias:0]]
[2022.01.22-18.17.33:060][  0]LogConfig: Setting CVar [[r.ViewDistanceScale:1.0]]
[2022.01.22-18.17.33:060][  0]LogConfig: Applying CVar settings from Section [AntiAliasingQuality@3] File [D:/Josh/Documents/GGC_2022_Duality/ForceDupe/Saved/Config/Windows/Scalability.ini]
[2022.01.22-18.17.33:060][  0]LogConfig: Setting CVar [[r.PostProcessAAQuality:4]]
[2022.01.22-18.17.33:060][  0]LogConfig: Applying CVar settings from Section [ShadowQuality@3] File [D:/Josh/Documents/GGC_2022_Duality/ForceDupe/Saved/Config/Windows/Scalability.ini]
[2022.01.22-18.17.33:060][  0]LogConfig: Setting CVar [[r.LightFunctionQuality:1]]
[2022.01.22-18.17.33:060][  0]LogConfig: Setting CVar [[r.ShadowQuality:5]]
[2022.01.22-18.17.33:060][  0]LogConfig: Setting CVar [[r.Shadow.CSM.MaxCascades:10]]
[2022.01.22-18.17.33:060][  0]LogConfig: Setting CVar [[r.Shadow.MaxResolution:2048]]
[2022.01.22-18.17.33:060][  0]LogConfig: Setting CVar [[r.Shadow.MaxCSMResolution:2048]]
[2022.01.22-18.17.33:060][  0]LogConfig: Setting CVar [[r.Shadow.RadiusThreshold:0.01]]
[2022.01.22-18.17.33:060][  0]LogConfig: Setting CVar [[r.Shadow.DistanceScale:1.0]]
[2022.01.22-18.17.33:060][  0]LogConfig: Setting CVar [[r.Shadow.CSM.TransitionScale:1.0]]
[2022.01.22-18.17.33:060][  0]LogConfig: Setting CVar [[r.Shadow.PreShadowResolutionFactor:1.0]]
[2022.01.22-18.17.33:060][  0]LogConfig: Setting CVar [[r.DistanceFieldShadowing:1]]
[2022.01.22-18.17.33:060][  0]LogConfig: Setting CVar [[r.DistanceFieldAO:1]]
[2022.01.22-18.17.33:060][  0]LogConfig: Setting CVar [[r.AOQuality:2]]
[2022.01.22-18.17.33:060][  0]LogConfig: Setting CVar [[r.VolumetricFog:1]]
[2022.01.22-18.17.33:060][  0]LogConfig: Setting CVar [[r.VolumetricFog.GridPixelSize:8]]
[2022.01.22-18.17.33:060][  0]LogConfig: Setting CVar [[r.VolumetricFog.GridSizeZ:128]]
[2022.01.22-18.17.33:060][  0]LogConfig: Setting CVar [[r.VolumetricFog.HistoryMissSupersampleCount:4]]
[2022.01.22-18.17.33:060][  0]LogConfig: Setting CVar [[r.LightMaxDrawDistanceScale:1]]
[2022.01.22-18.17.33:060][  0]LogConfig: Setting CVar [[r.CapsuleShadows:1]]
[2022.01.22-18.17.33:060][  0]LogConfig: Applying CVar settings from Section [PostProcessQuality@3] File [D:/Josh/Documents/GGC_2022_Duality/ForceDupe/Saved/Config/Windows/Scalability.ini]
[2022.01.22-18.17.33:060][  0]LogConfig: Setting CVar [[r.MotionBlurQuality:4]]
[2022.01.22-18.17.33:060][  0]LogConfig: Setting CVar [[r.AmbientOcclusionMipLevelFactor:0.4]]
[2022.01.22-18.17.33:060][  0]LogConfig: Setting CVar [[r.AmbientOcclusionMaxQuality:100]]
[2022.01.22-18.17.33:060][  0]LogConfig: Setting CVar [[r.AmbientOcclusionLevels:-1]]
[2022.01.22-18.17.33:060][  0]LogConfig: Setting CVar [[r.AmbientOcclusionRadiusScale:1.0]]
[2022.01.22-18.17.33:060][  0]LogConfig: Setting CVar [[r.DepthOfFieldQuality:2]]
[2022.01.22-18.17.33:060][  0]LogConfig: Setting CVar [[r.RenderTargetPoolMin:400]]
[2022.01.22-18.17.33:060][  0]LogConfig: Setting CVar [[r.LensFlareQuality:2]]
[2022.01.22-18.17.33:060][  0]LogConfig: Setting CVar [[r.SceneColorFringeQuality:1]]
[2022.01.22-18.17.33:060][  0]LogConfig: Setting CVar [[r.EyeAdaptationQuality:2]]
[2022.01.22-18.17.33:060][  0]LogConfig: Setting CVar [[r.BloomQuality:5]]
[2022.01.22-18.17.33:060][  0]LogConfig: Setting CVar [[r.FastBlurThreshold:100]]
[2022.01.22-18.17.33:060][  0]LogConfig: Setting CVar [[r.Upscale.Quality:3]]
[2022.01.22-18.17.33:061][  0]LogConfig: Setting CVar [[r.Tonemapper.GrainQuantization:1]]
[2022.01.22-18.17.33:061][  0]LogConfig: Setting CVar [[r.LightShaftQuality:1]]
[2022.01.22-18.17.33:061][  0]LogConfig: Setting CVar [[r.Filter.SizeScale:1]]
[2022.01.22-18.17.33:061][  0]LogConfig: Setting CVar [[r.Tonemapper.Quality:5]]
[2022.01.22-18.17.33:061][  0]LogConfig: Setting CVar [[r.DOF.Gather.AccumulatorQuality:1        ; higher gathering accumulator quality]]
[2022.01.22-18.17.33:061][  0]LogConfig: Setting CVar [[r.DOF.Gather.PostfilterMethod:1          ; Median3x3 postfilering method]]
[2022.01.22-18.17.33:061][  0]LogConfig: Setting CVar [[r.DOF.Gather.EnableBokehSettings:0       ; no bokeh simulation when gathering]]
[2022.01.22-18.17.33:061][  0]LogConfig: Setting CVar [[r.DOF.Gather.RingCount:4                 ; medium number of samples when gathering]]
[2022.01.22-18.17.33:061][  0]LogConfig: Setting CVar [[r.DOF.Scatter.ForegroundCompositing:1    ; additive foreground scattering]]
[2022.01.22-18.17.33:061][  0]LogConfig: Setting CVar [[r.DOF.Scatter.BackgroundCompositing:2    ; additive background scattering]]
[2022.01.22-18.17.33:061][  0]LogConfig: Setting CVar [[r.DOF.Scatter.EnableBokehSettings:1      ; bokeh simulation when scattering]]
[2022.01.22-18.17.33:061][  0]LogConfig: Setting CVar [[r.DOF.Scatter.MaxSpriteRatio:0.1         ; only a maximum of 10% of scattered bokeh]]
[2022.01.22-18.17.33:061][  0]LogConfig: Setting CVar [[r.DOF.Recombine.Quality:1                ; cheap slight out of focus]]
[2022.01.22-18.17.33:061][  0]LogConfig: Setting CVar [[r.DOF.Recombine.EnableBokehSettings:0    ; no bokeh simulation on slight out of focus]]
[2022.01.22-18.17.33:061][  0]LogConfig: Setting CVar [[r.DOF.TemporalAAQuality:1                ; more stable temporal accumulation]]
[2022.01.22-18.17.33:061][  0]LogConfig: Setting CVar [[r.DOF.Kernel.MaxForegroundRadius:0.025]]
[2022.01.22-18.17.33:061][  0]LogConfig: Setting CVar [[r.DOF.Kernel.MaxBackgroundRadius:0.025]]
[2022.01.22-18.17.33:061][  0]LogConfig: Applying CVar settings from Section [TextureQuality@3] File [D:/Josh/Documents/GGC_2022_Duality/ForceDupe/Saved/Config/Windows/Scalability.ini]
[2022.01.22-18.17.33:061][  0]LogConfig: Setting CVar [[r.Streaming.MipBias:0]]
[2022.01.22-18.17.33:061][  0]LogConfig: Setting CVar [[r.Streaming.AmortizeCPUToGPUCopy:0]]
[2022.01.22-18.17.33:061][  0]LogConfig: Setting CVar [[r.Streaming.MaxNumTexturesToStreamPerFrame:0]]
[2022.01.22-18.17.33:061][  0]LogConfig: Setting CVar [[r.Streaming.Boost:1]]
[2022.01.22-18.17.33:061][  0]LogConfig: Setting CVar [[r.MaxAnisotropy:8]]
[2022.01.22-18.17.33:061][  0]LogConfig: Setting CVar [[r.VT.MaxAnisotropy:8]]
[2022.01.22-18.17.33:061][  0]LogConfig: Setting CVar [[r.Streaming.LimitPoolSizeToVRAM:0]]
[2022.01.22-18.17.33:061][  0]LogConfig: Setting CVar [[r.Streaming.PoolSize:1000]]
[2022.01.22-18.17.33:061][  0]LogConfig: Setting CVar [[r.Streaming.MaxEffectiveScreenSize:0]]
[2022.01.22-18.17.33:061][  0]LogConfig: Applying CVar settings from Section [EffectsQuality@3] File [D:/Josh/Documents/GGC_2022_Duality/ForceDupe/Saved/Config/Windows/Scalability.ini]
[2022.01.22-18.17.33:061][  0]LogConfig: Setting CVar [[r.TranslucencyLightingVolumeDim:64]]
[2022.01.22-18.17.33:061][  0]LogConfig: Setting CVar [[r.RefractionQuality:2]]
[2022.01.22-18.17.33:061][  0]LogConfig: Setting CVar [[r.SSR.Quality:3]]
[2022.01.22-18.17.33:061][  0]LogConfig: Setting CVar [[r.SSR.HalfResSceneColor:0]]
[2022.01.22-18.17.33:061][  0]LogConfig: Setting CVar [[r.SceneColorFormat:4]]
[2022.01.22-18.17.33:061][  0]LogConfig: Setting CVar [[r.DetailMode:2]]
[2022.01.22-18.17.33:061][  0]LogConfig: Setting CVar [[r.TranslucencyVolumeBlur:1]]
[2022.01.22-18.17.33:061][  0]LogConfig: Setting CVar [[r.MaterialQualityLevel:1 ; High quality]]
[2022.01.22-18.17.33:061][  0]LogConfig: Setting CVar [[r.AnisotropicMaterials:1]]
[2022.01.22-18.17.33:061][  0]LogConfig: Setting CVar [[r.SSS.Scale:1]]
[2022.01.22-18.17.33:061][  0]LogConfig: Setting CVar [[r.SSS.SampleSet:2]]
[2022.01.22-18.17.33:061][  0]LogConfig: Setting CVar [[r.SSS.Quality:1]]
[2022.01.22-18.17.33:061][  0]LogConfig: Setting CVar [[r.SSS.HalfRes:0]]
[2022.01.22-18.17.33:061][  0]LogConfig: Setting CVar [[r.SSGI.Quality:3]]
[2022.01.22-18.17.33:061][  0]LogConfig: Setting CVar [[r.EmitterSpawnRateScale:1.0]]
[2022.01.22-18.17.33:061][  0]LogConfig: Setting CVar [[r.ParticleLightQuality:2]]
[2022.01.22-18.17.33:061][  0]LogConfig: Setting CVar [[r.SkyAtmosphere.AerialPerspectiveLUT.FastApplyOnOpaque:1 ; Always have FastSkyLUT 1 in this case to avoid wrong sky]]
[2022.01.22-18.17.33:061][  0]LogConfig: Setting CVar [[r.SkyAtmosphere.AerialPerspectiveLUT.SampleCountMaxPerSlice:4]]
[2022.01.22-18.17.33:061][  0]LogConfig: Setting CVar [[r.SkyAtmosphere.AerialPerspectiveLUT.DepthResolution:16.0]]
[2022.01.22-18.17.33:061][  0]LogConfig: Setting CVar [[r.SkyAtmosphere.FastSkyLUT:1]]
[2022.01.22-18.17.33:061][  0]LogConfig: Setting CVar [[r.SkyAtmosphere.FastSkyLUT.SampleCountMin:4.0]]
[2022.01.22-18.17.33:061][  0]LogConfig: Setting CVar [[r.SkyAtmosphere.FastSkyLUT.SampleCountMax:128.0]]
[2022.01.22-18.17.33:061][  0]LogConfig: Setting CVar [[r.SkyAtmosphere.SampleCountMin:4.0]]
[2022.01.22-18.17.33:061][  0]LogConfig: Setting CVar [[r.SkyAtmosphere.SampleCountMax:128.0]]
[2022.01.22-18.17.33:061][  0]LogConfig: Setting CVar [[r.SkyAtmosphere.TransmittanceLUT.UseSmallFormat:0]]
[2022.01.22-18.17.33:061][  0]LogConfig: Setting CVar [[r.SkyAtmosphere.TransmittanceLUT.SampleCount:10.0]]
[2022.01.22-18.17.33:061][  0]LogConfig: Setting CVar [[r.SkyAtmosphere.MultiScatteringLUT.SampleCount:15.0]]
[2022.01.22-18.17.33:061][  0]LogConfig: Setting CVar [[r.SkyLight.RealTimeReflectionCapture:1]]
[2022.01.22-18.17.33:061][  0]LogConfig: Applying CVar settings from Section [FoliageQuality@3] File [D:/Josh/Documents/GGC_2022_Duality/ForceDupe/Saved/Config/Windows/Scalability.ini]
[2022.01.22-18.17.33:061][  0]LogConfig: Setting CVar [[foliage.DensityScale:1.0]]
[2022.01.22-18.17.33:061][  0]LogConfig: Setting CVar [[grass.DensityScale:1.0]]
[2022.01.22-18.17.33:061][  0]LogConfig: Applying CVar settings from Section [ShadingQuality@3] File [D:/Josh/Documents/GGC_2022_Duality/ForceDupe/Saved/Config/Windows/Scalability.ini]
[2022.01.22-18.17.33:061][  0]LogConfig: Setting CVar [[r.HairStrands.SkyLighting.IntegrationType:2]]
[2022.01.22-18.17.33:061][  0]LogConfig: Setting CVar [[r.HairStrands.SkyAO.SampleCount:4]]
[2022.01.22-18.17.33:061][  0]LogConfig: Setting CVar [[r.HairStrands.Visibility.MSAA.SamplePerPixel:4]]
[2022.01.22-18.17.33:061][  0]LogInit: Selected Device Profile: [Windows]
[2022.01.22-18.17.33:061][  0]LogInit: Applying CVar settings loaded from the selected device profile: [Windows]
[2022.01.22-18.17.33:061][  0]LogHAL: Display: Platform has ~ 24 GB [25453641728 / 34359738368 / 24], which maps to Larger [LargestMinGB=32, LargerMinGB=12, DefaultMinGB=8, SmallerMinGB=6, SmallestMinGB=0)
[2022.01.22-18.17.33:061][  0]LogInit: Going up to parent DeviceProfile []
[2022.01.22-18.17.33:061][  0]LogConfig: Applying CVar settings from Section [ViewDistanceQuality@3] File [D:/Josh/Documents/GGC_2022_Duality/ForceDupe/Saved/Config/Windows/Scalability.ini]
[2022.01.22-18.17.33:061][  0]LogConfig: Setting CVar [[r.SkeletalMeshLODBias:0]]
[2022.01.22-18.17.33:061][  0]LogConfig: Setting CVar [[r.ViewDistanceScale:1.0]]
[2022.01.22-18.17.33:061][  0]LogConfig: Applying CVar settings from Section [AntiAliasingQuality@3] File [D:/Josh/Documents/GGC_2022_Duality/ForceDupe/Saved/Config/Windows/Scalability.ini]
[2022.01.22-18.17.33:061][  0]LogConfig: Setting CVar [[r.PostProcessAAQuality:4]]
[2022.01.22-18.17.33:061][  0]LogConfig: Applying CVar settings from Section [ShadowQuality@3] File [D:/Josh/Documents/GGC_2022_Duality/ForceDupe/Saved/Config/Windows/Scalability.ini]
[2022.01.22-18.17.33:061][  0]LogConfig: Setting CVar [[r.LightFunctionQuality:1]]
[2022.01.22-18.17.33:061][  0]LogConfig: Setting CVar [[r.ShadowQuality:5]]
[2022.01.22-18.17.33:061][  0]LogConfig: Setting CVar [[r.Shadow.CSM.MaxCascades:10]]
[2022.01.22-18.17.33:061][  0]LogConfig: Setting CVar [[r.Shadow.MaxResolution:2048]]
[2022.01.22-18.17.33:062][  0]LogConfig: Setting CVar [[r.Shadow.MaxCSMResolution:2048]]
[2022.01.22-18.17.33:062][  0]LogConfig: Setting CVar [[r.Shadow.RadiusThreshold:0.01]]
[2022.01.22-18.17.33:062][  0]LogConfig: Setting CVar [[r.Shadow.DistanceScale:1.0]]
[2022.01.22-18.17.33:062][  0]LogConfig: Setting CVar [[r.Shadow.CSM.TransitionScale:1.0]]
[2022.01.22-18.17.33:062][  0]LogConfig: Setting CVar [[r.Shadow.PreShadowResolutionFactor:1.0]]
[2022.01.22-18.17.33:062][  0]LogConfig: Setting CVar [[r.DistanceFieldShadowing:1]]
[2022.01.22-18.17.33:062][  0]LogConfig: Setting CVar [[r.DistanceFieldAO:1]]
[2022.01.22-18.17.33:062][  0]LogConfig: Setting CVar [[r.AOQuality:2]]
[2022.01.22-18.17.33:062][  0]LogConfig: Setting CVar [[r.VolumetricFog:1]]
[2022.01.22-18.17.33:062][  0]LogConfig: Setting CVar [[r.VolumetricFog.GridPixelSize:8]]
[2022.01.22-18.17.33:062][  0]LogConfig: Setting CVar [[r.VolumetricFog.GridSizeZ:128]]
[2022.01.22-18.17.33:062][  0]LogConfig: Setting CVar [[r.VolumetricFog.HistoryMissSupersampleCount:4]]
[2022.01.22-18.17.33:062][  0]LogConfig: Setting CVar [[r.LightMaxDrawDistanceScale:1]]
[2022.01.22-18.17.33:062][  0]LogConfig: Setting CVar [[r.CapsuleShadows:1]]
[2022.01.22-18.17.33:062][  0]LogConfig: Applying CVar settings from Section [PostProcessQuality@3] File [D:/Josh/Documents/GGC_2022_Duality/ForceDupe/Saved/Config/Windows/Scalability.ini]
[2022.01.22-18.17.33:062][  0]LogConfig: Setting CVar [[r.MotionBlurQuality:4]]
[2022.01.22-18.17.33:062][  0]LogConfig: Setting CVar [[r.AmbientOcclusionMipLevelFactor:0.4]]
[2022.01.22-18.17.33:062][  0]LogConfig: Setting CVar [[r.AmbientOcclusionMaxQuality:100]]
[2022.01.22-18.17.33:062][  0]LogConfig: Setting CVar [[r.AmbientOcclusionLevels:-1]]
[2022.01.22-18.17.33:062][  0]LogConfig: Setting CVar [[r.AmbientOcclusionRadiusScale:1.0]]
[2022.01.22-18.17.33:062][  0]LogConfig: Setting CVar [[r.DepthOfFieldQuality:2]]
[2022.01.22-18.17.33:062][  0]LogConfig: Setting CVar [[r.RenderTargetPoolMin:400]]
[2022.01.22-18.17.33:062][  0]LogConfig: Setting CVar [[r.LensFlareQuality:2]]
[2022.01.22-18.17.33:062][  0]LogConfig: Setting CVar [[r.SceneColorFringeQuality:1]]
[2022.01.22-18.17.33:062][  0]LogConfig: Setting CVar [[r.EyeAdaptationQuality:2]]
[2022.01.22-18.17.33:062][  0]LogConfig: Setting CVar [[r.BloomQuality:5]]
[2022.01.22-18.17.33:062][  0]LogConfig: Setting CVar [[r.FastBlurThreshold:100]]
[2022.01.22-18.17.33:062][  0]LogConfig: Setting CVar [[r.Upscale.Quality:3]]
[2022.01.22-18.17.33:062][  0]LogConfig: Setting CVar [[r.Tonemapper.GrainQuantization:1]]
[2022.01.22-18.17.33:062][  0]LogConfig: Setting CVar [[r.LightShaftQuality:1]]
[2022.01.22-18.17.33:062][  0]LogConfig: Setting CVar [[r.Filter.SizeScale:1]]
[2022.01.22-18.17.33:062][  0]LogConfig: Setting CVar [[r.Tonemapper.Quality:5]]
[2022.01.22-18.17.33:062][  0]LogConfig: Setting CVar [[r.DOF.Gather.AccumulatorQuality:1        ; higher gathering accumulator quality]]
[2022.01.22-18.17.33:062][  0]LogConfig: Setting CVar [[r.DOF.Gather.PostfilterMethod:1          ; Median3x3 postfilering method]]
[2022.01.22-18.17.33:062][  0]LogConfig: Setting CVar [[r.DOF.Gather.EnableBokehSettings:0       ; no bokeh simulation when gathering]]
[2022.01.22-18.17.33:062][  0]LogConfig: Setting CVar [[r.DOF.Gather.RingCount:4                 ; medium number of samples when gathering]]
[2022.01.22-18.17.33:062][  0]LogConfig: Setting CVar [[r.DOF.Scatter.ForegroundCompositing:1    ; additive foreground scattering]]
[2022.01.22-18.17.33:062][  0]LogConfig: Setting CVar [[r.DOF.Scatter.BackgroundCompositing:2    ; additive background scattering]]
[2022.01.22-18.17.33:062][  0]LogConfig: Setting CVar [[r.DOF.Scatter.EnableBokehSettings:1      ; bokeh simulation when scattering]]
[2022.01.22-18.17.33:062][  0]LogConfig: Setting CVar [[r.DOF.Scatter.MaxSpriteRatio:0.1         ; only a maximum of 10% of scattered bokeh]]
[2022.01.22-18.17.33:062][  0]LogConfig: Setting CVar [[r.DOF.Recombine.Quality:1                ; cheap slight out of focus]]
[2022.01.22-18.17.33:062][  0]LogConfig: Setting CVar [[r.DOF.Recombine.EnableBokehSettings:0    ; no bokeh simulation on slight out of focus]]
[2022.01.22-18.17.33:062][  0]LogConfig: Setting CVar [[r.DOF.TemporalAAQuality:1                ; more stable temporal accumulation]]
[2022.01.22-18.17.33:062][  0]LogConfig: Setting CVar [[r.DOF.Kernel.MaxForegroundRadius:0.025]]
[2022.01.22-18.17.33:062][  0]LogConfig: Setting CVar [[r.DOF.Kernel.MaxBackgroundRadius:0.025]]
[2022.01.22-18.17.33:062][  0]LogConfig: Applying CVar settings from Section [TextureQuality@3] File [D:/Josh/Documents/GGC_2022_Duality/ForceDupe/Saved/Config/Windows/Scalability.ini]
[2022.01.22-18.17.33:062][  0]LogConfig: Setting CVar [[r.Streaming.MipBias:0]]
[2022.01.22-18.17.33:062][  0]LogConfig: Setting CVar [[r.Streaming.AmortizeCPUToGPUCopy:0]]
[2022.01.22-18.17.33:062][  0]LogConfig: Setting CVar [[r.Streaming.MaxNumTexturesToStreamPerFrame:0]]
[2022.01.22-18.17.33:062][  0]LogConfig: Setting CVar [[r.Streaming.Boost:1]]
[2022.01.22-18.17.33:062][  0]LogConfig: Setting CVar [[r.MaxAnisotropy:8]]
[2022.01.22-18.17.33:062][  0]LogConfig: Setting CVar [[r.VT.MaxAnisotropy:8]]
[2022.01.22-18.17.33:062][  0]LogConfig: Setting CVar [[r.Streaming.LimitPoolSizeToVRAM:0]]
[2022.01.22-18.17.33:062][  0]LogConfig: Setting CVar [[r.Streaming.PoolSize:1000]]
[2022.01.22-18.17.33:062][  0]LogConfig: Setting CVar [[r.Streaming.MaxEffectiveScreenSize:0]]
[2022.01.22-18.17.33:062][  0]LogConfig: Applying CVar settings from Section [EffectsQuality@3] File [D:/Josh/Documents/GGC_2022_Duality/ForceDupe/Saved/Config/Windows/Scalability.ini]
[2022.01.22-18.17.33:062][  0]LogConfig: Setting CVar [[r.TranslucencyLightingVolumeDim:64]]
[2022.01.22-18.17.33:062][  0]LogConfig: Setting CVar [[r.RefractionQuality:2]]
[2022.01.22-18.17.33:062][  0]LogConfig: Setting CVar [[r.SSR.Quality:3]]
[2022.01.22-18.17.33:062][  0]LogConfig: Setting CVar [[r.SSR.HalfResSceneColor:0]]
[2022.01.22-18.17.33:062][  0]LogConfig: Setting CVar [[r.SceneColorFormat:4]]
[2022.01.22-18.17.33:062][  0]LogConfig: Setting CVar [[r.DetailMode:2]]
[2022.01.22-18.17.33:062][  0]LogConfig: Setting CVar [[r.TranslucencyVolumeBlur:1]]
[2022.01.22-18.17.33:062][  0]LogConfig: Setting CVar [[r.MaterialQualityLevel:1 ; High quality]]
[2022.01.22-18.17.33:062][  0]LogConfig: Setting CVar [[r.AnisotropicMaterials:1]]
[2022.01.22-18.17.33:062][  0]LogConfig: Setting CVar [[r.SSS.Scale:1]]
[2022.01.22-18.17.33:062][  0]LogConfig: Setting CVar [[r.SSS.SampleSet:2]]
[2022.01.22-18.17.33:062][  0]LogConfig: Setting CVar [[r.SSS.Quality:1]]
[2022.01.22-18.17.33:062][  0]LogConfig: Setting CVar [[r.SSS.HalfRes:0]]
[2022.01.22-18.17.33:062][  0]LogConfig: Setting CVar [[r.SSGI.Quality:3]]
[2022.01.22-18.17.33:062][  0]LogConfig: Setting CVar [[r.EmitterSpawnRateScale:1.0]]
[2022.01.22-18.17.33:062][  0]LogConfig: Setting CVar [[r.ParticleLightQuality:2]]
[2022.01.22-18.17.33:062][  0]LogConfig: Setting CVar [[r.SkyAtmosphere.AerialPerspectiveLUT.FastApplyOnOpaque:1 ; Always have FastSkyLUT 1 in this case to avoid wrong sky]]
[2022.01.22-18.17.33:062][  0]LogConfig: Setting CVar [[r.SkyAtmosphere.AerialPerspectiveLUT.SampleCountMaxPerSlice:4]]
[2022.01.22-18.17.33:062][  0]LogConfig: Setting CVar [[r.SkyAtmosphere.AerialPerspectiveLUT.DepthResolution:16.0]]
[2022.01.22-18.17.33:062][  0]LogConfig: Setting CVar [[r.SkyAtmosphere.FastSkyLUT:1]]
[2022.01.22-18.17.33:062][  0]LogConfig: Setting CVar [[r.SkyAtmosphere.FastSkyLUT.SampleCountMin:4.0]]
[2022.01.22-18.17.33:062][  0]LogConfig: Setting CVar [[r.SkyAtmosphere.FastSkyLUT.SampleCountMax:128.0]]
[2022.01.22-18.17.33:062][  0]LogConfig: Setting CVar [[r.SkyAtmosphere.SampleCountMin:4.0]]
[2022.01.22-18.17.33:062][  0]LogConfig: Setting CVar [[r.SkyAtmosphere.SampleCountMax:128.0]]
[2022.01.22-18.17.33:062][  0]LogConfig: Setting CVar [[r.SkyAtmosphere.TransmittanceLUT.UseSmallFormat:0]]
[2022.01.22-18.17.33:062][  0]LogConfig: Setting CVar [[r.SkyAtmosphere.TransmittanceLUT.SampleCount:10.0]]
[2022.01.22-18.17.33:062][  0]LogConfig: Setting CVar [[r.SkyAtmosphere.MultiScatteringLUT.SampleCount:15.0]]
[2022.01.22-18.17.33:062][  0]LogConfig: Setting CVar [[r.SkyLight.RealTimeReflectionCapture:1]]
[2022.01.22-18.17.33:062][  0]LogConfig: Applying CVar settings from Section [FoliageQuality@3] File [D:/Josh/Documents/GGC_2022_Duality/ForceDupe/Saved/Config/Windows/Scalability.ini]
[2022.01.22-18.17.33:062][  0]LogConfig: Setting CVar [[foliage.DensityScale:1.0]]
[2022.01.22-18.17.33:062][  0]LogConfig: Setting CVar [[grass.DensityScale:1.0]]
[2022.01.22-18.17.33:062][  0]LogConfig: Applying CVar settings from Section [ShadingQuality@3] File [D:/Josh/Documents/GGC_2022_Duality/ForceDupe/Saved/Config/Windows/Scalability.ini]
[2022.01.22-18.17.33:062][  0]LogConfig: Setting CVar [[r.HairStrands.SkyLighting.IntegrationType:2]]
[2022.01.22-18.17.33:062][  0]LogConfig: Setting CVar [[r.HairStrands.SkyAO.SampleCount:4]]
[2022.01.22-18.17.33:062][  0]LogConfig: Setting CVar [[r.HairStrands.Visibility.MSAA.SamplePerPixel:4]]
[2022.01.22-18.17.33:063][  0]LogConfig: Applying CVar settings from Section [Startup] File [../../../Engine/Config/ConsoleVariables.ini]
[2022.01.22-18.17.33:063][  0]LogConfig: Setting CVar [[net.UseAdaptiveNetUpdateFrequency:0]]
[2022.01.22-18.17.33:063][  0]LogConfig: Setting CVar [[p.chaos.AllowCreatePhysxBodies:1]]
[2022.01.22-18.17.33:063][  0]LogConfig: Setting CVar [[fx.SkipVectorVMBackendOptimizations:1]]
[2022.01.22-18.17.33:063][  0]LogConfig: Applying CVar settings from Section [ConsoleVariables] File [D:/Josh/Documents/GGC_2022_Duality/ForceDupe/Saved/Config/Windows/Engine.ini]
[2022.01.22-18.17.33:063][  0]LogConfig: Applying CVar settings from Section [ConsoleVariables] File [D:/Josh/Documents/GGC_2022_Duality/ForceDupe/Saved/Config/Windows/Editor.ini]
[2022.01.22-18.17.33:063][  0]LogInit: Computer: JOCELYN-PC
[2022.01.22-18.17.33:063][  0]LogInit: User: Josh
[2022.01.22-18.17.33:063][  0]LogInit: CPU Page size=4096, Cores=10
[2022.01.22-18.17.33:063][  0]LogInit: High frequency timer resolution =10.000000 MHz
[2022.01.22-18.17.33:063][  0]LogMemory: Memory total: Physical=23.7GB (24GB approx)
[2022.01.22-18.17.33:063][  0]LogMemory: Platform Memory Stats for Windows
[2022.01.22-18.17.33:063][  0]LogMemory: Process Physical Memory: 147.75 MB used, 147.75 MB peak
[2022.01.22-18.17.33:063][  0]LogMemory: Process Virtual Memory: 128.65 MB used, 128.65 MB peak
[2022.01.22-18.17.33:063][  0]LogMemory: Physical Memory: 11293.88 MB used,  12980.61 MB free, 24274.48 MB total
[2022.01.22-18.17.33:063][  0]LogMemory: Virtual Memory: 134204240.00 MB used,  13491.85 MB free, 134217728.00 MB total
[2022.01.22-18.17.33:068][  0]LogWindows: WindowsPlatformFeatures enabled
[2022.01.22-18.17.33:107][  0]LogInit: Physics initialised using underlying interface: PhysX
[2022.01.22-18.17.33:108][  0]LogInit: Using OS detected language (en-US).
[2022.01.22-18.17.33:108][  0]LogInit: Using OS detected locale (en-US).
[2022.01.22-18.17.33:110][  0]LogTextLocalizationManager: No specific localization for 'en-US' exists, so the 'en' localization will be used.
[2022.01.22-18.17.33:308][  0]LogInit: Setting process to per monitor DPI aware
[2022.01.22-18.17.33:320][  0]LogWindowsTextInputMethodSystem: Display: IME system deactivated.
[2022.01.22-18.17.33:332][  0]LogSlate: New Slate User Created.  User Index 0, Is Virtual User: 0
[2022.01.22-18.17.33:332][  0]LogSlate: Slate User Registered.  User Index 0, Is Virtual User: 0
[2022.01.22-18.17.33:509][  0]LogD3D11RHI: Loaded GFSDK_Aftermath_Lib.x64.dll
[2022.01.22-18.17.33:512][  0]LogHMD: Failed to initialize OpenVR with code 110
[2022.01.22-18.17.33:512][  0]LogD3D11RHI: D3D11 min allowed feature level: 11_0
[2022.01.22-18.17.33:512][  0]LogD3D11RHI: D3D11 max allowed feature level: 11_0
[2022.01.22-18.17.33:512][  0]LogD3D11RHI: D3D11 adapters:
[2022.01.22-18.17.33:599][  0]LogD3D11RHI:    0. 'NVIDIA GeForce GTX 1080 Ti' (Feature Level 11_0)
[2022.01.22-18.17.33:599][  0]LogD3D11RHI:       11128/0/12137 MB DedicatedVideo/DedicatedSystem/SharedSystem, Outputs:1, VendorId:0x10de
[2022.01.22-18.17.33:601][  0]LogD3D11RHI:    1. 'Microsoft Basic Render Driver' (Feature Level 11_0)
[2022.01.22-18.17.33:601][  0]LogD3D11RHI:       0/0/12137 MB DedicatedVideo/DedicatedSystem/SharedSystem, Outputs:0, VendorId:0x1414
[2022.01.22-18.17.33:601][  0]LogD3D11RHI: Chosen D3D11 Adapter:
[2022.01.22-18.17.33:601][  0]LogD3D11RHI:     Description : NVIDIA GeForce GTX 1080 Ti
[2022.01.22-18.17.33:601][  0]LogD3D11RHI:     VendorId    : 10de
[2022.01.22-18.17.33:601][  0]LogD3D11RHI:     DeviceId    : 1b06
[2022.01.22-18.17.33:601][  0]LogD3D11RHI:     SubSysId    : 377a1458
[2022.01.22-18.17.33:601][  0]LogD3D11RHI:     Revision    : 00a1
[2022.01.22-18.17.33:601][  0]LogD3D11RHI:     DedicatedVideoMemory : 11668553728 bytes
[2022.01.22-18.17.33:601][  0]LogD3D11RHI:     DedicatedSystemMemory : 0 bytes
[2022.01.22-18.17.33:601][  0]LogD3D11RHI:     SharedSystemMemory : 12726820864 bytes
[2022.01.22-18.17.33:601][  0]LogD3D11RHI:     AdapterLuid : 0 80617
[2022.01.22-18.17.33:609][  0]LogD3D11RHI: Creating new Direct3DDevice
[2022.01.22-18.17.33:609][  0]LogD3D11RHI:     GPU DeviceId: 0x1b06 (for the marketing name, search the web for "GPU Device Id")
[2022.01.22-18.17.33:609][  0]LogWindows: EnumDisplayDevices:
[2022.01.22-18.17.33:609][  0]LogWindows:    0. 'NVIDIA GeForce GTX 1080 Ti' (P:1 D:1)
[2022.01.22-18.17.33:609][  0]LogWindows:    1. 'NVIDIA GeForce GTX 1080 Ti' (P:0 D:0)
[2022.01.22-18.17.33:609][  0]LogWindows:    2. 'NVIDIA GeForce GTX 1080 Ti' (P:0 D:0)
[2022.01.22-18.17.33:609][  0]LogWindows:    3. 'NVIDIA GeForce GTX 1080 Ti' (P:0 D:0)
[2022.01.22-18.17.33:610][  0]LogWindows: DebugString: FoundDriverCount:4 
[2022.01.22-18.17.33:610][  0]LogD3D11RHI:     Adapter Name: NVIDIA GeForce GTX 1080 Ti
[2022.01.22-18.17.33:610][  0]LogD3D11RHI:   Driver Version: 511.23 (internal:30.0.15.1123, unified:511.23)
[2022.01.22-18.17.33:610][  0]LogD3D11RHI:      Driver Date: 1-10-2022
[2022.01.22-18.17.33:610][  0]LogRHI: Texture pool is 7789 MB (70% of 11128 MB)
[2022.01.22-18.17.33:610][  0]LogD3D11RHI: Creating D3DDevice using adapter:
[2022.01.22-18.17.33:610][  0]LogD3D11RHI:     Description : NVIDIA GeForce GTX 1080 Ti
[2022.01.22-18.17.33:610][  0]LogD3D11RHI:     VendorId    : 10de
[2022.01.22-18.17.33:610][  0]LogD3D11RHI:     DeviceId    : 1b06
[2022.01.22-18.17.33:610][  0]LogD3D11RHI:     SubSysId    : 377a1458
[2022.01.22-18.17.33:610][  0]LogD3D11RHI:     Revision    : 00a1
[2022.01.22-18.17.33:610][  0]LogD3D11RHI:     DedicatedVideoMemory : 11668553728 bytes
[2022.01.22-18.17.33:610][  0]LogD3D11RHI:     DedicatedSystemMemory : 0 bytes
[2022.01.22-18.17.33:610][  0]LogD3D11RHI:     SharedSystemMemory : 12726820864 bytes
[2022.01.22-18.17.33:610][  0]LogD3D11RHI:     AdapterLuid : 0 80617
[2022.01.22-18.17.33:663][  0]LogD3D11RHI: RHI has support for 64 bit atomics
[2022.01.22-18.17.33:663][  0]LogD3D11RHI: Async texture creation enabled
[2022.01.22-18.17.33:663][  0]LogD3D11RHI: Array index from any shader is supported
[2022.01.22-18.17.33:686][  0]LogD3D11RHI: GPU Timing Frequency: 1000.000000 (Debug: 2 1)
[2022.01.22-18.17.33:723][  0]LogRHI: GeForceNow SDK initialized: 1
[2022.01.22-18.17.33:964][  0]LogTargetPlatformManager: Display: Loaded TargetPlatform 'AllDesktop'
[2022.01.22-18.17.33:985][  0]LogTargetPlatformManager: Display: Loaded TargetPlatform 'Android'
[2022.01.22-18.17.33:985][  0]LogTargetPlatformManager: Display: Loaded TargetPlatform 'Android_ASTC'
[2022.01.22-18.17.33:985][  0]LogTargetPlatformManager: Display: Loaded TargetPlatform 'Android_DXT'
[2022.01.22-18.17.33:985][  0]LogTargetPlatformManager: Display: Loaded TargetPlatform 'Android_ETC2'
[2022.01.22-18.17.33:985][  0]LogTargetPlatformManager: Display: Loaded TargetPlatform 'AndroidClient'
[2022.01.22-18.17.33:985][  0]LogTargetPlatformManager: Display: Loaded TargetPlatform 'Android_ASTCClient'
[2022.01.22-18.17.33:985][  0]LogTargetPlatformManager: Display: Loaded TargetPlatform 'Android_DXTClient'
[2022.01.22-18.17.33:985][  0]LogTargetPlatformManager: Display: Loaded TargetPlatform 'Android_ETC2Client'
[2022.01.22-18.17.33:985][  0]LogTargetPlatformManager: Display: Loaded TargetPlatform 'Android_Multi'
[2022.01.22-18.17.33:985][  0]LogTargetPlatformManager: Display: Loaded TargetPlatform 'Android_MultiClient'
[2022.01.22-18.17.34:002][  0]LogTargetPlatformManager: Display: Loaded TargetPlatform 'IOSClient'
[2022.01.22-18.17.34:002][  0]LogTargetPlatformManager: Display: Loaded TargetPlatform 'IOS'
[2022.01.22-18.17.34:010][  0]LogTargetPlatformManager: Display: Loaded TargetPlatform 'Linux'
[2022.01.22-18.17.34:015][  0]LogTargetPlatformManager: Display: Loaded TargetPlatform 'LinuxNoEditor'
[2022.01.22-18.17.34:019][  0]LogTargetPlatformManager: Display: Loaded TargetPlatform 'LinuxClient'
[2022.01.22-18.17.34:023][  0]LogTargetPlatformManager: Display: Loaded TargetPlatform 'LinuxServer'
[2022.01.22-18.17.34:032][  0]LogTargetPlatformManager: Display: Loaded TargetPlatform 'LinuxAArch64NoEditor'
[2022.01.22-18.17.34:036][  0]LogTargetPlatformManager: Display: Loaded TargetPlatform 'LinuxAArch64Client'
[2022.01.22-18.17.34:040][  0]LogTargetPlatformManager: Display: Loaded TargetPlatform 'LinuxAArch64Server'
[2022.01.22-18.17.34:062][  0]LogTargetPlatformManager: Display: Loaded TargetPlatform 'Lumin'
[2022.01.22-18.17.34:062][  0]LogTargetPlatformManager: Display: Loaded TargetPlatform 'LuminClient'
[2022.01.22-18.17.34:069][  0]LogTargetPlatformManager: Display: Loaded TargetPlatform 'MacNoEditor'
[2022.01.22-18.17.34:073][  0]LogTargetPlatformManager: Display: Loaded TargetPlatform 'Mac'
[2022.01.22-18.17.34:077][  0]LogTargetPlatformManager: Display: Loaded TargetPlatform 'MacClient'
[2022.01.22-18.17.34:080][  0]LogTargetPlatformManager: Display: Loaded TargetPlatform 'MacServer'
[2022.01.22-18.17.34:088][  0]LogTargetPlatformManager: Display: Loaded TargetPlatform 'TVOSClient'
[2022.01.22-18.17.34:088][  0]LogTargetPlatformManager: Display: Loaded TargetPlatform 'TVOS'
[2022.01.22-18.17.34:096][  0]LogTargetPlatformManager: Display: Loaded TargetPlatform 'WindowsNoEditor'
[2022.01.22-18.17.34:100][  0]LogTargetPlatformManager: Display: Loaded TargetPlatform 'Windows'
[2022.01.22-18.17.34:104][  0]LogTargetPlatformManager: Display: Loaded TargetPlatform 'WindowsClient'
[2022.01.22-18.17.34:108][  0]LogTargetPlatformManager: Display: Loaded TargetPlatform 'WindowsServer'
[2022.01.22-18.17.34:108][  0]LogTargetPlatformManager: Display: Building Assets For Windows
[2022.01.22-18.17.34:114][  0]LogAudioDebug: Display: Lib vorbis DLL was dynamically loaded.
[2022.01.22-18.17.34:139][  0]LogTextureFormatOodle: Display: Oodle Texture 2.9.0 init RDO Off
[2022.01.22-18.17.34:167][  0]LogRendererCore: Ray tracing is disabled. Reason: r.RayTracing=0.
[2022.01.22-18.17.34:167][  0]LogShaderCompilers: Guid format shader working directory is -9 characters bigger than the processId version (../../../../Josh/Documents/GGC_2022_Duality/ForceDupe/Intermediate/Shaders/WorkingDirectory/22260/).
[2022.01.22-18.17.34:167][  0]LogShaderCompilers: Cleaned the shader compiler working directory 'C:/Users/Josh/AppData/Local/Temp/UnrealShaderWorkingDir/524960B9438AAA0B9647ABAF7C408FE9/'.
[2022.01.22-18.17.34:167][  0]LogXGEController: Cannot use XGE Controller as Incredibuild is not installed on this machine.
[2022.01.22-18.17.34:167][  0]LogShaderCompilers: Cannot use XGE Shader Compiler as Incredibuild is not installed on this machine.
[2022.01.22-18.17.34:167][  0]LogShaderCompilers: Display: Using Local Shader Compiler.
[2022.01.22-18.17.34:882][  0]LogDerivedDataCache: Display: Max Cache Size: 512 MB
[2022.01.22-18.17.34:949][  0]LogDerivedDataCache: Loaded boot cache 0.07s 97MB C:/Users/Josh/AppData/Local/UnrealEngine/4.27/DerivedDataCache/Boot.ddc.
[2022.01.22-18.17.34:950][  0]LogDerivedDataCache: Display: Loaded Boot cache: C:/Users/Josh/AppData/Local/UnrealEngine/4.27/DerivedDataCache/Boot.ddc
[2022.01.22-18.17.34:950][  0]LogDerivedDataCache: FDerivedDataBackendGraph:  Pak pak cache file ../../../../Josh/Documents/GGC_2022_Duality/ForceDupe/DerivedDataCache/DDC.ddp not found, will not use a pak cache.
[2022.01.22-18.17.34:950][  0]LogDerivedDataCache: Unable to find inner node Pak for hierarchical cache Hierarchy.
[2022.01.22-18.17.34:950][  0]LogDerivedDataCache: FDerivedDataBackendGraph:  CompressedPak pak cache file ../../../../Josh/Documents/GGC_2022_Duality/ForceDupe/DerivedDataCache/Compressed.ddp not found, will not use a pak cache.
[2022.01.22-18.17.34:950][  0]LogDerivedDataCache: Unable to find inner node CompressedPak for hierarchical cache Hierarchy.
[2022.01.22-18.17.34:966][  0]LogDerivedDataCache: Display: Pak cache opened for reading ../../../Engine/DerivedDataCache/Compressed.ddp.
[2022.01.22-18.17.34:966][  0]LogDerivedDataCache: FDerivedDataBackendGraph:  EnterprisePak pak cache file ../../../Enterprise/DerivedDataCache/Compressed.ddp not found, will not use a pak cache.
[2022.01.22-18.17.34:966][  0]LogDerivedDataCache: Unable to find inner node EnterprisePak for hierarchical cache Hierarchy.
[2022.01.22-18.17.34:973][  0]LogDerivedDataCache: Speed tests for C:/Users/Josh/AppData/Local/UnrealEngine/Common/DerivedDataCache took 0.01 seconds
[2022.01.22-18.17.34:973][  0]LogDerivedDataCache: Display: Performance to C:/Users/Josh/AppData/Local/UnrealEngine/Common/DerivedDataCache: Latency=0.03ms. RandomReadSpeed=1518.35MBs, RandomWriteSpeed=153.67MBs. Assigned SpeedClass 'Local'
[2022.01.22-18.17.34:974][  0]LogDerivedDataCache: Using Local data cache path C:/Users/Josh/AppData/Local/UnrealEngine/Common/DerivedDataCache: Writable
[2022.01.22-18.17.34:974][  0]LogDerivedDataCache: Shared data cache path not found in *engine.ini, will not use an Shared cache.
[2022.01.22-18.17.34:974][  0]LogDerivedDataCache: Unable to find inner node Shared for hierarchical cache Hierarchy.
[2022.01.22-18.17.35:020][  0]LogSlate: Using FreeType 2.10.0
[2022.01.22-18.17.35:020][  0]LogSlate: SlateFontServices - WITH_FREETYPE: 1, WITH_HARFBUZZ: 1
[2022.01.22-18.17.35:043][  0]LogAssetRegistry: FAssetRegistry took 0.0028 seconds to start up
[2022.01.22-18.17.35:267][  0]LogInit: Selected Device Profile: [Windows]
[2022.01.22-18.17.35:267][  0]LogInit: Active device profile: [000002A796026E00][000002A78AE69900 49] Windows
[2022.01.22-18.17.35:267][  0]LogInit: Profiles: [000002A796026E00][000002A78AE69900 49] Windows, [000002A795FE7100][000002A78AE71A80 49] WindowsNoEditor, [000002A796027700][000002A78AE75C00 49] WindowsServer, [000002A795FE4A00][000002A7941EE200 49] WindowsClient, [000002A796024800][000002A7941F2380 49] IOS, [000002A795FE5500][000002A7941F6500 49] iPadAir, [000002A796025500][000002A78AE6C640 49] iPadAir2, [000002A795F66700][000002A7941FE880 49] IPadPro, [000002A795F66800][000002A7941FA8C0 49] iPadAir3, [000002A796026500][000002A794206A40 49] iPadAir4, [000002A795F67600][000002A79421EBC0 49] iPadMini2, [000002A796027500][000002A794222D40 49] iPadMini3, [000002A795F67100][000002A792BB2EC0 49] iPadMini4, [000002A796025F00][000002A792BB7040 49] iPadMini5, [000002A795FB6000][000002A792BBF300 49] iPhone6, [000002A795FB6100][000002A792BBB340 49] iPodTouch6, [000002A795F66B00][000002A7963EF600 49] iPhone7, [000002A795F64A00][000002A7963EB640 49] iPodTouch7, [000002A795FB6E00][000002A7963F77C0 49] iPhone5S, [000002A795F64600][000002A7963FB940 49] iPhone6Plus, [000002A795FB4800][000002A78C317AC0 49] iPhone6S, [000002A795F66300][000002A78C31A0C0 49] iPhone6SPlus, [000002A795FB7800][000002A78C31E240 49] iPhone7Plus, [000002A795F66900][000002A78C3223C0 49] iPhoneSE, [000002A795FB7100][000002A78C326540 49] iPhone8, [000002A795F64400][000002A792BC26C0 49] iPhone8Plus, [000002A795FB4600][000002A794202800 49] iPhoneX, [000002A795F64200][000002A7963F2940 49] iPhoneXS, [000002A795FB7200][000002A796A6AA80 49] iPhoneXSMax, [000002A795F66500][000002A796A6EBC0 49] iPhoneXR, [000002A795FB6400][000002A796A76D40 49] iPhone11, [000002A795F67000][000002A796A7AEC0 49] iPhone11Pro, [000002A795FB5D00][000002A78AE01040 49] iPhone11ProMax, [000002A795F64E00][000002A78AE051C0 49] iPhoneSE2, [000002A795FB5C00][000002A78AE09340 49] iPhone12Mini, [000002A795F66E00][000002A78AE0D4C0 49] iPhone12, [000002A795FB4A00][000002A78AE11640 49] iPhone12Pro, [000002A795F64B00][000002A78AE157C0 49] iPhone12ProMax, [000002A795FB7B00][000002A78AE19940 49] iPadPro105, [000002A795F66200][000002A78AE1DAC0 49] iPadPro129, [000002A795FB4400][000002A78AE200C0 49] iPadPro97, [000002A795F65500][000002A78AE24240 49] iPadPro2_129, [000002A795FB5100][000002A78AE283C0 49] iPad5, [000002A795F64900][000002A78AE2C540 49] iPad6, [000002A795FB5B00][000002A78AE306C0 49] iPad7, [000002A795F65A00][000002A78AE34840 49] iPad8, [000002A795FB5200][000002A796A72980 49] iPadPro11, [000002A795F67B00][000002A78AE38AC0 49] iPadPro2_11, [000002A795FB7000][000002A78AE3CC00 49] iPadPro3_129, [000002A796080B00][000002A78AE40D40 49] iPadPro4_129, [000002A795FE6C00][000002A78AE48EC0 49] AppleTV, [000002A796080E00][000002A78AE4D040 49] AppleTV4K, [000002A795FE6500][000002A78AE511C0 49] TVOS, [000002A796080800][000002A78AE55340 49] Mac, [000002A795FE7500][000002A7962714C0 49] MacClient, [000002A796081700][000002A796275640 49] MacNoEditor, [000002A795FE6D00][000002A7962797C0 49] MacServer, [000002A796081B00][000002A78AF37940 49] Linux, [000002A795FE4200][000002A78AF2FAC0 49] LinuxAArch64, [000002A796081A00][000002A78AF320C0 49] LinuxNoEditor, [000002A795FE5C00][000002A796640240 49] LinuxAArch64NoEditor, [000002A796081100][000002A7966443C0 49] LinuxClient, [000002A795FE7E00][000002A796648540 49] LinuxAArch64Client, [000002A796082800][000002A79664C6C0 49] LinuxServer, [000002A795FE5900][000002A796650840 49] LinuxAArch64Server, [000002A796082500][000002A7966549C0 49] Android, [000002A795F64800][000002A796658B40 49] Android_Low, [000002A795FB4C00][000002A78AE44C80 49] Android_Mid, [000002A795F67E00][000002A79665CDC0 49] Android_High, [000002A795FB6B00][000002A796660F00 49] Android_Default, [000002A795F67700][000002A796681080 49] Android_Adreno4xx, [000002A795FB4900][000002A796685200 49] Android_Adreno5xx_Low, [000002A795F65200][000002A796689380 49] Android_Adreno5xx, [000002A795FB6500][000002A79668D500 49] Android_Adreno6xx, [000002A795F66600][000002A796691680 49] Android_Adreno6xx_Vulkan, [000002A795FB5000][000002A796695800 49] Android_Mali_T6xx, [000002A795F65600][000002A796699980 49] Android_Mali_T7xx, [000002A796080D00][000002A79669DB00 49] Android_Mali_T8xx, [000002A795F66D00][000002A7966A0100 49] Android_Mali_G71, [000002A796080400][000002A7966A4280 49] Android_Mali_G72, [000002A795F65800][000002A7966A8400 49] Android_Mali_G72_Vulkan, [000002A796081200][000002A7966AC580 49] Android_Mali_G76, [000002A795F67C00][000002A7966B0700 49] Android_Mali_G76_Vulkan, [000002A796080C00][000002A7966B4880 49] Android_Mali_G77, [000002A795F67800][000002A7966B8A00 49] Android_Mali_G77_Vulkan, [000002A796080A00][000002A7966BCB80 49] Android_Mali_G78, [000002A795F65F00][000002A7966C0D00 49] Android_Mali_G78_Vulkan, [000002A796082300][000002A796664E40 49] Android_Mali_G710, [000002A795F66400][000002A7966C4F80 49] Android_Mali_G710_Vulkan, [000002A796081900][000002A7966C90C0 49] Android_Vulkan_SM5, [000002A795F64C00][000002A7966D1240 49] Android_PowerVR_G6xxx, [000002A795FB7D00][000002A7966D53C0 49] Android_PowerVR_GT7xxx, [000002A795F64100][000002A7966D9540 49] Android_PowerVR_GE8xxx, [000002A795FB7500][000002A7966DD6C0 49] Android_PowerVR_GM9xxx, [000002A795F66C00][000002A7966E1840 49] Android_PowerVR_GM9xxx_Vulkan, [000002A795FB6700][000002A7966E59C0 49] Android_TegraK1, [000002A795F64500][000002A7966E9B40 49] Android_Unknown_Vulkan, [000002A795FB7400][000002A7966EC140 49] Lumin, [000002A795F65E00][000002A7966F02C0 49] Lumin_Desktop, [000002A795FB5800][000002A7966F4440 49] HoloLens, 
[2022.01.22-18.17.35:386][  0]LogMeshReduction: Using QuadricMeshReduction for automatic static mesh reduction
[2022.01.22-18.17.35:386][  0]LogMeshReduction: Using SimplygonMeshReduction for automatic skeletal mesh reduction
[2022.01.22-18.17.35:386][  0]LogMeshReduction: Using ProxyLODMeshReduction for automatic mesh merging
[2022.01.22-18.17.35:386][  0]LogMeshReduction: No distributed automatic mesh merging module available
[2022.01.22-18.17.35:386][  0]LogMeshMerging: No distributed automatic mesh merging module available
[2022.01.22-18.17.35:401][  0]LogNetVersion: ForceDupe 1.0.0, NetCL: 17155196, EngineNetVer: 17, GameNetVer: 0 (Checksum: 2097852820)
[2022.01.22-18.17.35:771][  0]LogTexture: Default maximum texture size for cubemaps generated from long-lat sources has been changed from 512 to unlimited. In order to preserve old behaiour for '/Engine/MapTemplates/Sky/DaylightAmbientCubemap.DaylightAmbientCubemap', its maximum texture size has been explicitly set to 512.
[2022.01.22-18.17.35:832][  0]LogHMD: PokeAHoleMaterial loaded successfully
[2022.01.22-18.17.35:838][  0]LogUObjectArray: 17178 objects as part of root set at end of initial load.
[2022.01.22-18.17.35:838][  0]LogUObjectAllocator: 4302048 out of 0 bytes used by permanent object pool.
[2022.01.22-18.17.35:838][  0]LogUObjectArray: CloseDisregardForGC: 0/0 objects in disregard for GC pool
[2022.01.22-18.17.36:087][  0]LogNiagaraDebuggerClient: Niagara Debugger Client Initialized | Session: 619F1648465525AA4EE685A8B54EE56B | Instance: 585EE550436504C4493EF6995D5E22CD (JOCELYN-PC-22260).
[2022.01.22-18.17.36:117][  0]LogPython: Using Python 3.7.7
[2022.01.22-18.17.36:687][  0]LogTcpMessaging: Initializing TcpMessaging bridge
[2022.01.22-18.17.36:692][  0]LogUdpMessaging: Initializing bridge on interface 0.0.0.0:0 to multicast group 230.0.0.1:6666.
[2022.01.22-18.17.36:943][  0]SourceControl: Source control is disabled
[2022.01.22-18.17.36:943][  0]SourceControl: Source control is disabled
[2022.01.22-18.17.36:946][  0]SourceControl: Source control is disabled
[2022.01.22-18.17.36:951][  0]SourceControl: Source control is disabled
[2022.01.22-18.17.36:953][  0]SourceControl: Source control is disabled
[2022.01.22-18.17.36:962][  0]LogUProjectInfo: Found projects:
[2022.01.22-18.17.37:142][  0]LogOpenImageDenoise: OIDN starting up
[2022.01.22-18.17.37:179][  0]LogAndroidPermission: UAndroidPermissionCallbackProxy::GetInstance
[2022.01.22-18.17.37:199][  0]LogAudioCaptureCore: Display: No Audio Capture implementations found. Audio input will be silent.
[2022.01.22-18.17.37:199][  0]LogAudioCaptureCore: Display: No Audio Capture implementations found. Audio input will be silent.
[2022.01.22-18.17.37:313][  0]LogCollectionManager: Loaded 0 collections in 0.000729 seconds
[2022.01.22-18.17.37:336][  0]LogFileCache: Scanning file cache for directory 'D:/Josh/Documents/GGC_2022_Duality/ForceDupe/Saved/Collections/' took 0.00s
[2022.01.22-18.17.37:336][  0]LogFileCache: Scanning file cache for directory 'D:/Josh/Documents/GGC_2022_Duality/ForceDupe/Content/Developers/Josh/Collections/' took 0.00s
[2022.01.22-18.17.37:336][  0]LogFileCache: Scanning file cache for directory 'D:/Josh/Documents/GGC_2022_Duality/ForceDupe/Content/Collections/' took 0.00s
[2022.01.22-18.17.37:336][  0]LogOcInput: OculusInput pre-init called
[2022.01.22-18.17.37:553][  0]LogEngine: Initializing Engine...
[2022.01.22-18.17.37:556][  0]LogHMD: Failed to enumerate extensions. Please check that you have a valid OpenXR runtime installed.
[2022.01.22-18.17.37:556][  0]LogHMD: Failed to initialize OpenVR with code 110
[2022.01.22-18.17.37:556][  0]LogMagicLeap: Warning: VR disabled because ZI is not enabled.  To enable, in the editor, Edit -> Project Settings -> Plugins -> Magic Leap Plugin -> Enable Zero Iteration
[2022.01.22-18.17.37:557][  0]LogStats: UGameplayTagsManager::InitializeManager -  0.000 s
[2022.01.22-18.17.37:685][  0]LogInit: Initializing FReadOnlyCVARCache
[2022.01.22-18.17.37:696][  0]LogAIModule: Creating AISystem for world Untitled
[2022.01.22-18.17.37:696][  0]LogAudio: Display: Initializing Audio Device Manager...
[2022.01.22-18.17.37:699][  0]LogAudio: Display: Loading Default Audio Settings Objects...
[2022.01.22-18.17.37:700][  0]LogAudio: Display: No default SoundConcurrencyObject specified (or failed to load).
[2022.01.22-18.17.37:700][  0]LogAudio: Display: Audio Device Manager Initialized
[2022.01.22-18.17.37:700][  0]LogAudio: Display: Creating Audio Device:                 Id: 1, Scope: Shared, Realtime: True
[2022.01.22-18.17.37:700][  0]LogAudioMixer: Display: Audio Mixer Platform Settings:
[2022.01.22-18.17.37:700][  0]LogAudioMixer: Display: 	Sample Rate:						  48000
[2022.01.22-18.17.37:700][  0]LogAudioMixer: Display: 	Callback Buffer Frame Size Requested: 1024
[2022.01.22-18.17.37:700][  0]LogAudioMixer: Display: 	Callback Buffer Frame Size To Use:	  1024
[2022.01.22-18.17.37:700][  0]LogAudioMixer: Display: 	Number of buffers to queue:			  2
[2022.01.22-18.17.37:700][  0]LogAudioMixer: Display: 	Max Channels (voices):				  32
[2022.01.22-18.17.37:700][  0]LogAudioMixer: Display: 	Number of Async Source Workers:		  0
[2022.01.22-18.17.37:700][  0]LogAudio: Display: AudioDevice MaxSources: 32
[2022.01.22-18.17.37:701][  0]LogAudio: Display: Audio Spatialization Plugin: None (built-in).
[2022.01.22-18.17.37:701][  0]LogAudio: Display: Audio Reverb Plugin: None (built-in).
[2022.01.22-18.17.37:701][  0]LogAudio: Display: Audio Occlusion Plugin: None (built-in).
[2022.01.22-18.17.37:701][  0]LogAudioMixer: Display: Initializing audio mixer.
[2022.01.22-18.17.37:713][  0]LogAudioMixer: Display: 0: FrontLeft
[2022.01.22-18.17.37:713][  0]LogAudioMixer: Display: 1: FrontRight
[2022.01.22-18.17.37:728][  0]LogAudioMixer: Display: Using Audio Device Speakers (2- USB Audio Device)
[2022.01.22-18.17.37:730][  0]LogAudioMixer: Display: Initializing Sound Submixes...
[2022.01.22-18.17.37:733][  0]LogAudioMixer: Display: Creating Master Submix 'MasterSubmixDefault'
[2022.01.22-18.17.37:733][  0]LogAudioMixer: Display: Creating Master Submix 'MasterReverbSubmixDefault'
[2022.01.22-18.17.37:734][  0]LogAudioMixer: Display: Creating Master Submix 'MasterEQSubmixDefault'
[2022.01.22-18.17.37:734][  0]LogAudioMixer: FMixerPlatformXAudio2::StartAudioStream() called
[2022.01.22-18.17.37:734][  0]LogAudioMixer: Display: Output buffers initialized: Frames=1024, Channels=2, Samples=2048
[2022.01.22-18.17.37:735][  0]LogAudioMixer: Display: Starting AudioMixerPlatformInterface::RunInternal()
[2022.01.22-18.17.37:735][  0]LogAudioMixer: Display: FMixerPlatformXAudio2::SubmitBuffer() called for the first time
[2022.01.22-18.17.37:735][  0]LogInit: FAudioDevice initialized.
[2022.01.22-18.17.37:735][  0]LogAudio: Display: Audio Device (ID: 1) registered with world 'Untitled'.
[2022.01.22-18.17.37:735][  0]LogNetVersion: Set ProjectVersion to 1.0.0.0. Version Checksum will be recalculated on next use.
[2022.01.22-18.17.37:817][  0]LogDerivedDataCache: Saved boot cache 0.08s 97MB C:/Users/Josh/AppData/Local/UnrealEngine/4.27/DerivedDataCache/Boot.ddc.
[2022.01.22-18.17.37:818][  0]LogInit: Texture streaming: Enabled
[2022.01.22-18.17.37:830][  0]LogAnalytics: Display: [UEEditor.Rocket.Release] APIServer = https://datarouter.ol.epicgames.com/. AppVersion = 4.27.2-18319896+++UE4+Release-4.27
[2022.01.22-18.17.37:833][  0]LogEngineSessionManager: EngineSessionManager initialized
[2022.01.22-18.17.37:833][  0]LogEditorSessionSummary: Verbose: Initializing EditorSessionSummaryWriter for editor session tracking
[2022.01.22-18.17.37:835][  0]LogEditorSessionSummary: EditorSessionSummaryWriter initialized
[2022.01.22-18.17.37:861][  0]LogInit: Transaction tracking system initialized
[2022.01.22-18.17.37:878][  0]BlueprintLog: New page: Editor Load
[2022.01.22-18.17.37:929][  0]LocalizationService: Localization service is disabled
[2022.01.22-18.17.37:948][  0]TimingProfiler: Initialize
[2022.01.22-18.17.37:948][  0]TimingProfiler: OnSessionChanged
[2022.01.22-18.17.37:948][  0]LoadingProfiler: Initialize
[2022.01.22-18.17.37:948][  0]LoadingProfiler: OnSessionChanged
[2022.01.22-18.17.37:948][  0]NetworkingProfiler: Initialize
[2022.01.22-18.17.37:948][  0]NetworkingProfiler: OnSessionChanged
[2022.01.22-18.17.37:948][  0]MemoryProfiler: Initialize
[2022.01.22-18.17.37:948][  0]MemoryProfiler: OnSessionChanged
[2022.01.22-18.17.37:952][  0]LogClass: Warning: In asset 'None', there is an enum property of type 'EIOSVersion' with an invalid value of 'IOS_11'
[2022.01.22-18.17.37:952][  0]LogObj: Error: LoadConfig (/Script/IOSRuntimeSettings.Default__IOSRuntimeSettings): import failed for MinimumiOSVersion in: IOS_11
[2022.01.22-18.17.38:345][  0]LogCook: Display: CookSettings for Memory: MemoryMaxUsedVirtual 0MiB, MemoryMaxUsedPhysical 16384MiB, MemoryMinFreeVirtual 0MiB, MemoryMinFreePhysical 1024MiB
[2022.01.22-18.17.38:345][  0]LogCook: Display: Mobile HDR setting 1
[2022.01.22-18.17.38:544][  0]LogFileCache: Scanning file cache for directory 'D:/Josh/Documents/GGC_2022_Duality/ForceDupe/Content/' took 0.01s
[2022.01.22-18.17.38:709][  0]LogInit: Display: Engine is initialized. Leaving FEngineLoop::Init()
[2022.01.22-18.17.38:712][  0]SourceControl: Source control is disabled
[2022.01.22-18.17.38:712][  0]LogUnrealEdMisc: Loading editor; pre map load, took 6.617
[2022.01.22-18.17.38:712][  0]Cmd: MAP LOAD FILE="../../../../Josh/Documents/GGC_2022_Duality/ForceDupe/Content/FirstPersonCPP/Maps/FirstPersonExampleMap.umap" TEMPLATE=0 SHOWPROGRESS=1 FEATURELEVEL=3
[2022.01.22-18.17.38:712][  0]LightingResults: New page: Lighting Build
[2022.01.22-18.17.38:714][  0]LogWorld: UWorld::CleanupWorld for Untitled, bSessionEnded=true, bCleanupResources=true
[2022.01.22-18.17.38:714][  0]LogSlate: InvalidateAllWidgets triggered.  All widgets were invalidated
[2022.01.22-18.17.38:714][  0]MapCheck: New page: Map Check
[2022.01.22-18.17.38:714][  0]LightingResults: New page: Lighting Build
[2022.01.22-18.17.38:722][  0]LogAudio: Display: Audio Device unregistered from world 'None'.
[2022.01.22-18.17.38:726][  0]LogUObjectHash: Compacting FUObjectHashTables data took   0.91ms
[2022.01.22-18.17.38:785][  0]LogTexture: Display: Building textures: DeprecatedTextureD5B55AC7496CD3FBF6154CA3715BB71F (BGRA8, 128X128)
[2022.01.22-18.17.38:789][  0]LogAudio: Display: Audio Device (ID: 1) registered with world 'FirstPersonExampleMap'.
[2022.01.22-18.17.38:790][  0]LogAIModule: Creating AISystem for world FirstPersonExampleMap
[2022.01.22-18.17.38:795][  0]LogEditorServer: Finished looking for orphan Actors (0.000 secs)
[2022.01.22-18.17.38:805][  0]LogUObjectHash: Compacting FUObjectHashTables data took   0.84ms
[2022.01.22-18.17.38:805][  0]Cmd: MAP CHECKDEP NOCLEARLOG
[2022.01.22-18.17.38:805][  0]MapCheck: Map check complete: 0 Error(s), 0 Warning(s), took 0.121ms to complete.
[2022.01.22-18.17.38:805][  0]LogFileHelpers: Loading map 'FirstPersonExampleMap' took 0.093
[2022.01.22-18.17.38:808][  0]LogUnrealEdMisc: Total Editor Startup Time, took 6.712
[2022.01.22-18.17.38:946][  0]LogSlate: Updating window title bar state: overlay mode, drag disabled, window buttons hidden, title bar hidden
[2022.01.22-18.17.38:952][  0]LogSlate: Updating window title bar state: overlay mode, drag disabled, window buttons hidden, title bar hidden
[2022.01.22-18.17.38:958][  0]LogSlate: Updating window title bar state: overlay mode, drag disabled, window buttons hidden, title bar hidden
[2022.01.22-18.17.38:964][  0]LogSlate: Updating window title bar state: overlay mode, drag disabled, window buttons hidden, title bar hidden
[2022.01.22-18.17.38:977][  0]LogNativeClassHierarchy: Verbose: Native class hierarchy populated in 0.0096 seconds. Added 3827 classes and 930 folders.
[2022.01.22-18.17.38:980][  0]LogNativeClassHierarchy: Verbose: Native class hierarchy updated for 'WidgetCarousel' in 0.0003 seconds. Added 0 classes and 0 folders.
[2022.01.22-18.17.38:982][  0]LogPakFile: PakFile PrimaryIndexSize=187
[2022.01.22-18.17.38:982][  0]LogPakFile: PakFile PathHashIndexSize=101
[2022.01.22-18.17.38:982][  0]LogPakFile: PakFile FullDirectoryIndexSize=148
[2022.01.22-18.17.38:982][  0]LogShaderLibrary: Display: ShaderCodeLibraryPakFileMountedCallback: PakFile 'D:/UE_4.27/FeaturePacks/FP_FirstPerson.upack' (chunk index -1, root 'root:/') mounted
[2022.01.22-18.17.38:982][  0]LogShaderLibrary: Display: ShaderCodeLibraryPakFileMountedCallback: pending pak file info (ChunkID:-1 Root:root:/ File:D:/UE_4.27/FeaturePacks/FP_FirstPerson.upack)
[2022.01.22-18.17.38:982][  0]LogPakFile: OnPakFileMounted2Time == 0.000057
[2022.01.22-18.17.38:983][  0]LogPakFile: PakFile PrimaryIndexSize=189
[2022.01.22-18.17.38:983][  0]LogPakFile: PakFile PathHashIndexSize=101
[2022.01.22-18.17.38:983][  0]LogPakFile: PakFile FullDirectoryIndexSize=152
[2022.01.22-18.17.38:983][  0]LogShaderLibrary: Display: ShaderCodeLibraryPakFileMountedCallback: PakFile 'D:/UE_4.27/FeaturePacks/FP_FirstPersonBP.upack' (chunk index -1, root 'root:/') mounted
[2022.01.22-18.17.38:983][  0]LogShaderLibrary: Display: ShaderCodeLibraryPakFileMountedCallback: pending pak file info (ChunkID:-1 Root:root:/ File:D:/UE_4.27/FeaturePacks/FP_FirstPersonBP.upack)
[2022.01.22-18.17.38:983][  0]LogPakFile: OnPakFileMounted2Time == 0.000041
[2022.01.22-18.17.38:983][  0]LogPakFile: PakFile PrimaryIndexSize=191
[2022.01.22-18.17.38:983][  0]LogPakFile: PakFile PathHashIndexSize=101
[2022.01.22-18.17.38:983][  0]LogPakFile: PakFile FullDirectoryIndexSize=160
[2022.01.22-18.17.38:983][  0]LogShaderLibrary: Display: ShaderCodeLibraryPakFileMountedCallback: PakFile 'D:/UE_4.27/FeaturePacks/MobileStarterContent.upack' (chunk index -1, root 'root:/') mounted
[2022.01.22-18.17.38:983][  0]LogShaderLibrary: Display: ShaderCodeLibraryPakFileMountedCallback: pending pak file info (ChunkID:-1 Root:root:/ File:D:/UE_4.27/FeaturePacks/MobileStarterContent.upack)
[2022.01.22-18.17.38:983][  0]LogPakFile: OnPakFileMounted2Time == 0.000033
[2022.01.22-18.17.38:984][  0]LogPakFile: PakFile PrimaryIndexSize=185
[2022.01.22-18.17.38:984][  0]LogPakFile: PakFile PathHashIndexSize=101
[2022.01.22-18.17.38:984][  0]LogPakFile: PakFile FullDirectoryIndexSize=148
[2022.01.22-18.17.38:984][  0]LogShaderLibrary: Display: ShaderCodeLibraryPakFileMountedCallback: PakFile 'D:/UE_4.27/FeaturePacks/StarterContent.upack' (chunk index -1, root 'root:/') mounted
[2022.01.22-18.17.38:984][  0]LogShaderLibrary: Display: ShaderCodeLibraryPakFileMountedCallback: pending pak file info (ChunkID:-1 Root:root:/ File:D:/UE_4.27/FeaturePacks/StarterContent.upack)
[2022.01.22-18.17.38:984][  0]LogPakFile: OnPakFileMounted2Time == 0.000042
[2022.01.22-18.17.38:985][  0]LogPakFile: PakFile PrimaryIndexSize=190
[2022.01.22-18.17.38:985][  0]LogPakFile: PakFile PathHashIndexSize=101
[2022.01.22-18.17.38:985][  0]LogPakFile: PakFile FullDirectoryIndexSize=154
[2022.01.22-18.17.38:985][  0]LogShaderLibrary: Display: ShaderCodeLibraryPakFileMountedCallback: PakFile 'D:/UE_4.27/FeaturePacks/TP_2DSideScroller.upack' (chunk index -1, root 'root:/') mounted
[2022.01.22-18.17.38:985][  0]LogShaderLibrary: Display: ShaderCodeLibraryPakFileMountedCallback: pending pak file info (ChunkID:-1 Root:root:/ File:D:/UE_4.27/FeaturePacks/TP_2DSideScroller.upack)
[2022.01.22-18.17.38:985][  0]LogPakFile: OnPakFileMounted2Time == 0.000034
[2022.01.22-18.17.38:986][  0]LogPakFile: PakFile PrimaryIndexSize=192
[2022.01.22-18.17.38:986][  0]LogPakFile: PakFile PathHashIndexSize=101
[2022.01.22-18.17.38:986][  0]LogPakFile: PakFile FullDirectoryIndexSize=158
[2022.01.22-18.17.38:986][  0]LogShaderLibrary: Display: ShaderCodeLibraryPakFileMountedCallback: PakFile 'D:/UE_4.27/FeaturePacks/TP_2DSideScrollerBP.upack' (chunk index -1, root 'root:/') mounted
[2022.01.22-18.17.38:986][  0]LogShaderLibrary: Display: ShaderCodeLibraryPakFileMountedCallback: pending pak file info (ChunkID:-1 Root:root:/ File:D:/UE_4.27/FeaturePacks/TP_2DSideScrollerBP.upack)
[2022.01.22-18.17.38:986][  0]LogPakFile: OnPakFileMounted2Time == 0.000044
[2022.01.22-18.17.38:987][  0]LogPakFile: PakFile PrimaryIndexSize=182
[2022.01.22-18.17.38:987][  0]LogPakFile: PakFile PathHashIndexSize=101
[2022.01.22-18.17.38:987][  0]LogPakFile: PakFile FullDirectoryIndexSize=138
[2022.01.22-18.17.38:987][  0]LogShaderLibrary: Display: ShaderCodeLibraryPakFileMountedCallback: PakFile 'D:/UE_4.27/FeaturePacks/TP_Flying.upack' (chunk index -1, root 'root:/') mounted
[2022.01.22-18.17.38:987][  0]LogShaderLibrary: Display: ShaderCodeLibraryPakFileMountedCallback: pending pak file info (ChunkID:-1 Root:root:/ File:D:/UE_4.27/FeaturePacks/TP_Flying.upack)
[2022.01.22-18.17.38:987][  0]LogPakFile: OnPakFileMounted2Time == 0.000033
[2022.01.22-18.17.38:987][  0]LogPakFile: PakFile PrimaryIndexSize=184
[2022.01.22-18.17.38:988][  0]LogPakFile: PakFile PathHashIndexSize=101
[2022.01.22-18.17.38:988][  0]LogPakFile: PakFile FullDirectoryIndexSize=142
[2022.01.22-18.17.38:988][  0]LogShaderLibrary: Display: ShaderCodeLibraryPakFileMountedCallback: PakFile 'D:/UE_4.27/FeaturePacks/TP_FlyingBP.upack' (chunk index -1, root 'root:/') mounted
[2022.01.22-18.17.38:988][  0]LogShaderLibrary: Display: ShaderCodeLibraryPakFileMountedCallback: pending pak file info (ChunkID:-1 Root:root:/ File:D:/UE_4.27/FeaturePacks/TP_FlyingBP.upack)
[2022.01.22-18.17.38:988][  0]LogPakFile: OnPakFileMounted2Time == 0.000033
[2022.01.22-18.17.38:988][  0]LogPakFile: PakFile PrimaryIndexSize=188
[2022.01.22-18.17.38:988][  0]LogPakFile: PakFile PathHashIndexSize=101
[2022.01.22-18.17.38:988][  0]LogPakFile: PakFile FullDirectoryIndexSize=150
[2022.01.22-18.17.38:988][  0]LogShaderLibrary: Display: ShaderCodeLibraryPakFileMountedCallback: PakFile 'D:/UE_4.27/FeaturePacks/TP_HandheldARBP.upack' (chunk index -1, root 'root:/') mounted
[2022.01.22-18.17.38:988][  0]LogShaderLibrary: Display: ShaderCodeLibraryPakFileMountedCallback: pending pak file info (ChunkID:-1 Root:root:/ File:D:/UE_4.27/FeaturePacks/TP_HandheldARBP.upack)
[2022.01.22-18.17.38:988][  0]LogPakFile: OnPakFileMounted2Time == 0.000033
[2022.01.22-18.17.38:989][  0]LogPakFile: PakFile PrimaryIndexSize=182
[2022.01.22-18.17.38:989][  0]LogPakFile: PakFile PathHashIndexSize=101
[2022.01.22-18.17.38:989][  0]LogPakFile: PakFile FullDirectoryIndexSize=138
[2022.01.22-18.17.38:989][  0]LogShaderLibrary: Display: ShaderCodeLibraryPakFileMountedCallback: PakFile 'D:/UE_4.27/FeaturePacks/TP_Puzzle.upack' (chunk index -1, root 'root:/') mounted
[2022.01.22-18.17.38:989][  0]LogShaderLibrary: Display: ShaderCodeLibraryPakFileMountedCallback: pending pak file info (ChunkID:-1 Root:root:/ File:D:/UE_4.27/FeaturePacks/TP_Puzzle.upack)
[2022.01.22-18.17.38:989][  0]LogPakFile: OnPakFileMounted2Time == 0.000033
[2022.01.22-18.17.38:990][  0]LogPakFile: PakFile PrimaryIndexSize=184
[2022.01.22-18.17.38:990][  0]LogPakFile: PakFile PathHashIndexSize=101
[2022.01.22-18.17.38:990][  0]LogPakFile: PakFile FullDirectoryIndexSize=142
[2022.01.22-18.17.38:990][  0]LogShaderLibrary: Display: ShaderCodeLibraryPakFileMountedCallback: PakFile 'D:/UE_4.27/FeaturePacks/TP_PuzzleBP.upack' (chunk index -1, root 'root:/') mounted
[2022.01.22-18.17.38:990][  0]LogShaderLibrary: Display: ShaderCodeLibraryPakFileMountedCallback: pending pak file info (ChunkID:-1 Root:root:/ File:D:/UE_4.27/FeaturePacks/TP_PuzzleBP.upack)
[2022.01.22-18.17.38:990][  0]LogPakFile: OnPakFileMounted2Time == 0.000033
[2022.01.22-18.17.38:991][  0]LogPakFile: PakFile PrimaryIndexSize=183
[2022.01.22-18.17.38:991][  0]LogPakFile: PakFile PathHashIndexSize=101
[2022.01.22-18.17.38:991][  0]LogPakFile: PakFile FullDirectoryIndexSize=140
[2022.01.22-18.17.38:991][  0]LogShaderLibrary: Display: ShaderCodeLibraryPakFileMountedCallback: PakFile 'D:/UE_4.27/FeaturePacks/TP_Rolling.upack' (chunk index -1, root 'root:/') mounted
[2022.01.22-18.17.38:991][  0]LogShaderLibrary: Display: ShaderCodeLibraryPakFileMountedCallback: pending pak file info (ChunkID:-1 Root:root:/ File:D:/UE_4.27/FeaturePacks/TP_Rolling.upack)
[2022.01.22-18.17.38:991][  0]LogPakFile: OnPakFileMounted2Time == 0.000032
[2022.01.22-18.17.38:992][  0]LogPakFile: PakFile PrimaryIndexSize=185
[2022.01.22-18.17.38:992][  0]LogPakFile: PakFile PathHashIndexSize=101
[2022.01.22-18.17.38:992][  0]LogPakFile: PakFile FullDirectoryIndexSize=144
[2022.01.22-18.17.38:992][  0]LogShaderLibrary: Display: ShaderCodeLibraryPakFileMountedCallback: PakFile 'D:/UE_4.27/FeaturePacks/TP_RollingBP.upack' (chunk index -1, root 'root:/') mounted
[2022.01.22-18.17.38:992][  0]LogShaderLibrary: Display: ShaderCodeLibraryPakFileMountedCallback: pending pak file info (ChunkID:-1 Root:root:/ File:D:/UE_4.27/FeaturePacks/TP_RollingBP.upack)
[2022.01.22-18.17.38:992][  0]LogPakFile: OnPakFileMounted2Time == 0.000038
[2022.01.22-18.17.38:993][  0]LogPakFile: PakFile PrimaryIndexSize=188
[2022.01.22-18.17.38:993][  0]LogPakFile: PakFile PathHashIndexSize=101
[2022.01.22-18.17.38:993][  0]LogPakFile: PakFile FullDirectoryIndexSize=150
[2022.01.22-18.17.38:993][  0]LogShaderLibrary: Display: ShaderCodeLibraryPakFileMountedCallback: PakFile 'D:/UE_4.27/FeaturePacks/TP_SideScroller.upack' (chunk index -1, root 'root:/') mounted
[2022.01.22-18.17.38:993][  0]LogShaderLibrary: Display: ShaderCodeLibraryPakFileMountedCallback: pending pak file info (ChunkID:-1 Root:root:/ File:D:/UE_4.27/FeaturePacks/TP_SideScroller.upack)
[2022.01.22-18.17.38:993][  0]LogPakFile: OnPakFileMounted2Time == 0.000032
[2022.01.22-18.17.38:993][  0]LogPakFile: PakFile PrimaryIndexSize=190
[2022.01.22-18.17.38:993][  0]LogPakFile: PakFile PathHashIndexSize=101
[2022.01.22-18.17.38:993][  0]LogPakFile: PakFile FullDirectoryIndexSize=154
[2022.01.22-18.17.38:993][  0]LogShaderLibrary: Display: ShaderCodeLibraryPakFileMountedCallback: PakFile 'D:/UE_4.27/FeaturePacks/TP_SideScrollerBP.upack' (chunk index -1, root 'root:/') mounted
[2022.01.22-18.17.38:993][  0]LogShaderLibrary: Display: ShaderCodeLibraryPakFileMountedCallback: pending pak file info (ChunkID:-1 Root:root:/ File:D:/UE_4.27/FeaturePacks/TP_SideScrollerBP.upack)
[2022.01.22-18.17.38:993][  0]LogPakFile: OnPakFileMounted2Time == 0.000034
[2022.01.22-18.17.38:994][  0]LogPakFile: PakFile PrimaryIndexSize=187
[2022.01.22-18.17.38:994][  0]LogPakFile: PakFile PathHashIndexSize=101
[2022.01.22-18.17.38:994][  0]LogPakFile: PakFile FullDirectoryIndexSize=148
[2022.01.22-18.17.38:994][  0]LogShaderLibrary: Display: ShaderCodeLibraryPakFileMountedCallback: PakFile 'D:/UE_4.27/FeaturePacks/TP_ThirdPerson.upack' (chunk index -1, root 'root:/') mounted
[2022.01.22-18.17.38:994][  0]LogShaderLibrary: Display: ShaderCodeLibraryPakFileMountedCallback: pending pak file info (ChunkID:-1 Root:root:/ File:D:/UE_4.27/FeaturePacks/TP_ThirdPerson.upack)
[2022.01.22-18.17.38:994][  0]LogPakFile: OnPakFileMounted2Time == 0.000035
[2022.01.22-18.17.38:995][  0]LogPakFile: PakFile PrimaryIndexSize=189
[2022.01.22-18.17.38:995][  0]LogPakFile: PakFile PathHashIndexSize=101
[2022.01.22-18.17.38:995][  0]LogPakFile: PakFile FullDirectoryIndexSize=152
[2022.01.22-18.17.38:995][  0]LogShaderLibrary: Display: ShaderCodeLibraryPakFileMountedCallback: PakFile 'D:/UE_4.27/FeaturePacks/TP_ThirdPersonBP.upack' (chunk index -1, root 'root:/') mounted
[2022.01.22-18.17.38:995][  0]LogShaderLibrary: Display: ShaderCodeLibraryPakFileMountedCallback: pending pak file info (ChunkID:-1 Root:root:/ File:D:/UE_4.27/FeaturePacks/TP_ThirdPersonBP.upack)
[2022.01.22-18.17.38:995][  0]LogPakFile: OnPakFileMounted2Time == 0.000032
[2022.01.22-18.17.38:996][  0]LogPakFile: PakFile PrimaryIndexSize=183
[2022.01.22-18.17.38:996][  0]LogPakFile: PakFile PathHashIndexSize=101
[2022.01.22-18.17.38:996][  0]LogPakFile: PakFile FullDirectoryIndexSize=140
[2022.01.22-18.17.38:996][  0]LogShaderLibrary: Display: ShaderCodeLibraryPakFileMountedCallback: PakFile 'D:/UE_4.27/FeaturePacks/TP_TopDown.upack' (chunk index -1, root 'root:/') mounted
[2022.01.22-18.17.38:996][  0]LogShaderLibrary: Display: ShaderCodeLibraryPakFileMountedCallback: pending pak file info (ChunkID:-1 Root:root:/ File:D:/UE_4.27/FeaturePacks/TP_TopDown.upack)
[2022.01.22-18.17.38:996][  0]LogPakFile: OnPakFileMounted2Time == 0.000038
[2022.01.22-18.17.38:997][  0]LogPakFile: PakFile PrimaryIndexSize=185
[2022.01.22-18.17.38:997][  0]LogPakFile: PakFile PathHashIndexSize=101
[2022.01.22-18.17.38:997][  0]LogPakFile: PakFile FullDirectoryIndexSize=144
[2022.01.22-18.17.38:997][  0]LogShaderLibrary: Display: ShaderCodeLibraryPakFileMountedCallback: PakFile 'D:/UE_4.27/FeaturePacks/TP_TopDownBP.upack' (chunk index -1, root 'root:/') mounted
[2022.01.22-18.17.38:997][  0]LogShaderLibrary: Display: ShaderCodeLibraryPakFileMountedCallback: pending pak file info (ChunkID:-1 Root:root:/ File:D:/UE_4.27/FeaturePacks/TP_TopDownBP.upack)
[2022.01.22-18.17.38:997][  0]LogPakFile: OnPakFileMounted2Time == 0.000036
[2022.01.22-18.17.38:997][  0]LogPakFile: PakFile PrimaryIndexSize=185
[2022.01.22-18.17.38:997][  0]LogPakFile: PakFile PathHashIndexSize=101
[2022.01.22-18.17.38:997][  0]LogPakFile: PakFile FullDirectoryIndexSize=144
[2022.01.22-18.17.38:997][  0]LogShaderLibrary: Display: ShaderCodeLibraryPakFileMountedCallback: PakFile 'D:/UE_4.27/FeaturePacks/TP_TwinStick.upack' (chunk index -1, root 'root:/') mounted
[2022.01.22-18.17.38:997][  0]LogShaderLibrary: Display: ShaderCodeLibraryPakFileMountedCallback: pending pak file info (ChunkID:-1 Root:root:/ File:D:/UE_4.27/FeaturePacks/TP_TwinStick.upack)
[2022.01.22-18.17.38:997][  0]LogPakFile: OnPakFileMounted2Time == 0.000033
[2022.01.22-18.17.38:998][  0]LogPakFile: PakFile PrimaryIndexSize=187
[2022.01.22-18.17.38:998][  0]LogPakFile: PakFile PathHashIndexSize=101
[2022.01.22-18.17.38:998][  0]LogPakFile: PakFile FullDirectoryIndexSize=148
[2022.01.22-18.17.38:998][  0]LogShaderLibrary: Display: ShaderCodeLibraryPakFileMountedCallback: PakFile 'D:/UE_4.27/FeaturePacks/TP_TwinStickBP.upack' (chunk index -1, root 'root:/') mounted
[2022.01.22-18.17.38:998][  0]LogShaderLibrary: Display: ShaderCodeLibraryPakFileMountedCallback: pending pak file info (ChunkID:-1 Root:root:/ File:D:/UE_4.27/FeaturePacks/TP_TwinStickBP.upack)
[2022.01.22-18.17.38:998][  0]LogPakFile: OnPakFileMounted2Time == 0.000039
[2022.01.22-18.17.38:999][  0]LogPakFile: PakFile PrimaryIndexSize=183
[2022.01.22-18.17.38:999][  0]LogPakFile: PakFile PathHashIndexSize=101
[2022.01.22-18.17.38:999][  0]LogPakFile: PakFile FullDirectoryIndexSize=140
[2022.01.22-18.17.38:999][  0]LogShaderLibrary: Display: ShaderCodeLibraryPakFileMountedCallback: PakFile 'D:/UE_4.27/FeaturePacks/TP_Vehicle.upack' (chunk index -1, root 'root:/') mounted
[2022.01.22-18.17.38:999][  0]LogShaderLibrary: Display: ShaderCodeLibraryPakFileMountedCallback: pending pak file info (ChunkID:-1 Root:root:/ File:D:/UE_4.27/FeaturePacks/TP_Vehicle.upack)
[2022.01.22-18.17.38:999][  0]LogPakFile: OnPakFileMounted2Time == 0.000032
[2022.01.22-18.17.39:000][  0]LogPakFile: PakFile PrimaryIndexSize=186
[2022.01.22-18.17.39:000][  0]LogPakFile: PakFile PathHashIndexSize=101
[2022.01.22-18.17.39:000][  0]LogPakFile: PakFile FullDirectoryIndexSize=146
[2022.01.22-18.17.39:000][  0]LogShaderLibrary: Display: ShaderCodeLibraryPakFileMountedCallback: PakFile 'D:/UE_4.27/FeaturePacks/TP_VehicleAdv.upack' (chunk index -1, root 'root:/') mounted
[2022.01.22-18.17.39:000][  0]LogShaderLibrary: Display: ShaderCodeLibraryPakFileMountedCallback: pending pak file info (ChunkID:-1 Root:root:/ File:D:/UE_4.27/FeaturePacks/TP_VehicleAdv.upack)
[2022.01.22-18.17.39:000][  0]LogPakFile: OnPakFileMounted2Time == 0.000036
[2022.01.22-18.17.39:001][  0]LogPakFile: PakFile PrimaryIndexSize=188
[2022.01.22-18.17.39:001][  0]LogPakFile: PakFile PathHashIndexSize=101
[2022.01.22-18.17.39:001][  0]LogPakFile: PakFile FullDirectoryIndexSize=150
[2022.01.22-18.17.39:001][  0]LogShaderLibrary: Display: ShaderCodeLibraryPakFileMountedCallback: PakFile 'D:/UE_4.27/FeaturePacks/TP_VehicleAdvBP.upack' (chunk index -1, root 'root:/') mounted
[2022.01.22-18.17.39:001][  0]LogShaderLibrary: Display: ShaderCodeLibraryPakFileMountedCallback: pending pak file info (ChunkID:-1 Root:root:/ File:D:/UE_4.27/FeaturePacks/TP_VehicleAdvBP.upack)
[2022.01.22-18.17.39:001][  0]LogPakFile: OnPakFileMounted2Time == 0.000033
[2022.01.22-18.17.39:001][  0]LogPakFile: PakFile PrimaryIndexSize=185
[2022.01.22-18.17.39:001][  0]LogPakFile: PakFile PathHashIndexSize=101
[2022.01.22-18.17.39:001][  0]LogPakFile: PakFile FullDirectoryIndexSize=144
[2022.01.22-18.17.39:001][  0]LogShaderLibrary: Display: ShaderCodeLibraryPakFileMountedCallback: PakFile 'D:/UE_4.27/FeaturePacks/TP_VehicleBP.upack' (chunk index -1, root 'root:/') mounted
[2022.01.22-18.17.39:001][  0]LogShaderLibrary: Display: ShaderCodeLibraryPakFileMountedCallback: pending pak file info (ChunkID:-1 Root:root:/ File:D:/UE_4.27/FeaturePacks/TP_VehicleBP.upack)
[2022.01.22-18.17.39:001][  0]LogPakFile: OnPakFileMounted2Time == 0.000037
[2022.01.22-18.17.39:002][  0]LogPakFile: PakFile PrimaryIndexSize=192
[2022.01.22-18.17.39:002][  0]LogPakFile: PakFile PathHashIndexSize=101
[2022.01.22-18.17.39:002][  0]LogPakFile: PakFile FullDirectoryIndexSize=158
[2022.01.22-18.17.39:002][  0]LogShaderLibrary: Display: ShaderCodeLibraryPakFileMountedCallback: PakFile 'D:/UE_4.27/FeaturePacks/TP_VirtualRealityBP.upack' (chunk index -1, root 'root:/') mounted
[2022.01.22-18.17.39:002][  0]LogShaderLibrary: Display: ShaderCodeLibraryPakFileMountedCallback: pending pak file info (ChunkID:-1 Root:root:/ File:D:/UE_4.27/FeaturePacks/TP_VirtualRealityBP.upack)
[2022.01.22-18.17.39:002][  0]LogPakFile: OnPakFileMounted2Time == 0.000036
[2022.01.22-18.17.39:058][  0]LogNativeClassHierarchy: Verbose: Native class hierarchy updated for 'AddContentDialog' in 0.0003 seconds. Added 0 classes and 0 folders.
[2022.01.22-18.17.39:060][  0]LogNativeClassHierarchy: Verbose: Native class hierarchy updated for 'SceneOutliner' in 0.0003 seconds. Added 2 classes and 0 folders.
[2022.01.22-18.17.39:098][  0]LogSlate: Took 0.000188 seconds to synchronously load lazily loaded font '../../../Engine/Content/Slate/Fonts/Roboto-Regular.ttf' (155K)
[2022.01.22-18.17.39:653][  0]LogSlate: Took 0.000182 seconds to synchronously load lazily loaded font '../../../Engine/Content/Editor/Slate/Fonts/FontAwesome.ttf' (139K)
[2022.01.22-18.17.39:653][  0]LogSlate: Took 0.000166 seconds to synchronously load lazily loaded font '../../../Engine/Content/Slate/Fonts/Roboto-Bold.ttf' (160K)
[2022.01.22-18.17.39:737][  0]LogRenderer: Reallocating scene render targets to support 1208x572 Format 10 NumSamples 1 (Frame:1).
[2022.01.22-18.17.39:790][  0]LogSlate: Took 0.000232 seconds to synchronously load lazily loaded font '../../../Engine/Content/Slate/Fonts/Roboto-Light.ttf' (167K)
[2022.01.22-18.17.39:872][  0]LogNativeClassHierarchy: Verbose: Native class hierarchy updated for 'HierarchicalLODOutliner' in 0.0003 seconds. Added 0 classes and 0 folders.
[2022.01.22-18.17.39:872][  0]LogInput: Warning: Action Jump uses invalid key OculusGo_Left_Trigger_Click.
[2022.01.22-18.17.39:872][  0]LogInput: Warning: Action Fire uses invalid key OculusGo_Left_Trackpad_Click.
[2022.01.22-18.17.39:872][  0]LogInput: Warning: Action ResetVR uses invalid key OculusGo_Left_Back_Click.
[2022.01.22-18.17.39:872][  0]LogInput: Warning: Use -RemoveInvalidKeys to remove instances of these keys from the action mapping.
[2022.01.22-18.17.39:872][  0]LogLoad: (Engine Initialization) Total time: 7.78 seconds
[2022.01.22-18.17.39:872][  0]LogLoad: (Engine Initialization) Total Blueprint compile time: 0.00 seconds
[2022.01.22-18.17.39:913][  0]LogAssetRegistry: Asset discovery search completed in 4.8706 seconds
[2022.01.22-18.17.39:918][  0]LogCollectionManager: Fixed up redirectors for 0 collections in 0.000004 seconds (updated 0 objects)
[2022.01.22-18.17.39:919][  0]LogContentStreaming: Texture pool size now 1000 MB
[2022.01.22-18.18.29:810][468]LogSlate: Window 'Editor Preferences' being destroyed
[2022.01.22-18.18.29:813][468]LogSlate: Window 'Editor Preferences' being destroyed
[2022.01.22-18.18.29:994][472]LogSlate: Took 0.000185 seconds to synchronously load lazily loaded font '../../../Engine/Content/Slate/Fonts/Roboto-Italic.ttf' (157K)
